<?xml version="1.0" encoding="UTF-8"?>
<robot generator="Robot 3.1.2 (Python 3.7.4 on win32)" generated="20200203 14:26:25.147" rpa="false">
<suite id="s1" name="TestCases" source="C:\Users\shivam.raghuwanshi\PycharmProjects\API_POC\TestCases">
<suite id="s1-s1" name="testCase1" source="C:\Users\shivam.raghuwanshi\PycharmProjects\API_POC\TestCases\testCase1.robot">
<test id="s1-s1-t1" name="1. Create URL array">
<kw name="1. Reading the CSV file and Creating the urls Variable" library="URLs">
<kw name="Read Csv File" library="csvLibrary">
<doc>This creates a keyword named "Read CSV File"</doc>
<arguments>
<arg>TestData/URLs.csv</arg>
</arguments>
<assign>
<var>${urls}</var>
</assign>
<msg timestamp="20200203 14:26:25.229" level="INFO">${urls} = [['https://bit.ly/2sDY4pl', 'https://bit.ly/2sDY4pl', 'https://bit.ly/2sDY4pl', 'https://bit.ly/2sDY4pl', 'https://bit.ly/2sDY4pl', 'https://bit.ly/2sDY4pl', 'https://bit.ly/2sDY4pl', 'https://bit.ly/...</msg>
<status status="PASS" starttime="20200203 14:26:25.229" endtime="20200203 14:26:25.229"></status>
</kw>
<kw name="Log" library="BuiltIn">
<doc>Logs the given message with the given level.</doc>
<arguments>
<arg>${urls}</arg>
</arguments>
<msg timestamp="20200203 14:26:25.229" level="INFO">[['https://bit.ly/2sDY4pl', 'https://bit.ly/2sDY4pl', 'https://bit.ly/2sDY4pl', 'https://bit.ly/2sDY4pl', 'https://bit.ly/2sDY4pl', 'https://bit.ly/2sDY4pl', 'https://bit.ly/2sDY4pl', 'https://bit.ly/2sDY4pl', 'https://bit.ly/2sDY4pl', 'https://bit.ly/2sDY4pl', 'https://bit.ly/2sDY4pl', 'https://bit.ly/2sDY4pl', 'https://bit.ly/2sDY4pl', 'https://bit.ly/2sDY4pl', 'https://bit.ly/2sDY4pl', 'https://bit.ly/2sDY4plhttps://bit.ly/2sDY4pl', 'https://bit.ly/2sDY4pl', 'https://bit.ly/2sDY4pl', 'https://bit.ly/2sDY4pl', 'https://bit.ly/2sDY4pl', 'https://bit.ly/2sDY4pl', 'https://bit.ly/2sDY4pl', 'https://bit.ly/2sDY4plhttps://bit.ly/2sDY4pl', 'https://bit.ly/2sDY4pl', 'https://bit.ly/2sDY4pl', 'https://bit.ly/2sDY4pl', 'https://bit.ly/2sDY4pl', 'https://bit.ly/2sDY4pl', 'https://bit.ly/2sDY4pl', 'https://bit.ly/2sDY4plhttps://bit.ly/2sDY4pl', 'https://bit.ly/2sDY4pl', 'https://bit.ly/2sDY4pl', 'https://bit.ly/2sDY4pl', 'https://bit.ly/2sDY4pl', 'https://bit.ly/2sDY4pl', 'https://bit.ly/2sDY4pl', 'https://bit.ly/2sDY4plhttps://bit.ly/2sDY4pl', 'https://bit.ly/2sDY4pl', 'https://bit.ly/2sDY4pl', 'https://bit.ly/2sDY4pl', 'https://bit.ly/2sDY4pl', 'https://bit.ly/2sDY4pl', 'https://bit.ly/2sDY4pl', 'https://bit.ly/2sDY4plhttps://bit.ly/2sDY4pl', 'https://bit.ly/2sDY4pl', 'https://bit.ly/2sDY4pl', 'https://bit.ly/2sDY4pl', 'https://bit.ly/2sDY4pl', 'https://bit.ly/2sDY4pl', 'https://bit.ly/2sDY4pl', 'https://bit.ly/2sDY4plhttps://bit.ly/2sDY4pl', 'https://bit.ly/2sDY4pl', 'https://bit.ly/2sDY4pl', 'https://bit.ly/2sDY4pl', 'https://bit.ly/2sDY4pl', 'https://bit.ly/2sDY4pl', 'https://bit.ly/2sDY4pl', 'https://bit.ly/2sDY4plhttps://bit.ly/2sDY4pl', 'https://bit.ly/2sDY4pl', 'https://bit.ly/2sDY4pl', 'https://bit.ly/2sDY4pl', 'https://bit.ly/2sDY4pl', 'https://bit.ly/2sDY4pl', 'https://bit.ly/2sDY4pl', 'https://bit.ly/2sDY4plhttps://bit.ly/2sDY4pl', 'https://bit.ly/2sDY4pl', 'https://bit.ly/2sDY4pl', 'https://bit.ly/2sDY4pl', 'https://bit.ly/2sDY4pl', 'https://bit.ly/2sDY4pl', 'https://bit.ly/2sDY4pl', 'https://bit.ly/2sDY4plhttps://bit.ly/2sDY4pl', 'https://bit.ly/2sDY4pl', 'https://bit.ly/2sDY4pl', 'https://bit.ly/2sDY4pl', 'https://bit.ly/2sDY4pl', 'https://bit.ly/2sDY4pl', 'https://bit.ly/2sDY4pl', 'https://bit.ly/2sDY4plhttps://bit.ly/2sDY4pl', 'https://bit.ly/2sDY4pl', 'https://bit.ly/2sDY4pl', 'https://bit.ly/2sDY4pl', 'https://bit.ly/2sDY4pl', 'https://bit.ly/2sDY4pl', 'https://bit.ly/2sDY4pl', 'https://bit.ly/2sDY4plhttps://bit.ly/2sDY4pl', 'https://bit.ly/2sDY4pl', 'https://bit.ly/2sDY4pl', 'https://bit.ly/2sDY4pl', 'https://bit.ly/2sDY4pl', 'https://bit.ly/2sDY4pl', 'https://bit.ly/2sDY4pl', 'https://bit.ly/2sDY4plhttps://bit.ly/2sDY4pl', 'https://bit.ly/2sDY4pl', 'https://bit.ly/2sDY4pl', 'https://bit.ly/2sDY4pl', 'https://bit.ly/2sDY4pl', 'https://bit.ly/2sDY4pl', 'https://bit.ly/2sDY4pl', 'https://bit.ly/2sDY4plhttps://bit.ly/2sDY4pl', 'https://bit.ly/2sDY4pl', 'https://bit.ly/2sDY4pl', 'https://bit.ly/2sDY4pl', 'https://bit.ly/2sDY4pl', 'https://bit.ly/2sDY4pl', 'https://bit.ly/2sDY4pl', 'https://bit.ly/2sDY4plhttps://bit.ly/2sDY4pl', 'https://bit.ly/2sDY4pl', 'https://bit.ly/2sDY4pl', 'https://bit.ly/2sDY4pl', 'https://bit.ly/2sDY4pl', 'https://bit.ly/2sDY4pl', 'https://bit.ly/2sDY4pl', 'https://bit.ly/2sDY4plhttps://bit.ly/2sDY4pl', 'https://bit.ly/2sDY4pl', 'https://bit.ly/2sDY4pl', 'https://bit.ly/2sDY4pl', 'https://bit.ly/2sDY4pl', 'https://bit.ly/2sDY4pl', 'https://bit.ly/2sDY4pl', 'https://bit.ly/2sDY4plhttps://bit.ly/2sDY4pl', 'https://bit.ly/2sDY4pl', 'https://bit.ly/2sDY4pl', 'https://bit.ly/2sDY4pl', 'https://bit.ly/2sDY4pl', 'https://bit.ly/2sDY4pl', 'https://bit.ly/2sDY4pl', 'https://bit.ly/2sDY4plhttps://bit.ly/2sDY4pl', 'https://bit.ly/2sDY4pl', 'https://bit.ly/2sDY4pl', 'https://bit.ly/2sDY4pl', 'https://bit.ly/2sDY4pl', 'https://bit.ly/2sDY4pl', 'https://bit.ly/2sDY4pl', 'https://bit.ly/2sDY4plhttps://bit.ly/2sDY4pl', 'https://bit.ly/2sDY4pl', 'https://bit.ly/2sDY4pl', 'https://bit.ly/2sDY4pl', 'https://bit.ly/2sDY4pl', 'https://bit.ly/2sDY4pl', 'https://bit.ly/2sDY4pl', 'https://bit.ly/2sDY4plhttps://bit.ly/2sDY4pl', 'https://bit.ly/2sDY4pl', 'https://bit.ly/2sDY4pl', 'https://bit.ly/2sDY4pl', 'https://bit.ly/2sDY4pl', 'https://bit.ly/2sDY4pl', 'https://bit.ly/2sDY4pl', 'https://bit.ly/2sDY4plhttps://bit.ly/2sDY4pl', 'https://bit.ly/2sDY4pl', 'https://bit.ly/2sDY4pl', 'https://bit.ly/2sDY4pl', 'https://bit.ly/2sDY4pl', 'https://bit.ly/2sDY4pl', 'https://bit.ly/2sDY4pl', 'https://bit.ly/2sDY4plhttps://bit.ly/2sDY4pl', 'https://bit.ly/2sDY4pl', 'https://bit.ly/2sDY4pl', 'https://bit.ly/2sDY4pl', 'https://bit.ly/2sDY4pl', 'https://bit.ly/2sDY4pl', 'https://bit.ly/2sDY4pl', 'https://bit.ly/2sDY4plhttps://bit.ly/2sDY4pl', 'https://bit.ly/2sDY4pl', 'https://bit.ly/2sDY4pl', 'https://bit.ly/2sDY4pl', 'https://bit.ly/2sDY4pl', 'https://bit.ly/2sDY4pl', 'https://bit.ly/2sDY4pl', 'https://bit.ly/2sDY4plhttps://bit.ly/2sDY4pl', 'https://bit.ly/2sDY4pl', 'https://bit.ly/2sDY4pl', 'https://bit.ly/2sDY4pl', 'https://bit.ly/2sDY4pl', 'https://bit.ly/2sDY4pl', 'https://bit.ly/2sDY4pl', 'https://bit.ly/2sDY4plhttps://bit.ly/2sDY4pl', 'https://bit.ly/2sDY4pl', 'https://bit.ly/2sDY4pl', 'https://bit.ly/2sDY4pl', 'https://bit.ly/2sDY4pl', 'https://bit.ly/2sDY4pl', 'https://bit.ly/2sDY4pl', 'https://bit.ly/2sDY4plhttps://bit.ly/2sDY4pl', 'https://bit.ly/2sDY4pl', 'https://bit.ly/2sDY4pl', 'https://bit.ly/2sDY4pl', 'https://bit.ly/2sDY4pl', 'https://bit.ly/2sDY4pl', 'https://bit.ly/2sDY4pl', 'https://bit.ly/2sDY4plhttps://bit.ly/2sDY4pl', 'https://bit.ly/2sDY4pl', 'https://bit.ly/2sDY4pl', 'https://bit.ly/2sDY4pl', 'https://bit.ly/2sDY4pl', 'https://bit.ly/2sDY4pl', 'https://bit.ly/2sDY4pl', 'https://bit.ly/2sDY4plhttps://bit.ly/2sDY4pl', 'https://bit.ly/2sDY4pl', 'https://bit.ly/2sDY4pl', 'https://bit.ly/2sDY4pl', 'https://bit.ly/2sDY4pl', 'https://bit.ly/2sDY4pl', 'https://bit.ly/2sDY4pl', 'https://bit.ly/2sDY4plhttps://bit.ly/2sDY4pl', 'https://bit.ly/2sDY4pl', 'https://bit.ly/2sDY4pl', 'https://bit.ly/2sDY4pl', 'https://bit.ly/2sDY4pl', 'https://bit.ly/2sDY4pl', 'https://bit.ly/2sDY4pl', 'https://bit.ly/2sDY4plhttps://bit.ly/2sDY4pl', 'https://bit.ly/2sDY4pl', 'https://bit.ly/2sDY4pl', 'https://bit.ly/2sDY4pl', 'https://bit.ly/2sDY4pl', 'https://bit.ly/2sDY4pl', 'https://bit.ly/2sDY4pl', 'https://bit.ly/2sDY4plhttps://bit.ly/2sDY4pl', 'https://bit.ly/2sDY4pl', 'https://bit.ly/2sDY4pl', 'https://bit.ly/2sDY4pl', 'https://bit.ly/2sDY4pl', 'https://bit.ly/2sDY4pl', 'https://bit.ly/2sDY4pl', 'https://bit.ly/2sDY4plhttps://bit.ly/2sDY4pl', 'https://bit.ly/2sDY4pl', 'https://bit.ly/2sDY4pl', 'https://bit.ly/2sDY4pl', 'https://bit.ly/2sDY4pl', 'https://bit.ly/2sDY4pl', 'https://bit.ly/2sDY4pl', 'https://bit.ly/2sDY4plhttps://bit.ly/2sDY4pl', 'https://bit.ly/2sDY4pl', 'https://bit.ly/2sDY4pl', 'https://bit.ly/2sDY4pl', 'https://bit.ly/2sDY4pl', 'https://bit.ly/2sDY4pl', 'https://bit.ly/2sDY4pl', 'https://bit.ly/2sDY4plhttps://bit.ly/2sDY4pl', 'https://bit.ly/2sDY4pl', 'https://bit.ly/2sDY4pl', 'https://bit.ly/2sDY4pl', 'https://bit.ly/2sDY4pl', 'https://bit.ly/2sDY4pl', 'https://bit.ly/2sDY4pl', 'https://bit.ly/2sDY4plhttps://bit.ly/2sDY4pl', 'https://bit.ly/2sDY4pl', 'https://bit.ly/2sDY4pl', 'https://bit.ly/2sDY4pl', 'https://bit.ly/2sDY4pl', 'https://bit.ly/2sDY4pl', 'https://bit.ly/2sDY4pl', 'https://bit.ly/2sDY4plhttps://bit.ly/2sDY4pl', 'https://bit.ly/2sDY4pl', 'https://bit.ly/2sDY4pl', 'https://bit.ly/2sDY4pl', 'https://bit.ly/2sDY4pl', 'https://bit.ly/2sDY4pl', 'https://bit.ly/2sDY4pl', 'https://bit.ly/2sDY4plhttps://bit.ly/2sDY4pl', 'https://bit.ly/2sDY4pl', 'https://bit.ly/2sDY4pl', 'https://bit.ly/2sDY4pl', 'https://bit.ly/2sDY4pl', 'https://bit.ly/2sDY4pl', 'https://bit.ly/2sDY4pl', 'https://bit.ly/2sDY4plhttps://bit.ly/2sDY4pl', 'https://bit.ly/2sDY4pl', 'https://bit.ly/2sDY4pl', 'https://bit.ly/2sDY4pl', 'https://bit.ly/2sDY4pl', 'https://bit.ly/2sDY4pl', 'https://bit.ly/2sDY4pl', 'https://bit.ly/2sDY4plhttps://bit.ly/2sDY4pl', 'https://bit.ly/2sDY4pl', 'https://bit.ly/2sDY4pl', 'https://bit.ly/2sDY4pl', 'https://bit.ly/2sDY4pl', 'https://bit.ly/2sDY4pl', 'https://bit.ly/2sDY4pl', 'https://bit.ly/2sDY4plhttps://bit.ly/2sDY4pl', 'https://bit.ly/2sDY4pl', 'https://bit.ly/2sDY4pl', 'https://bit.ly/2sDY4pl', 'https://bit.ly/2sDY4pl', 'https://bit.ly/2sDY4pl', 'https://bit.ly/2sDY4pl', 'https://bit.ly/2sDY4plhttps://bit.ly/2sDY4pl', 'https://bit.ly/2sDY4pl', 'https://bit.ly/2sDY4pl', 'https://bit.ly/2sDY4pl', 'https://bit.ly/2sDY4pl', 'https://bit.ly/2sDY4pl', 'https://bit.ly/2sDY4pl', 'https://bit.ly/2sDY4plhttps://bit.ly/2sDY4pl', 'https://bit.ly/2sDY4pl', 'https://bit.ly/2sDY4pl', 'https://bit.ly/2sDY4pl', 'https://bit.ly/2sDY4pl', 'https://bit.ly/2sDY4pl', 'https://bit.ly/2sDY4pl', 'https://bit.ly/2sDY4plhttps://bit.ly/2sDY4pl', 'https://bit.ly/2sDY4pl', 'https://bit.ly/2sDY4pl', 'https://bit.ly/2sDY4pl', 'https://bit.ly/2sDY4pl', 'https://bit.ly/2sDY4pl', 'https://bit.ly/2sDY4pl', 'https://bit.ly/2sDY4plhttps://bit.ly/2sDY4pl', 'https://bit.ly/2sDY4pl', 'https://bit.ly/2sDY4pl', 'https://bit.ly/2sDY4pl', 'https://bit.ly/2sDY4pl', 'https://bit.ly/2sDY4pl', 'https://bit.ly/2sDY4pl', 'https://bit.ly/2sDY4plhttps://bit.ly/2sDY4pl', 'https://bit.ly/2sDY4pl', 'https://bit.ly/2sDY4pl', 'https://bit.ly/2sDY4pl', 'https://bit.ly/2sDY4pl', 'https://bit.ly/2sDY4pl', 'https://bit.ly/2sDY4pl', 'https://bit.ly/2sDY4plhttps://bit.ly/2sDY4pl', 'https://bit.ly/2sDY4pl', 'https://bit.ly/2sDY4pl', 'https://bit.ly/2sDY4pl', 'https://bit.ly/2sDY4pl', 'https://bit.ly/2sDY4pl', 'https://bit.ly/2sDY4pl', 'https://bit.ly/2sDY4plhttps://bit.ly/2sDY4pl', 'https://bit.ly/2sDY4pl', 'https://bit.ly/2sDY4pl', 'https://bit.ly/2sDY4pl', 'https://bit.ly/2sDY4pl', 'https://bit.ly/2sDY4pl', 'https://bit.ly/2sDY4pl', 'https://bit.ly/2sDY4plhttps://bit.ly/2sDY4pl', 'https://bit.ly/2sDY4pl', 'https://bit.ly/2sDY4pl', 'https://bit.ly/2sDY4pl', 'https://bit.ly/2sDY4pl', 'https://bit.ly/2sDY4pl', 'https://bit.ly/2sDY4pl', 'https://bit.ly/2sDY4plhttps://bit.ly/2sDY4pl', 'https://bit.ly/2sDY4pl', 'https://bit.ly/2sDY4pl', 'https://bit.ly/2sDY4pl', 'https://bit.ly/2sDY4pl', 'https://bit.ly/2sDY4pl', 'https://bit.ly/2sDY4pl', 'https://bit.ly/2sDY4plhttps://bit.ly/2sDY4pl', 'https://bit.ly/2sDY4pl', 'https://bit.ly/2sDY4pl', 'https://bit.ly/2sDY4pl', 'https://bit.ly/2sDY4pl', 'https://bit.ly/2sDY4pl', 'https://bit.ly/2sDY4pl', 'https://bit.ly/2sDY4plhttps://bit.ly/2sDY4pl', 'https://bit.ly/2sDY4pl', 'https://bit.ly/2sDY4pl', 'https://bit.ly/2sDY4pl', 'https://bit.ly/2sDY4pl', 'https://bit.ly/2sDY4pl', 'https://bit.ly/2sDY4pl', 'https://bit.ly/2sDY4plhttps://bit.ly/2sDY4pl', 'https://bit.ly/2sDY4pl', 'https://bit.ly/2sDY4pl', 'https://bit.ly/2sDY4pl', 'https://bit.ly/2sDY4pl', 'https://bit.ly/2sDY4pl', 'https://bit.ly/2sDY4pl', 'https://bit.ly/2sDY4plhttps://bit.ly/2sDY4pl', 'https://bit.ly/2sDY4pl', 'https://bit.ly/2sDY4pl', 'https://bit.ly/2sDY4pl', 'https://bit.ly/2sDY4pl', 'https://bit.ly/2sDY4pl', 'https://bit.ly/2sDY4pl', 'https://bit.ly/2sDY4plhttps://bit.ly/2sDY4pl', 'https://bit.ly/2sDY4pl', 'https://bit.ly/2sDY4pl', 'https://bit.ly/2sDY4pl', 'https://bit.ly/2sDY4pl', 'https://bit.ly/2sDY4pl', 'https://bit.ly/2sDY4pl', 'https://bit.ly/2sDY4plhttps://bit.ly/2sDY4pl', 'https://bit.ly/2sDY4pl', 'https://bit.ly/2sDY4pl', 'https://bit.ly/2sDY4pl', 'https://bit.ly/2sDY4pl', 'https://bit.ly/2sDY4pl', 'https://bit.ly/2sDY4pl', 'https://bit.ly/2sDY4plhttps://bit.ly/2sDY4pl', 'https://bit.ly/2sDY4pl', 'https://bit.ly/2sDY4pl', 'https://bit.ly/2sDY4pl', 'https://bit.ly/2sDY4pl', 'https://bit.ly/2sDY4pl', 'https://bit.ly/2sDY4pl', 'https://bit.ly/2sDY4plhttps://bit.ly/2sDY4pl', 'https://bit.ly/2sDY4pl', 'https://bit.ly/2sDY4pl', 'https://bit.ly/2sDY4pl', 'https://bit.ly/2sDY4pl', 'https://bit.ly/2sDY4pl', 'https://bit.ly/2sDY4pl', 'https://bit.ly/2sDY4plhttps://bit.ly/2sDY4pl', 'https://bit.ly/2sDY4pl', 'https://bit.ly/2sDY4pl', 'https://bit.ly/2sDY4pl', 'https://bit.ly/2sDY4pl', 'https://bit.ly/2sDY4pl', 'https://bit.ly/2sDY4pl', 'https://bit.ly/2sDY4plhttps://bit.ly/2sDY4pl', 'https://bit.ly/2sDY4pl', 'https://bit.ly/2sDY4pl', 'https://bit.ly/2sDY4pl', 'https://bit.ly/2sDY4pl', 'https://bit.ly/2sDY4pl', 'https://bit.ly/2sDY4pl', 'https://bit.ly/2sDY4plhttps://bit.ly/2sDY4pl', 'https://bit.ly/2sDY4pl', 'https://bit.ly/2sDY4pl', 'https://bit.ly/2sDY4pl', 'https://bit.ly/2sDY4pl', 'https://bit.ly/2sDY4pl', 'https://bit.ly/2sDY4pl', 'https://bit.ly/2sDY4plhttps://bit.ly/2sDY4pl', 'https://bit.ly/2sDY4pl', 'https://bit.ly/2sDY4pl', 'https://bit.ly/2sDY4pl', 'https://bit.ly/2sDY4pl', 'https://bit.ly/2sDY4pl', 'https://bit.ly/2sDY4pl', 'https://bit.ly/2sDY4plhttps://bit.ly/2sDY4pl', 'https://bit.ly/2sDY4pl', 'https://bit.ly/2sDY4pl', 'https://bit.ly/2sDY4pl', 'https://bit.ly/2sDY4pl', 'https://bit.ly/2sDY4pl', 'https://bit.ly/2sDY4pl', 'https://bit.ly/2sDY4plhttps://bit.ly/2sDY4pl', 'https://bit.ly/2sDY4pl', 'https://bit.ly/2sDY4pl', 'https://bit.ly/2sDY4pl', 'https://bit.ly/2sDY4pl', 'https://bit.ly/2sDY4pl', 'https://bit.ly/2sDY4pl', 'https://bit.ly/2sDY4plhttps://bit.ly/2sDY4pl', 'https://bit.ly/2sDY4pl', 'https://bit.ly/2sDY4pl', 'https://bit.ly/2sDY4pl', 'https://bit.ly/2sDY4pl', 'https://bit.ly/2sDY4pl', 'https://bit.ly/2sDY4pl', 'https://bit.ly/2sDY4plhttps://bit.ly/2sDY4pl', 'https://bit.ly/2sDY4pl', 'https://bit.ly/2sDY4pl', 'https://bit.ly/2sDY4pl', 'https://bit.ly/2sDY4pl', 'https://bit.ly/2sDY4pl', 'https://bit.ly/2sDY4pl', 'https://bit.ly/2sDY4plhttps://bit.ly/2sDY4pl', 'https://bit.ly/2sDY4pl', 'https://bit.ly/2sDY4pl', 'https://bit.ly/2sDY4pl', 'https://bit.ly/2sDY4pl', 'https://bit.ly/2sDY4pl', 'https://bit.ly/2sDY4pl', 'https://bit.ly/2sDY4plhttps://bit.ly/2sDY4pl', 'https://bit.ly/2sDY4pl', 'https://bit.ly/2sDY4pl', 'https://bit.ly/2sDY4pl', 'https://bit.ly/2sDY4pl', 'https://bit.ly/2sDY4pl', 'https://bit.ly/2sDY4pl', 'https://bit.ly/2sDY4plhttps://bit.ly/2sDY4pl', 'https://bit.ly/2sDY4pl', 'https://bit.ly/2sDY4pl', 'https://bit.ly/2sDY4pl', 'https://bit.ly/2sDY4pl', 'https://bit.ly/2sDY4pl', 'https://bit.ly/2sDY4pl', 'https://bit.ly/2sDY4plhttps://bit.ly/2sDY4pl', 'https://bit.ly/2sDY4pl', 'https://bit.ly/2sDY4pl', 'https://bit.ly/2sDY4pl', 'https://bit.ly/2sDY4pl', 'https://bit.ly/2sDY4pl', 'https://bit.ly/2sDY4pl', 'https://bit.ly/2sDY4plhttps://bit.ly/2sDY4pl', 'https://bit.ly/2sDY4pl', 'https://bit.ly/2sDY4pl', 'https://bit.ly/2sDY4pl', 'https://bit.ly/2sDY4pl', 'https://bit.ly/2sDY4pl', 'https://bit.ly/2sDY4pl', 'https://bit.ly/2sDY4plhttps://bit.ly/2sDY4pl', 'https://bit.ly/2sDY4pl', 'https://bit.ly/2sDY4pl', 'https://bit.ly/2sDY4pl', 'https://bit.ly/2sDY4pl', 'https://bit.ly/2sDY4pl', 'https://bit.ly/2sDY4pl', 'https://bit.ly/2sDY4plhttps://bit.ly/2sDY4pl', 'https://bit.ly/2sDY4pl', 'https://bit.ly/2sDY4pl', 'https://bit.ly/2sDY4pl', 'https://bit.ly/2sDY4pl', 'https://bit.ly/2sDY4pl', 'https://bit.ly/2sDY4pl', 'https://bit.ly/2sDY4plhttps://bit.ly/2sDY4pl', 'https://bit.ly/2sDY4pl', 'https://bit.ly/2sDY4pl', 'https://bit.ly/2sDY4pl', 'https://bit.ly/2sDY4pl', 'https://bit.ly/2sDY4pl', 'https://bit.ly/2sDY4pl', 'https://bit.ly/2sDY4plhttps://bit.ly/2sDY4pl', 'https://bit.ly/2sDY4pl', 'https://bit.ly/2sDY4pl', 'https://bit.ly/2sDY4pl', 'https://bit.ly/2sDY4pl', 'https://bit.ly/2sDY4pl', 'https://bit.ly/2sDY4pl', 'https://bit.ly/2sDY4plhttps://bit.ly/2sDY4pl', 'https://bit.ly/2sDY4pl', 'https://bit.ly/2sDY4pl', 'https://bit.ly/2sDY4pl', 'https://bit.ly/2sDY4pl', 'https://bit.ly/2sDY4pl', 'https://bit.ly/2sDY4pl', 'https://bit.ly/2sDY4plhttps://bit.ly/2sDY4pl', 'https://bit.ly/2sDY4pl', 'https://bit.ly/2sDY4pl', 'https://bit.ly/2sDY4pl', 'https://bit.ly/2sDY4pl', 'https://bit.ly/2sDY4pl', 'https://bit.ly/2sDY4pl', 'https://bit.ly/2sDY4plhttps://bit.ly/2sDY4pl', 'https://bit.ly/2sDY4pl', 'https://bit.ly/2sDY4pl', 'https://bit.ly/2sDY4pl', 'https://bit.ly/2sDY4pl', 'https://bit.ly/2sDY4pl', 'https://bit.ly/2sDY4pl', 'https://bit.ly/2sDY4plhttps://bit.ly/2sDY4pl', 'https://bit.ly/2sDY4pl', 'https://bit.ly/2sDY4pl', 'https://bit.ly/2sDY4pl', 'https://bit.ly/2sDY4pl', 'https://bit.ly/2sDY4pl', 'https://bit.ly/2sDY4pl', 'https://bit.ly/2sDY4plhttps://bit.ly/2sDY4pl', 'https://bit.ly/2sDY4pl', 'https://bit.ly/2sDY4pl', 'https://bit.ly/2sDY4pl', 'https://bit.ly/2sDY4pl', 'https://bit.ly/2sDY4pl', 'https://bit.ly/2sDY4pl', 'https://bit.ly/2sDY4plhttps://bit.ly/2sDY4pl', 'https://bit.ly/2sDY4pl', 'https://bit.ly/2sDY4pl', 'https://bit.ly/2sDY4pl', 'https://bit.ly/2sDY4pl', 'https://bit.ly/2sDY4pl', 'https://bit.ly/2sDY4pl', 'https://bit.ly/2sDY4plhttps://bit.ly/2sDY4pl', 'https://bit.ly/2sDY4pl', 'https://bit.ly/2sDY4pl', 'https://bit.ly/2sDY4pl', 'https://bit.ly/2sDY4pl', 'https://bit.ly/2sDY4pl', 'https://bit.ly/2sDY4pl', 'https://bit.ly/2sDY4plhttps://bit.ly/2sDY4pl', 'https://bit.ly/2sDY4pl', 'https://bit.ly/2sDY4pl', 'https://bit.ly/2sDY4pl', 'https://bit.ly/2sDY4pl', 'https://bit.ly/2sDY4pl', 'https://bit.ly/2sDY4pl', 'https://bit.ly/2sDY4plhttps://bit.ly/2sDY4pl', 'https://bit.ly/2sDY4pl', 'https://bit.ly/2sDY4pl', 'https://bit.ly/2sDY4pl', 'https://bit.ly/2sDY4pl', 'https://bit.ly/2sDY4pl', 'https://bit.ly/2sDY4pl', 'https://bit.ly/2sDY4plhttps://bit.ly/2sDY4pl', 'https://bit.ly/2sDY4pl', 'https://bit.ly/2sDY4pl', 'https://bit.ly/2sDY4pl', 'https://bit.ly/2sDY4pl', 'https://bit.ly/2sDY4pl', 'https://bit.ly/2sDY4pl', 'https://bit.ly/2sDY4plhttps://bit.ly/2sDY4pl', 'https://bit.ly/2sDY4pl', 'https://bit.ly/2sDY4pl', 'https://bit.ly/2sDY4pl', 'https://bit.ly/2sDY4pl', 'https://bit.ly/2sDY4pl', 'https://bit.ly/2sDY4pl', 'https://bit.ly/2sDY4plhttps://bit.ly/2sDY4pl', 'https://bit.ly/2sDY4pl', 'https://bit.ly/2sDY4pl', 'https://bit.ly/2sDY4pl', 'https://bit.ly/2sDY4pl', 'https://bit.ly/2sDY4pl', 'https://bit.ly/2sDY4pl', 'https://bit.ly/2sDY4plhttps://bit.ly/2sDY4pl', 'https://bit.ly/2sDY4pl', 'https://bit.ly/2sDY4pl', 'https://bit.ly/2sDY4pl', 'https://bit.ly/2sDY4pl', 'https://bit.ly/2sDY4pl', 'https://bit.ly/2sDY4pl', 'https://bit.ly/2sDY4plhttps://bit.ly/2sDY4pl', 'https://bit.ly/2sDY4pl', 'https://bit.ly/2sDY4pl', 'https://bit.ly/2sDY4pl', 'https://bit.ly/2sDY4pl', 'https://bit.ly/2sDY4pl', 'https://bit.ly/2sDY4pl', 'https://bit.ly/2sDY4plhttps://bit.ly/2sDY4pl', 'https://bit.ly/2sDY4pl', 'https://bit.ly/2sDY4pl', 'https://bit.ly/2sDY4pl', 'https://bit.ly/2sDY4pl', 'https://bit.ly/2sDY4pl', 'https://bit.ly/2sDY4pl', 'https://bit.ly/2sDY4plhttps://bit.ly/2sDY4pl', 'https://bit.ly/2sDY4pl', 'https://bit.ly/2sDY4pl', 'https://bit.ly/2sDY4pl', 'https://bit.ly/2sDY4pl', 'https://bit.ly/2sDY4pl', 'https://bit.ly/2sDY4pl', 'https://bit.ly/2sDY4plhttps://bit.ly/2sDY4pl', 'https://bit.ly/2sDY4pl', 'https://bit.ly/2sDY4pl', 'https://bit.ly/2sDY4pl', 'https://bit.ly/2sDY4pl', 'https://bit.ly/2sDY4pl', 'https://bit.ly/2sDY4pl', 'https://bit.ly/2sDY4plhttps://bit.ly/2sDY4pl', 'https://bit.ly/2sDY4pl', 'https://bit.ly/2sDY4pl', 'https://bit.ly/2sDY4pl', 'https://bit.ly/2sDY4pl', 'https://bit.ly/2sDY4pl', 'https://bit.ly/2sDY4pl', 'https://bit.ly/2sDY4plhttps://bit.ly/2sDY4pl', 'https://bit.ly/2sDY4pl', 'https://bit.ly/2sDY4pl', 'https://bit.ly/2sDY4pl', 'https://bit.ly/2sDY4pl', 'https://bit.ly/2sDY4pl', 'https://bit.ly/2sDY4pl', 'https://bit.ly/2sDY4plhttps://bit.ly/2sDY4pl', 'https://bit.ly/2sDY4pl', 'https://bit.ly/2sDY4pl', 'https://bit.ly/2sDY4pl', 'https://bit.ly/2sDY4pl', 'https://bit.ly/2sDY4pl', 'https://bit.ly/2sDY4pl', 'https://bit.ly/2sDY4plhttps://bit.ly/2sDY4pl', 'https://bit.ly/2sDY4pl', 'https://bit.ly/2sDY4pl', 'https://bit.ly/2sDY4pl', 'https://bit.ly/2sDY4pl', 'https://bit.ly/2sDY4pl', 'https://bit.ly/2sDY4pl', 'https://bit.ly/2sDY4plhttps://bit.ly/2sDY4pl', 'https://bit.ly/2sDY4pl', 'https://bit.ly/2sDY4pl', 'https://bit.ly/2sDY4pl', 'https://bit.ly/2sDY4pl', 'https://bit.ly/2sDY4pl', 'https://bit.ly/2sDY4pl', 'https://bit.ly/2sDY4plhttps://bit.ly/2sDY4pl', 'https://bit.ly/2sDY4pl', 'https://bit.ly/2sDY4pl', 'https://bit.ly/2sDY4pl', 'https://bit.ly/2sDY4pl', 'https://bit.ly/2sDY4pl', 'https://bit.ly/2sDY4pl', 'https://bit.ly/2sDY4plhttps://bit.ly/2sDY4pl', 'https://bit.ly/2sDY4pl', 'https://bit.ly/2sDY4pl', 'https://bit.ly/2sDY4pl', 'https://bit.ly/2sDY4pl', 'https://bit.ly/2sDY4pl', 'https://bit.ly/2sDY4pl', 'https://bit.ly/2sDY4plhttps://bit.ly/2sDY4pl', 'https://bit.ly/2sDY4pl', 'https://bit.ly/2sDY4pl', 'https://bit.ly/2sDY4pl', 'https://bit.ly/2sDY4pl', 'https://bit.ly/2sDY4pl', 'https://bit.ly/2sDY4pl', 'https://bit.ly/2sDY4plhttps://bit.ly/2sDY4pl', 'https://bit.ly/2sDY4pl', 'https://bit.ly/2sDY4pl', 'https://bit.ly/2sDY4pl', 'https://bit.ly/2sDY4pl', 'https://bit.ly/2sDY4pl', 'https://bit.ly/2sDY4pl', 'https://bit.ly/2sDY4plhttps://bit.ly/2sDY4pl', 'https://bit.ly/2sDY4pl', 'https://bit.ly/2sDY4pl', 'https://bit.ly/2sDY4pl', 'https://bit.ly/2sDY4pl', 'https://bit.ly/2sDY4pl', 'https://bit.ly/2sDY4pl', 'https://bit.ly/2sDY4plhttps://bit.ly/2sDY4pl', 'https://bit.ly/2sDY4pl', 'https://bit.ly/2sDY4pl', 'https://bit.ly/2sDY4pl', 'https://bit.ly/2sDY4pl', 'https://bit.ly/2sDY4pl', 'https://bit.ly/2sDY4pl', 'https://bit.ly/2sDY4plhttps://bit.ly/2sDY4pl', 'https://bit.ly/2sDY4pl', 'https://bit.ly/2sDY4pl', 'https://bit.ly/2sDY4pl', 'https://bit.ly/2sDY4pl', 'https://bit.ly/2sDY4pl', 'https://bit.ly/2sDY4pl', 'https://bit.ly/2sDY4plhttps://bit.ly/2sDY4pl', 'https://bit.ly/2sDY4pl', 'https://bit.ly/2sDY4pl', 'https://bit.ly/2sDY4pl', 'https://bit.ly/2sDY4pl', 'https://bit.ly/2sDY4pl', 'https://bit.ly/2sDY4pl', 'https://bit.ly/2sDY4plhttps://bit.ly/2sDY4pl', 'https://bit.ly/2sDY4pl', 'https://bit.ly/2sDY4pl', 'https://bit.ly/2sDY4pl', 'https://bit.ly/2sDY4pl', 'https://bit.ly/2sDY4pl', 'https://bit.ly/2sDY4pl', 'https://bit.ly/2sDY4plhttps://bit.ly/2sDY4pl', 'https://bit.ly/2sDY4pl', 'https://bit.ly/2sDY4pl', 'https://bit.ly/2sDY4pl', 'https://bit.ly/2sDY4pl', 'https://bit.ly/2sDY4pl', 'https://bit.ly/2sDY4pl', 'https://bit.ly/2sDY4plhttps://bit.ly/2sDY4pl', 'https://bit.ly/2sDY4pl', 'https://bit.ly/2sDY4pl', 'https://bit.ly/2sDY4pl', 'https://bit.ly/2sDY4pl', 'https://bit.ly/2sDY4pl', 'https://bit.ly/2sDY4pl', 'https://bit.ly/2sDY4plhttps://bit.ly/2sDY4pl', 'https://bit.ly/2sDY4pl', 'https://bit.ly/2sDY4pl', 'https://bit.ly/2sDY4pl', 'https://bit.ly/2sDY4pl', 'https://bit.ly/2sDY4pl', 'https://bit.ly/2sDY4pl', 'https://bit.ly/2sDY4pl', 'https://bit.ly/2sDY4pl', 'https://bit.ly/2sDY4pl', 'https://bit.ly/2sDY4pl', 'https://bit.ly/2sDY4pl', 'https://bit.ly/2sDY4pl', 'https://bit.ly/2sDY4pl', 'https://bit.ly/2sDY4pl', 'https://bit.ly/2sDY4pl', 'https://bit.ly/2sDY4pl', 'https://bit.ly/2sDY4pl', 'https://bit.ly/2sDY4pl', 'https://bit.ly/2sDY4pl', 'https://bit.ly/2sDY4pl', 'https://bit.ly/2sDY4pl', 'https://bit.ly/2sDY4pl', 'https://bit.ly/2sDY4plhttps://bit.ly/2sDY4pl', 'https://bit.ly/2sDY4pl', 'https://bit.ly/2sDY4pl', 'https://bit.ly/2sDY4pl', 'https://bit.ly/2sDY4pl', 'https://bit.ly/2sDY4pl', 'https://bit.ly/2sDY4pl', 'https://bit.ly/2sDY4plhttps://bit.ly/2sDY4pl', 'https://bit.ly/2sDY4pl', 'https://bit.ly/2sDY4pl', 'https://bit.ly/2sDY4pl', 'https://bit.ly/2sDY4pl', 'https://bit.ly/2sDY4pl', 'https://bit.ly/2sDY4pl', 'https://bit.ly/2sDY4plhttps://bit.ly/2sDY4pl', 'https://bit.ly/2sDY4pl', 'https://bit.ly/2sDY4pl', 'https://bit.ly/2sDY4pl', 'https://bit.ly/2sDY4pl', 'https://bit.ly/2sDY4pl', 'https://bit.ly/2sDY4pl', 'https://bit.ly/2sDY4plhttps://bit.ly/2sDY4pl', 'https://bit.ly/2sDY4pl', 'https://bit.ly/2sDY4pl', 'https://bit.ly/2sDY4pl', 'https://bit.ly/2sDY4pl', 'https://bit.ly/2sDY4pl', 'https://bit.ly/2sDY4pl', 'https://bit.ly/2sDY4plhttps://bit.ly/2sDY4pl', 'https://bit.ly/2sDY4pl', 'https://bit.ly/2sDY4pl', 'https://bit.ly/2sDY4pl', 'https://bit.ly/2sDY4pl', 'https://bit.ly/2sDY4pl', 'https://bit.ly/2sDY4pl', 'https://bit.ly/2sDY4plhttps://bit.ly/2sDY4pl', 'https://bit.ly/2sDY4pl', 'https://bit.ly/2sDY4pl', 'https://bit.ly/2sDY4pl', 'https://bit.ly/2sDY4pl', 'https://bit.ly/2sDY4pl', 'https://bit.ly/2sDY4pl', 'https://bit.ly/2sDY4plhttps://bit.ly/2sDY4pl', 'https://bit.ly/2sDY4pl', 'https://bit.ly/2sDY4pl', 'https://bit.ly/2sDY4pl', 'https://bit.ly/2sDY4pl', 'https://bit.ly/2sDY4pl', 'https://bit.ly/2sDY4pl', 'https://bit.ly/2sDY4plhttps://bit.ly/2sDY4pl', 'https://bit.ly/2sDY4pl', 'https://bit.ly/2sDY4pl', 'https://bit.ly/2sDY4pl', 'https://bit.ly/2sDY4pl', 'https://bit.ly/2sDY4pl', 'https://bit.ly/2sDY4pl', 'https://bit.ly/2sDY4plhttps://bit.ly/2sDY4pl', 'https://bit.ly/2sDY4pl', 'https://bit.ly/2sDY4pl', 'https://bit.ly/2sDY4pl', 'https://bit.ly/2sDY4pl', 'https://bit.ly/2sDY4pl', 'https://bit.ly/2sDY4pl', 'https://bit.ly/2sDY4plhttps://bit.ly/2sDY4pl', 'https://bit.ly/2sDY4pl', 'https://bit.ly/2sDY4pl', 'https://bit.ly/2sDY4pl', 'https://bit.ly/2sDY4pl', 'https://bit.ly/2sDY4pl', 'https://bit.ly/2sDY4pl', 'https://bit.ly/2sDY4plhttps://bit.ly/2sDY4pl', 'https://bit.ly/2sDY4pl', 'https://bit.ly/2sDY4pl', 'https://bit.ly/2sDY4pl', 'https://bit.ly/2sDY4pl', 'https://bit.ly/2sDY4pl', 'https://bit.ly/2sDY4pl', 'https://bit.ly/2sDY4plhttps://bit.ly/2sDY4pl', 'https://bit.ly/2sDY4pl', 'https://bit.ly/2sDY4pl', 'https://bit.ly/2sDY4pl', 'https://bit.ly/2sDY4pl', 'https://bit.ly/2sDY4pl', 'https://bit.ly/2sDY4pl', 'https://bit.ly/2sDY4plhttps://bit.ly/2sDY4pl', 'https://bit.ly/2sDY4pl', 'https://bit.ly/2sDY4pl', 'https://bit.ly/2sDY4pl', 'https://bit.ly/2sDY4pl', 'https://bit.ly/2sDY4pl', 'https://bit.ly/2sDY4pl', 'https://bit.ly/2sDY4plhttps://bit.ly/2sDY4pl', 'https://bit.ly/2sDY4pl', 'https://bit.ly/2sDY4pl', 'https://bit.ly/2sDY4pl', 'https://bit.ly/2sDY4pl', 'https://bit.ly/2sDY4pl', 'https://bit.ly/2sDY4pl', 'https://bit.ly/2sDY4plhttps://bit.ly/2sDY4pl', 'https://bit.ly/2sDY4pl', 'https://bit.ly/2sDY4pl', 'https://bit.ly/2sDY4pl', 'https://bit.ly/2sDY4pl', 'https://bit.ly/2sDY4pl', 'https://bit.ly/2sDY4pl', 'https://bit.ly/2sDY4plhttps://bit.ly/2sDY4pl', 'https://bit.ly/2sDY4pl', 'https://bit.ly/2sDY4pl', 'https://bit.ly/2sDY4pl', 'https://bit.ly/2sDY4pl', 'https://bit.ly/2sDY4pl', 'https://bit.ly/2sDY4pl', 'https://bit.ly/2sDY4plhttps://bit.ly/2sDY4pl', 'https://bit.ly/2sDY4pl', 'https://bit.ly/2sDY4pl', 'https://bit.ly/2sDY4pl', 'https://bit.ly/2sDY4pl', 'https://bit.ly/2sDY4pl', 'https://bit.ly/2sDY4pl', 'https://bit.ly/2sDY4plhttps://bit.ly/2sDY4pl', 'https://bit.ly/2sDY4pl', 'https://bit.ly/2sDY4pl', 'https://bit.ly/2sDY4pl', 'https://bit.ly/2sDY4pl', 'https://bit.ly/2sDY4pl', 'https://bit.ly/2sDY4pl', 'https://bit.ly/2sDY4plhttps://bit.ly/2sDY4pl', 'https://bit.ly/2sDY4pl', 'https://bit.ly/2sDY4pl', 'https://bit.ly/2sDY4pl', 'https://bit.ly/2sDY4pl', 'https://bit.ly/2sDY4pl', 'https://bit.ly/2sDY4pl', 'https://bit.ly/2sDY4plhttps://bit.ly/2sDY4pl', 'https://bit.ly/2sDY4pl', 'https://bit.ly/2sDY4pl', 'https://bit.ly/2sDY4pl', 'https://bit.ly/2sDY4pl', 'https://bit.ly/2sDY4pl', 'https://bit.ly/2sDY4pl', 'https://bit.ly/2sDY4plhttps://bit.ly/2sDY4pl', 'https://bit.ly/2sDY4pl', 'https://bit.ly/2sDY4pl', 'https://bit.ly/2sDY4pl', 'https://bit.ly/2sDY4pl', 'https://bit.ly/2sDY4pl', 'https://bit.ly/2sDY4pl', 'https://bit.ly/2sDY4plhttps://bit.ly/2sDY4pl', 'https://bit.ly/2sDY4pl', 'https://bit.ly/2sDY4pl', 'https://bit.ly/2sDY4pl', 'https://bit.ly/2sDY4pl', 'https://bit.ly/2sDY4pl', 'https://bit.ly/2sDY4pl', 'https://bit.ly/2sDY4plhttps://bit.ly/2sDY4pl', 'https://bit.ly/2sDY4pl', 'https://bit.ly/2sDY4pl', 'https://bit.ly/2sDY4pl', 'https://bit.ly/2sDY4pl', 'https://bit.ly/2sDY4pl', 'https://bit.ly/2sDY4pl', 'https://bit.ly/2sDY4plhttps://bit.ly/2sDY4pl', 'https://bit.ly/2sDY4pl', 'https://bit.ly/2sDY4pl', 'https://bit.ly/2sDY4pl', 'https://bit.ly/2sDY4pl', 'https://bit.ly/2sDY4pl', 'https://bit.ly/2sDY4pl', 'https://bit.ly/2sDY4plhttps://bit.ly/2sDY4pl', 'https://bit.ly/2sDY4pl', 'https://bit.ly/2sDY4pl', 'https://bit.ly/2sDY4pl', 'https://bit.ly/2sDY4pl', 'https://bit.ly/2sDY4pl', 'https://bit.ly/2sDY4pl', 'https://bit.ly/2sDY4plhttps://bit.ly/2sDY4pl', 'https://bit.ly/2sDY4pl', 'https://bit.ly/2sDY4pl', 'https://bit.ly/2sDY4pl', 'https://bit.ly/2sDY4pl', 'https://bit.ly/2sDY4pl', 'https://bit.ly/2sDY4pl', 'https://bit.ly/2sDY4plhttps://bit.ly/2sDY4pl', 'https://bit.ly/2sDY4pl', 'https://bit.ly/2sDY4pl', 'https://bit.ly/2sDY4pl', 'https://bit.ly/2sDY4pl', 'https://bit.ly/2sDY4pl', 'https://bit.ly/2sDY4pl', 'https://bit.ly/2sDY4plhttps://bit.ly/2sDY4pl', 'https://bit.ly/2sDY4pl', 'https://bit.ly/2sDY4pl', 'https://bit.ly/2sDY4pl', 'https://bit.ly/2sDY4pl', 'https://bit.ly/2sDY4pl', 'https://bit.ly/2sDY4pl', 'https://bit.ly/2sDY4plhttps://bit.ly/2sDY4pl', 'https://bit.ly/2sDY4pl', 'https://bit.ly/2sDY4pl', 'https://bit.ly/2sDY4pl', 'https://bit.ly/2sDY4pl', 'https://bit.ly/2sDY4pl', 'https://bit.ly/2sDY4pl', 'https://bit.ly/2sDY4plhttps://bit.ly/2sDY4pl', 'https://bit.ly/2sDY4pl', 'https://bit.ly/2sDY4pl', 'https://bit.ly/2sDY4pl', 'https://bit.ly/2sDY4pl', 'https://bit.ly/2sDY4pl', 'https://bit.ly/2sDY4pl', 'https://bit.ly/2sDY4plhttps://bit.ly/2sDY4pl', 'https://bit.ly/2sDY4pl', 'https://bit.ly/2sDY4pl', 'https://bit.ly/2sDY4pl', 'https://bit.ly/2sDY4pl', 'https://bit.ly/2sDY4pl', 'https://bit.ly/2sDY4pl', 'https://bit.ly/2sDY4plhttps://bit.ly/2sDY4pl', 'https://bit.ly/2sDY4pl', 'https://bit.ly/2sDY4pl', 'https://bit.ly/2sDY4pl', 'https://bit.ly/2sDY4pl', 'https://bit.ly/2sDY4pl', 'https://bit.ly/2sDY4pl', 'https://bit.ly/2sDY4plhttps://bit.ly/2sDY4pl', 'https://bit.ly/2sDY4pl', 'https://bit.ly/2sDY4pl', 'https://bit.ly/2sDY4pl', 'https://bit.ly/2sDY4pl', 'https://bit.ly/2sDY4pl', 'https://bit.ly/2sDY4pl', 'https://bit.ly/2sDY4plhttps://bit.ly/2sDY4pl', 'https://bit.ly/2sDY4pl', 'https://bit.ly/2sDY4pl', 'https://bit.ly/2sDY4pl', 'https://bit.ly/2sDY4pl', 'https://bit.ly/2sDY4pl', 'https://bit.ly/2sDY4pl', 'https://bit.ly/2sDY4plhttps://bit.ly/2sDY4pl', 'https://bit.ly/2sDY4pl', 'https://bit.ly/2sDY4pl', 'https://bit.ly/2sDY4pl', 'https://bit.ly/2sDY4pl', 'https://bit.ly/2sDY4pl', 'https://bit.ly/2sDY4pl', 'https://bit.ly/2sDY4plhttps://bit.ly/2sDY4pl', 'https://bit.ly/2sDY4pl', 'https://bit.ly/2sDY4pl', 'https://bit.ly/2sDY4pl', 'https://bit.ly/2sDY4pl', 'https://bit.ly/2sDY4pl', 'https://bit.ly/2sDY4pl', 'https://bit.ly/2sDY4plhttps://bit.ly/2sDY4pl', 'https://bit.ly/2sDY4pl', 'https://bit.ly/2sDY4pl', 'https://bit.ly/2sDY4pl', 'https://bit.ly/2sDY4pl', 'https://bit.ly/2sDY4pl', 'https://bit.ly/2sDY4pl', 'https://bit.ly/2sDY4plhttps://bit.ly/2sDY4pl', 'https://bit.ly/2sDY4pl', 'https://bit.ly/2sDY4pl', 'https://bit.ly/2sDY4pl', 'https://bit.ly/2sDY4pl', 'https://bit.ly/2sDY4pl', 'https://bit.ly/2sDY4pl', 'https://bit.ly/2sDY4plhttps://bit.ly/2sDY4pl', 'https://bit.ly/2sDY4pl', 'https://bit.ly/2sDY4pl', 'https://bit.ly/2sDY4pl', 'https://bit.ly/2sDY4pl', 'https://bit.ly/2sDY4pl', 'https://bit.ly/2sDY4pl', 'https://bit.ly/2sDY4plhttps://bit.ly/2sDY4pl', 'https://bit.ly/2sDY4pl', 'https://bit.ly/2sDY4pl', 'https://bit.ly/2sDY4pl', 'https://bit.ly/2sDY4pl', 'https://bit.ly/2sDY4pl', 'https://bit.ly/2sDY4pl', 'https://bit.ly/2sDY4plhttps://bit.ly/2sDY4pl', 'https://bit.ly/2sDY4pl', 'https://bit.ly/2sDY4pl', 'https://bit.ly/2sDY4pl', 'https://bit.ly/2sDY4pl', 'https://bit.ly/2sDY4pl', 'https://bit.ly/2sDY4pl', 'https://bit.ly/2sDY4plhttps://bit.ly/2sDY4pl', 'https://bit.ly/2sDY4pl', 'https://bit.ly/2sDY4pl', 'https://bit.ly/2sDY4pl', 'https://bit.ly/2sDY4pl', 'https://bit.ly/2sDY4pl', 'https://bit.ly/2sDY4pl', 'https://bit.ly/2sDY4plhttps://bit.ly/2sDY4pl', 'https://bit.ly/2sDY4pl', 'https://bit.ly/2sDY4pl', 'https://bit.ly/2sDY4pl', 'https://bit.ly/2sDY4pl', 'https://bit.ly/2sDY4pl', 'https://bit.ly/2sDY4pl', 'https://bit.ly/2sDY4plhttps://bit.ly/2sDY4pl', 'https://bit.ly/2sDY4pl', 'https://bit.ly/2sDY4pl', 'https://bit.ly/2sDY4pl', 'https://bit.ly/2sDY4pl', 'https://bit.ly/2sDY4pl', 'https://bit.ly/2sDY4pl', 'https://bit.ly/2sDY4plhttps://bit.ly/2sDY4pl', 'https://bit.ly/2sDY4pl', 'https://bit.ly/2sDY4pl', 'https://bit.ly/2sDY4pl', 'https://bit.ly/2sDY4pl', 'https://bit.ly/2sDY4pl', 'https://bit.ly/2sDY4pl', 'https://bit.ly/2sDY4plhttps://bit.ly/2sDY4pl', 'https://bit.ly/2sDY4pl', 'https://bit.ly/2sDY4pl', 'https://bit.ly/2sDY4pl', 'https://bit.ly/2sDY4pl', 'https://bit.ly/2sDY4pl', 'https://bit.ly/2sDY4pl', 'https://bit.ly/2sDY4plhttps://bit.ly/2sDY4pl', 'https://bit.ly/2sDY4pl', 'https://bit.ly/2sDY4pl', 'https://bit.ly/2sDY4pl', 'https://bit.ly/2sDY4pl', 'https://bit.ly/2sDY4pl', 'https://bit.ly/2sDY4pl', 'https://bit.ly/2sDY4plhttps://bit.ly/2sDY4pl', 'https://bit.ly/2sDY4pl', 'https://bit.ly/2sDY4pl', 'https://bit.ly/2sDY4pl', 'https://bit.ly/2sDY4pl', 'https://bit.ly/2sDY4pl', 'https://bit.ly/2sDY4pl', 'https://bit.ly/2sDY4plhttps://bit.ly/2sDY4pl', 'https://bit.ly/2sDY4pl', 'https://bit.ly/2sDY4pl', 'https://bit.ly/2sDY4pl', 'https://bit.ly/2sDY4pl', 'https://bit.ly/2sDY4pl', 'https://bit.ly/2sDY4pl', 'https://bit.ly/2sDY4plhttps://bit.ly/2sDY4pl', 'https://bit.ly/2sDY4pl', 'https://bit.ly/2sDY4pl', 'https://bit.ly/2sDY4pl', 'https://bit.ly/2sDY4pl', 'https://bit.ly/2sDY4pl', 'https://bit.ly/2sDY4pl', 'https://bit.ly/2sDY4plhttps://bit.ly/2sDY4pl', 'https://bit.ly/2sDY4pl', 'https://bit.ly/2sDY4pl', 'https://bit.ly/2sDY4pl', 'https://bit.ly/2sDY4pl', 'https://bit.ly/2sDY4pl', 'https://bit.ly/2sDY4pl', 'https://bit.ly/2sDY4plhttps://bit.ly/2sDY4pl', 'https://bit.ly/2sDY4pl', 'https://bit.ly/2sDY4pl', 'https://bit.ly/2sDY4pl', 'https://bit.ly/2sDY4pl', 'https://bit.ly/2sDY4pl', 'https://bit.ly/2sDY4pl', 'https://bit.ly/2sDY4plhttps://bit.ly/2sDY4pl', 'https://bit.ly/2sDY4pl', 'https://bit.ly/2sDY4pl', 'https://bit.ly/2sDY4pl', 'https://bit.ly/2sDY4pl', 'https://bit.ly/2sDY4pl', 'https://bit.ly/2sDY4pl', 'https://bit.ly/2sDY4plhttps://bit.ly/2sDY4pl', 'https://bit.ly/2sDY4pl', 'https://bit.ly/2sDY4pl', 'https://bit.ly/2sDY4pl', 'https://bit.ly/2sDY4pl', 'https://bit.ly/2sDY4pl', 'https://bit.ly/2sDY4pl', 'https://bit.ly/2sDY4plhttps://bit.ly/2sDY4pl', 'https://bit.ly/2sDY4pl', 'https://bit.ly/2sDY4pl', 'https://bit.ly/2sDY4pl', 'https://bit.ly/2sDY4pl', 'https://bit.ly/2sDY4pl', 'https://bit.ly/2sDY4pl', 'https://bit.ly/2sDY4plhttps://bit.ly/2sDY4pl', 'https://bit.ly/2sDY4pl', 'https://bit.ly/2sDY4pl', 'https://bit.ly/2sDY4pl', 'https://bit.ly/2sDY4pl', 'https://bit.ly/2sDY4pl', 'https://bit.ly/2sDY4pl', 'https://bit.ly/2sDY4plhttps://bit.ly/2sDY4pl', 'https://bit.ly/2sDY4pl', 'https://bit.ly/2sDY4pl', 'https://bit.ly/2sDY4pl', 'https://bit.ly/2sDY4pl', 'https://bit.ly/2sDY4pl', 'https://bit.ly/2sDY4pl', 'https://bit.ly/2sDY4plhttps://bit.ly/2sDY4pl', 'https://bit.ly/2sDY4pl', 'https://bit.ly/2sDY4pl', 'https://bit.ly/2sDY4pl', 'https://bit.ly/2sDY4pl', 'https://bit.ly/2sDY4pl', 'https://bit.ly/2sDY4pl', 'https://bit.ly/2sDY4plhttps://bit.ly/2sDY4pl', 'https://bit.ly/2sDY4pl', 'https://bit.ly/2sDY4pl', 'https://bit.ly/2sDY4pl', 'https://bit.ly/2sDY4pl', 'https://bit.ly/2sDY4pl', 'https://bit.ly/2sDY4pl', 'https://bit.ly/2sDY4plhttps://bit.ly/2sDY4pl', 'https://bit.ly/2sDY4pl', 'https://bit.ly/2sDY4pl', 'https://bit.ly/2sDY4pl', 'https://bit.ly/2sDY4pl', 'https://bit.ly/2sDY4pl', 'https://bit.ly/2sDY4pl', 'https://bit.ly/2sDY4plhttps://bit.ly/2sDY4pl', 'https://bit.ly/2sDY4pl', 'https://bit.ly/2sDY4pl', 'https://bit.ly/2sDY4pl', 'https://bit.ly/2sDY4pl', 'https://bit.ly/2sDY4pl', 'https://bit.ly/2sDY4pl', 'https://bit.ly/2sDY4plhttps://bit.ly/2sDY4pl', 'https://bit.ly/2sDY4pl', 'https://bit.ly/2sDY4pl', 'https://bit.ly/2sDY4pl', 'https://bit.ly/2sDY4pl', 'https://bit.ly/2sDY4pl', 'https://bit.ly/2sDY4pl', 'https://bit.ly/2sDY4plhttps://bit.ly/2sDY4pl', 'https://bit.ly/2sDY4pl', 'https://bit.ly/2sDY4pl', 'https://bit.ly/2sDY4pl', 'https://bit.ly/2sDY4pl', 'https://bit.ly/2sDY4pl', 'https://bit.ly/2sDY4pl', 'https://bit.ly/2sDY4plhttps://bit.ly/2sDY4pl', 'https://bit.ly/2sDY4pl', 'https://bit.ly/2sDY4pl', 'https://bit.ly/2sDY4pl', 'https://bit.ly/2sDY4pl', 'https://bit.ly/2sDY4pl', 'https://bit.ly/2sDY4pl', 'https://bit.ly/2sDY4plhttps://bit.ly/2sDY4pl', 'https://bit.ly/2sDY4pl', 'https://bit.ly/2sDY4pl', 'https://bit.ly/2sDY4pl', 'https://bit.ly/2sDY4pl', 'https://bit.ly/2sDY4pl', 'https://bit.ly/2sDY4pl', 'https://bit.ly/2sDY4plhttps://bit.ly/2sDY4pl', 'https://bit.ly/2sDY4pl', 'https://bit.ly/2sDY4pl', 'https://bit.ly/2sDY4pl', 'https://bit.ly/2sDY4pl', 'https://bit.ly/2sDY4pl', 'https://bit.ly/2sDY4pl', 'https://bit.ly/2sDY4plhttps://bit.ly/2sDY4pl', 'https://bit.ly/2sDY4pl', 'https://bit.ly/2sDY4pl', 'https://bit.ly/2sDY4pl', 'https://bit.ly/2sDY4pl', 'https://bit.ly/2sDY4pl', 'https://bit.ly/2sDY4pl', 'https://bit.ly/2sDY4plhttps://bit.ly/2sDY4pl', 'https://bit.ly/2sDY4pl', 'https://bit.ly/2sDY4pl', 'https://bit.ly/2sDY4pl', 'https://bit.ly/2sDY4pl', 'https://bit.ly/2sDY4pl', 'https://bit.ly/2sDY4pl', 'https://bit.ly/2sDY4plhttps://bit.ly/2sDY4pl', 'https://bit.ly/2sDY4pl', 'https://bit.ly/2sDY4pl', 'https://bit.ly/2sDY4pl', 'https://bit.ly/2sDY4pl', 'https://bit.ly/2sDY4pl', 'https://bit.ly/2sDY4pl', 'https://bit.ly/2sDY4plhttps://bit.ly/2sDY4pl', 'https://bit.ly/2sDY4pl', 'https://bit.ly/2sDY4pl', 'https://bit.ly/2sDY4pl', 'https://bit.ly/2sDY4pl', 'https://bit.ly/2sDY4pl', 'https://bit.ly/2sDY4pl', 'https://bit.ly/2sDY4plhttps://bit.ly/2sDY4pl', 'https://bit.ly/2sDY4pl', 'https://bit.ly/2sDY4pl', 'https://bit.ly/2sDY4pl', 'https://bit.ly/2sDY4pl', 'https://bit.ly/2sDY4pl', 'https://bit.ly/2sDY4pl', 'https://bit.ly/2sDY4plhttps://bit.ly/2sDY4pl', 'https://bit.ly/2sDY4pl', 'https://bit.ly/2sDY4pl', 'https://bit.ly/2sDY4pl', 'https://bit.ly/2sDY4pl', 'https://bit.ly/2sDY4pl', 'https://bit.ly/2sDY4pl', 'https://bit.ly/2sDY4plhttps://bit.ly/2sDY4pl', 'https://bit.ly/2sDY4pl', 'https://bit.ly/2sDY4pl', 'https://bit.ly/2sDY4pl', 'https://bit.ly/2sDY4pl', 'https://bit.ly/2sDY4pl', 'https://bit.ly/2sDY4pl', 'https://bit.ly/2sDY4plhttps://bit.ly/2sDY4pl', 'https://bit.ly/2sDY4pl', 'https://bit.ly/2sDY4pl', 'https://bit.ly/2sDY4pl', 'https://bit.ly/2sDY4pl', 'https://bit.ly/2sDY4pl', 'https://bit.ly/2sDY4pl', 'https://bit.ly/2sDY4plhttps://bit.ly/2sDY4pl', 'https://bit.ly/2sDY4pl', 'https://bit.ly/2sDY4pl', 'https://bit.ly/2sDY4pl', 'https://bit.ly/2sDY4pl', 'https://bit.ly/2sDY4pl', 'https://bit.ly/2sDY4pl', 'https://bit.ly/2sDY4plhttps://bit.ly/2sDY4pl', 'https://bit.ly/2sDY4pl', 'https://bit.ly/2sDY4pl', 'https://bit.ly/2sDY4pl', 'https://bit.ly/2sDY4pl', 'https://bit.ly/2sDY4pl', 'https://bit.ly/2sDY4pl', 'https://bit.ly/2sDY4plhttps://bit.ly/2sDY4pl', 'https://bit.ly/2sDY4pl', 'https://bit.ly/2sDY4pl', 'https://bit.ly/2sDY4pl', 'https://bit.ly/2sDY4pl', 'https://bit.ly/2sDY4pl', 'https://bit.ly/2sDY4pl', 'https://bit.ly/2sDY4plhttps://bit.ly/2sDY4pl', 'https://bit.ly/2sDY4pl', 'https://bit.ly/2sDY4pl', 'https://bit.ly/2sDY4pl', 'https://bit.ly/2sDY4pl', 'https://bit.ly/2sDY4pl', 'https://bit.ly/2sDY4pl', 'https://bit.ly/2sDY4plhttps://bit.ly/2sDY4pl', 'https://bit.ly/2sDY4pl', 'https://bit.ly/2sDY4pl', 'https://bit.ly/2sDY4pl', 'https://bit.ly/2sDY4pl', 'https://bit.ly/2sDY4pl', 'https://bit.ly/2sDY4pl', 'https://bit.ly/2sDY4plhttps://bit.ly/2sDY4pl', 'https://bit.ly/2sDY4pl', 'https://bit.ly/2sDY4pl', 'https://bit.ly/2sDY4pl', 'https://bit.ly/2sDY4pl', 'https://bit.ly/2sDY4pl', 'https://bit.ly/2sDY4pl', 'https://bit.ly/2sDY4plhttps://bit.ly/2sDY4pl', 'https://bit.ly/2sDY4pl', 'https://bit.ly/2sDY4pl', 'https://bit.ly/2sDY4pl', 'https://bit.ly/2sDY4pl', 'https://bit.ly/2sDY4pl', 'https://bit.ly/2sDY4pl', 'https://bit.ly/2sDY4plhttps://bit.ly/2sDY4pl', 'https://bit.ly/2sDY4pl', 'https://bit.ly/2sDY4pl', 'https://bit.ly/2sDY4pl', 'https://bit.ly/2sDY4pl', 'https://bit.ly/2sDY4pl', 'https://bit.ly/2sDY4pl', 'https://bit.ly/2sDY4plhttps://bit.ly/2sDY4pl', 'https://bit.ly/2sDY4pl', 'https://bit.ly/2sDY4pl', 'https://bit.ly/2sDY4pl', 'https://bit.ly/2sDY4pl', 'https://bit.ly/2sDY4pl', 'https://bit.ly/2sDY4pl', 'https://bit.ly/2sDY4plhttps://bit.ly/2sDY4pl', 'https://bit.ly/2sDY4pl', 'https://bit.ly/2sDY4pl', 'https://bit.ly/2sDY4pl', 'https://bit.ly/2sDY4pl', 'https://bit.ly/2sDY4pl', 'https://bit.ly/2sDY4pl', 'https://bit.ly/2sDY4plhttps://bit.ly/2sDY4pl', 'https://bit.ly/2sDY4pl', 'https://bit.ly/2sDY4pl', 'https://bit.ly/2sDY4pl', 'https://bit.ly/2sDY4pl', 'https://bit.ly/2sDY4pl', 'https://bit.ly/2sDY4pl', 'https://bit.ly/2sDY4plhttps://bit.ly/2sDY4pl', 'https://bit.ly/2sDY4pl', 'https://bit.ly/2sDY4pl', 'https://bit.ly/2sDY4pl', 'https://bit.ly/2sDY4pl', 'https://bit.ly/2sDY4pl', 'https://bit.ly/2sDY4pl', 'https://bit.ly/2sDY4plhttps://bit.ly/2sDY4pl', 'https://bit.ly/2sDY4pl', 'https://bit.ly/2sDY4pl', 'https://bit.ly/2sDY4pl', 'https://bit.ly/2sDY4pl', 'https://bit.ly/2sDY4pl', 'https://bit.ly/2sDY4pl', 'https://bit.ly/2sDY4plhttps://bit.ly/2sDY4pl', 'https://bit.ly/2sDY4pl', 'https://bit.ly/2sDY4pl', 'https://bit.ly/2sDY4pl', 'https://bit.ly/2sDY4pl', 'https://bit.ly/2sDY4pl', 'https://bit.ly/2sDY4pl', 'https://bit.ly/2sDY4plhttps://bit.ly/2sDY4pl', 'https://bit.ly/2sDY4pl', 'https://bit.ly/2sDY4pl', 'https://bit.ly/2sDY4pl', 'https://bit.ly/2sDY4pl', 'https://bit.ly/2sDY4pl', 'https://bit.ly/2sDY4pl', 'https://bit.ly/2sDY4plhttps://bit.ly/2sDY4pl', 'https://bit.ly/2sDY4pl', 'https://bit.ly/2sDY4pl', 'https://bit.ly/2sDY4pl', 'https://bit.ly/2sDY4pl', 'https://bit.ly/2sDY4pl', 'https://bit.ly/2sDY4pl', 'https://bit.ly/2sDY4plhttps://bit.ly/2sDY4pl', 'https://bit.ly/2sDY4pl', 'https://bit.ly/2sDY4pl', 'https://bit.ly/2sDY4pl', 'https://bit.ly/2sDY4pl', 'https://bit.ly/2sDY4pl', 'https://bit.ly/2sDY4pl', 'https://bit.ly/2sDY4plhttps://bit.ly/2sDY4pl', 'https://bit.ly/2sDY4pl', 'https://bit.ly/2sDY4pl', 'https://bit.ly/2sDY4pl', 'https://bit.ly/2sDY4pl', 'https://bit.ly/2sDY4pl', 'https://bit.ly/2sDY4pl', 'https://bit.ly/2sDY4plhttps://bit.ly/2sDY4pl', 'https://bit.ly/2sDY4pl', 'https://bit.ly/2sDY4pl', 'https://bit.ly/2sDY4pl', 'https://bit.ly/2sDY4pl', 'https://bit.ly/2sDY4pl', 'https://bit.ly/2sDY4pl', 'https://bit.ly/2sDY4plhttps://bit.ly/2sDY4pl', 'https://bit.ly/2sDY4pl', 'https://bit.ly/2sDY4pl', 'https://bit.ly/2sDY4pl', 'https://bit.ly/2sDY4pl', 'https://bit.ly/2sDY4pl', 'https://bit.ly/2sDY4pl', 'https://bit.ly/2sDY4plhttps://bit.ly/2sDY4pl', 'https://bit.ly/2sDY4pl', 'https://bit.ly/2sDY4pl', 'https://bit.ly/2sDY4pl', 'https://bit.ly/2sDY4pl', 'https://bit.ly/2sDY4pl', 'https://bit.ly/2sDY4pl', 'https://bit.ly/2sDY4plhttps://bit.ly/2sDY4pl', 'https://bit.ly/2sDY4pl', 'https://bit.ly/2sDY4pl', 'https://bit.ly/2sDY4pl', 'https://bit.ly/2sDY4pl', 'https://bit.ly/2sDY4pl', 'https://bit.ly/2sDY4pl', 'https://bit.ly/2sDY4plhttps://bit.ly/2sDY4pl', 'https://bit.ly/2sDY4pl', 'https://bit.ly/2sDY4pl', 'https://bit.ly/2sDY4pl', 'https://bit.ly/2sDY4pl', 'https://bit.ly/2sDY4pl', 'https://bit.ly/2sDY4pl', 'https://bit.ly/2sDY4plhttps://bit.ly/2sDY4pl', 'https://bit.ly/2sDY4pl', 'https://bit.ly/2sDY4pl', 'https://bit.ly/2sDY4pl', 'https://bit.ly/2sDY4pl', 'https://bit.ly/2sDY4pl', 'https://bit.ly/2sDY4pl', 'https://bit.ly/2sDY4plhttps://bit.ly/2sDY4pl', 'https://bit.ly/2sDY4pl', 'https://bit.ly/2sDY4pl', 'https://bit.ly/2sDY4pl', 'https://bit.ly/2sDY4pl', 'https://bit.ly/2sDY4pl', 'https://bit.ly/2sDY4pl', 'https://bit.ly/2sDY4plhttps://bit.ly/2sDY4pl', 'https://bit.ly/2sDY4pl', 'https://bit.ly/2sDY4pl', 'https://bit.ly/2sDY4pl', 'https://bit.ly/2sDY4pl', 'https://bit.ly/2sDY4pl', 'https://bit.ly/2sDY4pl', 'https://bit.ly/2sDY4plhttps://bit.ly/2sDY4pl', 'https://bit.ly/2sDY4pl', 'https://bit.ly/2sDY4pl', 'https://bit.ly/2sDY4pl', 'https://bit.ly/2sDY4pl', 'https://bit.ly/2sDY4pl', 'https://bit.ly/2sDY4pl', 'https://bit.ly/2sDY4plhttps://bit.ly/2sDY4pl', 'https://bit.ly/2sDY4pl', 'https://bit.ly/2sDY4pl', 'https://bit.ly/2sDY4pl', 'https://bit.ly/2sDY4pl', 'https://bit.ly/2sDY4pl', 'https://bit.ly/2sDY4pl', 'https://bit.ly/2sDY4plhttps://bit.ly/2sDY4pl', 'https://bit.ly/2sDY4pl', 'https://bit.ly/2sDY4pl', 'https://bit.ly/2sDY4pl', 'https://bit.ly/2sDY4pl', 'https://bit.ly/2sDY4pl', 'https://bit.ly/2sDY4pl', 'https://bit.ly/2sDY4plhttps://bit.ly/2sDY4pl', 'https://bit.ly/2sDY4pl', 'https://bit.ly/2sDY4pl', 'https://bit.ly/2sDY4pl', 'https://bit.ly/2sDY4pl', 'https://bit.ly/2sDY4pl', 'https://bit.ly/2sDY4pl', 'https://bit.ly/2sDY4plhttps://bit.ly/2sDY4pl', 'https://bit.ly/2sDY4pl', 'https://bit.ly/2sDY4pl', 'https://bit.ly/2sDY4pl', 'https://bit.ly/2sDY4pl', 'https://bit.ly/2sDY4pl', 'https://bit.ly/2sDY4pl', 'https://bit.ly/2sDY4plhttps://bit.ly/2sDY4pl', 'https://bit.ly/2sDY4pl', 'https://bit.ly/2sDY4pl', 'https://bit.ly/2sDY4pl', 'https://bit.ly/2sDY4pl', 'https://bit.ly/2sDY4pl', 'https://bit.ly/2sDY4pl', 'https://bit.ly/2sDY4plhttps://bit.ly/2sDY4pl', 'https://bit.ly/2sDY4pl', 'https://bit.ly/2sDY4pl', 'https://bit.ly/2sDY4pl', 'https://bit.ly/2sDY4pl', 'https://bit.ly/2sDY4pl', 'https://bit.ly/2sDY4pl', 'https://bit.ly/2sDY4pl']]</msg>
<status status="PASS" starttime="20200203 14:26:25.229" endtime="20200203 14:26:25.229"></status>
</kw>
<status status="PASS" starttime="20200203 14:26:25.229" endtime="20200203 14:26:25.229"></status>
</kw>
<status status="PASS" starttime="20200203 14:26:25.229" endtime="20200203 14:26:25.229" critical="yes"></status>
</test>
<doc>This file will cover the user story</doc>
<status status="PASS" starttime="20200203 14:26:25.198" endtime="20200203 14:26:25.229"></status>
</suite>
<status status="PASS" starttime="20200203 14:26:25.159" endtime="20200203 14:26:25.229"></status>
</suite>
<statistics>
<total>
<stat pass="1" fail="0">Critical Tests</stat>
<stat pass="1" fail="0">All Tests</stat>
</total>
<tag>
</tag>
<suite>
<stat pass="1" fail="0" id="s1" name="TestCases">TestCases</stat>
<stat pass="1" fail="0" id="s1-s1" name="testCase1">TestCases.testCase1</stat>
</suite>
</statistics>
<errors>
</errors>
</robot>
