<?xml version="1.0" encoding="UTF-8"?>
<robot generator="Robot 3.1.2 (Python 3.7.4 on win32)" generated="20200206 19:17:17.761" rpa="false">
<suite id="s1" name="testCase1" source="C:\Users\shivam.raghuwanshi\PycharmProjects\API_POC\TestCases\testCase1.robot">
<test id="s1-t1" name="1. Array of all the URLs given in csv should get created and verifed">
<kw name="Initialize URL Array from CSV" library="generate_URLs">
<arguments>
<arg>${csv_path}</arg>
</arguments>
<kw name="Read Csv File" library="csvLibrary">
<doc>This creates a keyword named "Read CSV File"</doc>
<arguments>
<arg>${csv_path}</arg>
</arguments>
<assign>
<var>${urls}</var>
</assign>
<msg timestamp="20200206 19:17:18.503" level="INFO">${urls} = [['https://bit.ly/2MMhOhs', 'https://bit.ly/2MMhOhs', 'https://bit.ly/2MMhOhs', 'https://bit.ly/2MMhOhs', 'https://bit.ly/2MMhOhs', 'https://bit.ly/2MMhOhs', 'https://bit.ly/2MMhOhs', 'https://bit.ly/...</msg>
<status status="PASS" starttime="20200206 19:17:18.501" endtime="20200206 19:17:18.503"></status>
</kw>
<kw name="Set Global Variable" library="BuiltIn">
<doc>Makes a variable available globally in all tests and suites.</doc>
<arguments>
<arg>${urls}</arg>
</arguments>
<msg timestamp="20200206 19:17:18.504" level="INFO">${urls} = [['https://bit.ly/2MMhOhs', 'https://bit.ly/2MMhOhs', 'https://bit.ly/2MMhOhs', 'https://bit.ly/2MMhOhs', 'https://bit.ly/2MMhOhs', 'https://bit.ly/2MMhOhs', 'https://bit.ly/2MMhOhs', 'https://bit.ly/...</msg>
<status status="PASS" starttime="20200206 19:17:18.504" endtime="20200206 19:17:18.504"></status>
</kw>
<kw name="Flat Array" library="arrayProcessor">
<doc>This creates a keyword named "flat array"</doc>
<arguments>
<arg>${urls}</arg>
</arguments>
<assign>
<var>${urls}</var>
</assign>
<msg timestamp="20200206 19:17:18.504" level="INFO">${urls} = ['https://bit.ly/2MMhOhs', 'https://bit.ly/2MMhOhs', 'https://bit.ly/2MMhOhs', 'https://bit.ly/2MMhOhs', 'https://bit.ly/2MMhOhs', 'https://bit.ly/2MMhOhs', 'https://bit.ly/2MMhOhs', 'https://bit.ly/2...</msg>
<status status="PASS" starttime="20200206 19:17:18.504" endtime="20200206 19:17:18.505"></status>
</kw>
<kw name="Set Global Variable" library="BuiltIn">
<doc>Makes a variable available globally in all tests and suites.</doc>
<arguments>
<arg>${urls}</arg>
</arguments>
<msg timestamp="20200206 19:17:18.505" level="INFO">${urls} = ['https://bit.ly/2MMhOhs', 'https://bit.ly/2MMhOhs', 'https://bit.ly/2MMhOhs', 'https://bit.ly/2MMhOhs', 'https://bit.ly/2MMhOhs', 'https://bit.ly/2MMhOhs', 'https://bit.ly/2MMhOhs', 'https://bit.ly/2...</msg>
<status status="PASS" starttime="20200206 19:17:18.505" endtime="20200206 19:17:18.505"></status>
</kw>
<status status="PASS" starttime="20200206 19:17:18.500" endtime="20200206 19:17:18.505"></status>
</kw>
<kw name="URL Array verified" library="generate_URLs">
<arguments>
<arg>${csv_path}</arg>
</arguments>
<kw name="Verify Array" library="csvLibrary">
<doc>This creates a keyword "verify URL array"</doc>
<arguments>
<arg>${urls}</arg>
<arg>${csv_path}</arg>
</arguments>
<status status="PASS" starttime="20200206 19:17:18.506" endtime="20200206 19:17:18.507"></status>
</kw>
<status status="PASS" starttime="20200206 19:17:18.506" endtime="20200206 19:17:18.507"></status>
</kw>
<status status="PASS" starttime="20200206 19:17:18.500" endtime="20200206 19:17:18.508" critical="yes"></status>
</test>
<test id="s1-t2" name="2. Array URL distribution and corresponding Request-hit should get completed successfully">
<kw name="Create Multiple URL Arrays Instance" library="generate_URLs">
<arguments>
<arg>${batch_size}</arg>
</arguments>
<kw name="Reshape Array" library="arrayProcessor">
<doc>This creates a keyword named "url array list"</doc>
<arguments>
<arg>${urls}</arg>
<arg>${batch_size}</arg>
</arguments>
<assign>
<var>${reshape_urls}</var>
<var>${total_urls}</var>
<var>${number_arrays}</var>
<var>${size_of_array}</var>
</assign>
<msg timestamp="20200206 19:17:18.511" level="INFO">${reshape_urls} = [['https://bit.ly/2MMhOhs' 'https://bit.ly/2MMhOhs'
  'https://bit.ly/2MMhOhs' 'https://bit.ly/2MMhOhs'
  'https://bit.ly/2MMhOhs']
 ['https://bit.ly/2MMhOhs' 'https://bit.ly/2MMhOhs'
  'https://bit.l...</msg>
<msg timestamp="20200206 19:17:18.511" level="INFO">${total_urls} = 50</msg>
<msg timestamp="20200206 19:17:18.511" level="INFO">${number_arrays} = 10</msg>
<msg timestamp="20200206 19:17:18.511" level="INFO">${size_of_array} = 5</msg>
<status status="PASS" starttime="20200206 19:17:18.511" endtime="20200206 19:17:18.512"></status>
</kw>
<kw name="Set Global Variable" library="BuiltIn">
<doc>Makes a variable available globally in all tests and suites.</doc>
<arguments>
<arg>${reshape_urls}</arg>
</arguments>
<msg timestamp="20200206 19:17:18.512" level="INFO">${reshape_urls} = [['https://bit.ly/2MMhOhs' 'https://bit.ly/2MMhOhs'
  'https://bit.ly/2MMhOhs' 'https://bit.ly/2MMhOhs'
  'https://bit.ly/2MMhOhs']
 ['https://bit.ly/2MMhOhs' 'https://bit.ly/2MMhOhs'
  'https://bit.l...</msg>
<status status="PASS" starttime="20200206 19:17:18.512" endtime="20200206 19:17:18.512"></status>
</kw>
<kw name="Set Global Variable" library="BuiltIn">
<doc>Makes a variable available globally in all tests and suites.</doc>
<arguments>
<arg>${total_urls}</arg>
</arguments>
<msg timestamp="20200206 19:17:18.513" level="INFO">${total_urls} = 50</msg>
<status status="PASS" starttime="20200206 19:17:18.513" endtime="20200206 19:17:18.513"></status>
</kw>
<kw name="Set Global Variable" library="BuiltIn">
<doc>Makes a variable available globally in all tests and suites.</doc>
<arguments>
<arg>${number_arrays}</arg>
</arguments>
<msg timestamp="20200206 19:17:18.514" level="INFO">${number_arrays} = 10</msg>
<status status="PASS" starttime="20200206 19:17:18.513" endtime="20200206 19:17:18.514"></status>
</kw>
<kw name="Set Global Variable" library="BuiltIn">
<doc>Makes a variable available globally in all tests and suites.</doc>
<arguments>
<arg>${size_of_array}</arg>
</arguments>
<msg timestamp="20200206 19:17:18.514" level="INFO">${size_of_array} = 5</msg>
<status status="PASS" starttime="20200206 19:17:18.514" endtime="20200206 19:17:18.514"></status>
</kw>
<status status="PASS" starttime="20200206 19:17:18.510" endtime="20200206 19:17:18.514"></status>
</kw>
<kw name="Verify the Numbser of URL Arrays created" library="generate_URLs">
<kw name="Log To Console" library="BuiltIn">
<doc>Logs the given message to the console.</doc>
<arguments>
<arg>${total_urls}</arg>
</arguments>
<status status="PASS" starttime="20200206 19:17:18.516" endtime="20200206 19:17:18.516"></status>
</kw>
<kw name="Log To Console" library="BuiltIn">
<doc>Logs the given message to the console.</doc>
<arguments>
<arg>${number_arrays}</arg>
</arguments>
<status status="PASS" starttime="20200206 19:17:18.516" endtime="20200206 19:17:18.517"></status>
</kw>
<kw name="Log To Console" library="BuiltIn">
<doc>Logs the given message to the console.</doc>
<arguments>
<arg>${size_of_array}</arg>
</arguments>
<status status="PASS" starttime="20200206 19:17:18.517" endtime="20200206 19:17:18.517"></status>
</kw>
<status status="PASS" starttime="20200206 19:17:18.515" endtime="20200206 19:17:18.517"></status>
</kw>
<kw name="Sending Requests to the server" library="request_manager">
<kw name="Request Pre Processing" library="responseManager">
<doc>:param url_arrays:
:return:</doc>
<arguments>
<arg>${reshape_urls}</arg>
</arguments>
<assign>
<var>${request_segment}</var>
</assign>
<msg timestamp="20200206 19:18:02.651" level="INFO">Exception in thread Thread-2:
Traceback (most recent call last):
  File "C:\Users\shivam.raghuwanshi\AppData\Local\Programs\Python\Python37-32\lib\threading.py", line 926, in _bootstrap_inner
    self.run()
  File "C:\Users\shivam.raghuwanshi\AppData\Local\Programs\Python\Python37-32\lib\threading.py", line 870, in run
    self._target(*self._args, **self._kwargs)
  File "C:\Users\shivam.raghuwanshi\PycharmProjects\API_POC\PythonScripts\responseManager.py", line 72, in request_process
    for urls_item in url_segment[segment_num]:
IndexError: list index out of range</msg>
<msg timestamp="20200206 19:18:02.652" level="INFO">${request_segment} = (483200, 10800)</msg>
<status status="PASS" starttime="20200206 19:17:18.518" endtime="20200206 19:18:02.652"></status>
</kw>
<kw name="Log To Console" library="BuiltIn">
<doc>Logs the given message to the console.</doc>
<arguments>
<arg>${request_segment}</arg>
</arguments>
<status status="PASS" starttime="20200206 19:18:02.652" endtime="20200206 19:18:02.652"></status>
</kw>
<kw name="Log" library="BuiltIn">
<doc>Logs the given message with the given level.</doc>
<arguments>
<arg>${request_segment}</arg>
</arguments>
<msg timestamp="20200206 19:18:02.653" level="INFO">(483200, 10800)</msg>
<status status="PASS" starttime="20200206 19:18:02.653" endtime="20200206 19:18:02.653"></status>
</kw>
<status status="PASS" starttime="20200206 19:17:18.518" endtime="20200206 19:18:02.653"></status>
</kw>
<status status="PASS" starttime="20200206 19:17:18.509" endtime="20200206 19:18:02.654" critical="yes"></status>
</test>
<doc>This file will cover the user story</doc>
<status status="PASS" starttime="20200206 19:17:17.772" endtime="20200206 19:18:02.655"></status>
</suite>
<statistics>
<total>
<stat pass="2" fail="0">Critical Tests</stat>
<stat pass="2" fail="0">All Tests</stat>
</total>
<tag>
</tag>
<suite>
<stat pass="2" fail="0" id="s1" name="testCase1">testCase1</stat>
</suite>
</statistics>
<errors>
</errors>
</robot>
