<?xml version="1.0" encoding="UTF-8"?>
<robot generator="Robot 3.1.2 (Python 3.7.4 on win32)" generated="20200203 20:24:35.662" rpa="false">
<suite id="s1" name="TestCases" source="C:\Users\shivam.raghuwanshi\PycharmProjects\API_POC\TestCases">
<suite id="s1-s1" name="testCase1" source="C:\Users\shivam.raghuwanshi\PycharmProjects\API_POC\TestCases\testCase1.robot">
<test id="s1-s1-t1" name="1. Array of all the URLs given in csv should get created and verifed">
<kw name="Initialize Array from CSV" library="Create_URLs">
<arguments>
<arg>${csv_path}</arg>
</arguments>
<kw name="Read Csv File" library="csvLibrary">
<doc>This creates a keyword named "Read CSV File"</doc>
<arguments>
<arg>${csv_path}</arg>
</arguments>
<assign>
<var>${urls}</var>
</assign>
<msg timestamp="20200203 20:24:36.122" level="INFO">${urls} = [['https://bit.ly/2sDY4pl', 'https://bit.ly/2sDY4pl', 'https://bit.ly/2sDY4pl', 'https://bit.ly/2sDY4pl', 'https://bit.ly/2sDY4pl', 'https://bit.ly/2sDY4pl', 'https://bit.ly/2sDY4pl', 'https://bit.ly/...</msg>
<status status="PASS" starttime="20200203 20:24:36.118" endtime="20200203 20:24:36.122"></status>
</kw>
<kw name="Set Global Variable" library="BuiltIn">
<doc>Makes a variable available globally in all tests and suites.</doc>
<arguments>
<arg>${urls}</arg>
</arguments>
<msg timestamp="20200203 20:24:36.123" level="INFO">${urls} = [['https://bit.ly/2sDY4pl', 'https://bit.ly/2sDY4pl', 'https://bit.ly/2sDY4pl', 'https://bit.ly/2sDY4pl', 'https://bit.ly/2sDY4pl', 'https://bit.ly/2sDY4pl', 'https://bit.ly/2sDY4pl', 'https://bit.ly/...</msg>
<status status="PASS" starttime="20200203 20:24:36.122" endtime="20200203 20:24:36.123"></status>
</kw>
<kw name="Process Array" library="ArrayProcessor">
<doc>This creates a keyword named "process array"</doc>
<arguments>
<arg>${urls}</arg>
</arguments>
<assign>
<var>${urls}</var>
</assign>
<msg timestamp="20200203 20:24:36.124" level="INFO">${urls} = ['https://bit.ly/2sDY4pl', 'https://bit.ly/2sDY4pl', 'https://bit.ly/2sDY4pl', 'https://bit.ly/2sDY4pl', 'https://bit.ly/2sDY4pl', 'https://bit.ly/2sDY4pl', 'https://bit.ly/2sDY4pl', 'https://bit.ly/2...</msg>
<status status="PASS" starttime="20200203 20:24:36.123" endtime="20200203 20:24:36.124"></status>
</kw>
<kw name="Set Global Variable" library="BuiltIn">
<doc>Makes a variable available globally in all tests and suites.</doc>
<arguments>
<arg>${urls}</arg>
</arguments>
<msg timestamp="20200203 20:24:36.125" level="INFO">${urls} = ['https://bit.ly/2sDY4pl', 'https://bit.ly/2sDY4pl', 'https://bit.ly/2sDY4pl', 'https://bit.ly/2sDY4pl', 'https://bit.ly/2sDY4pl', 'https://bit.ly/2sDY4pl', 'https://bit.ly/2sDY4pl', 'https://bit.ly/2...</msg>
<status status="PASS" starttime="20200203 20:24:36.124" endtime="20200203 20:24:36.125"></status>
</kw>
<kw name="Log" library="BuiltIn">
<doc>Logs the given message with the given level.</doc>
<arguments>
<arg>${urls}</arg>
</arguments>
<msg timestamp="20200203 20:24:36.126" level="INFO">['https://bit.ly/2sDY4pl', 'https://bit.ly/2sDY4pl', 'https://bit.ly/2sDY4pl', 'https://bit.ly/2sDY4pl', 'https://bit.ly/2sDY4pl', 'https://bit.ly/2sDY4pl', 'https://bit.ly/2sDY4pl', 'https://bit.ly/2sDY4pl', 'https://bit.ly/2sDY4pl', 'https://bit.ly/2sDY4pl', 'https://bit.ly/2sDY4pl', 'https://bit.ly/2sDY4pl', 'https://bit.ly/2sDY4pl', 'https://bit.ly/2sDY4pl', 'https://bit.ly/2sDY4pl', 'https://bit.ly/2sDY4plhttps://bit.ly/2sDY4pl', 'https://bit.ly/2sDY4pl', 'https://bit.ly/2sDY4pl', 'https://bit.ly/2sDY4pl', 'https://bit.ly/2sDY4pl', 'https://bit.ly/2sDY4pl', 'https://bit.ly/2sDY4pl', 'https://bit.ly/2sDY4plhttps://bit.ly/2sDY4pl', 'https://bit.ly/2sDY4pl', 'https://bit.ly/2sDY4pl', 'https://bit.ly/2sDY4pl', 'https://bit.ly/2sDY4pl', 'https://bit.ly/2sDY4pl', 'https://bit.ly/2sDY4pl', 'https://bit.ly/2sDY4plhttps://bit.ly/2sDY4pl', 'https://bit.ly/2sDY4pl', 'https://bit.ly/2sDY4pl', 'https://bit.ly/2sDY4pl', 'https://bit.ly/2sDY4pl', 'https://bit.ly/2sDY4pl', 'https://bit.ly/2sDY4pl', 'https://bit.ly/2sDY4plhttps://bit.ly/2sDY4pl', 'https://bit.ly/2sDY4pl', 'https://bit.ly/2sDY4pl', 'https://bit.ly/2sDY4pl', 'https://bit.ly/2sDY4pl', 'https://bit.ly/2sDY4pl', 'https://bit.ly/2sDY4pl', 'https://bit.ly/2sDY4plhttps://bit.ly/2sDY4pl', 'https://bit.ly/2sDY4pl', 'https://bit.ly/2sDY4pl', 'https://bit.ly/2sDY4pl', 'https://bit.ly/2sDY4pl', 'https://bit.ly/2sDY4pl', 'https://bit.ly/2sDY4pl', 'https://bit.ly/2sDY4plhttps://bit.ly/2sDY4pl', 'https://bit.ly/2sDY4pl', 'https://bit.ly/2sDY4pl', 'https://bit.ly/2sDY4pl', 'https://bit.ly/2sDY4pl', 'https://bit.ly/2sDY4pl', 'https://bit.ly/2sDY4pl', 'https://bit.ly/2sDY4plhttps://bit.ly/2sDY4pl', 'https://bit.ly/2sDY4pl', 'https://bit.ly/2sDY4pl', 'https://bit.ly/2sDY4pl', 'https://bit.ly/2sDY4pl', 'https://bit.ly/2sDY4pl', 'https://bit.ly/2sDY4pl', 'https://bit.ly/2sDY4plhttps://bit.ly/2sDY4pl', 'https://bit.ly/2sDY4pl', 'https://bit.ly/2sDY4pl', 'https://bit.ly/2sDY4pl', 'https://bit.ly/2sDY4pl', 'https://bit.ly/2sDY4pl', 'https://bit.ly/2sDY4pl', 'https://bit.ly/2sDY4plhttps://bit.ly/2sDY4pl', 'https://bit.ly/2sDY4pl', 'https://bit.ly/2sDY4pl', 'https://bit.ly/2sDY4pl', 'https://bit.ly/2sDY4pl', 'https://bit.ly/2sDY4pl', 'https://bit.ly/2sDY4pl', 'https://bit.ly/2sDY4plhttps://bit.ly/2sDY4pl', 'https://bit.ly/2sDY4pl', 'https://bit.ly/2sDY4pl', 'https://bit.ly/2sDY4pl', 'https://bit.ly/2sDY4pl', 'https://bit.ly/2sDY4pl', 'https://bit.ly/2sDY4pl', 'https://bit.ly/2sDY4plhttps://bit.ly/2sDY4pl', 'https://bit.ly/2sDY4pl', 'https://bit.ly/2sDY4pl', 'https://bit.ly/2sDY4pl', 'https://bit.ly/2sDY4pl', 'https://bit.ly/2sDY4pl', 'https://bit.ly/2sDY4pl', 'https://bit.ly/2sDY4plhttps://bit.ly/2sDY4pl', 'https://bit.ly/2sDY4pl', 'https://bit.ly/2sDY4pl', 'https://bit.ly/2sDY4pl', 'https://bit.ly/2sDY4pl', 'https://bit.ly/2sDY4pl', 'https://bit.ly/2sDY4pl', 'https://bit.ly/2sDY4plhttps://bit.ly/2sDY4pl', 'https://bit.ly/2sDY4pl', 'https://bit.ly/2sDY4pl', 'https://bit.ly/2sDY4pl', 'https://bit.ly/2sDY4pl', 'https://bit.ly/2sDY4pl', 'https://bit.ly/2sDY4pl', 'https://bit.ly/2sDY4plhttps://bit.ly/2sDY4pl', 'https://bit.ly/2sDY4pl', 'https://bit.ly/2sDY4pl', 'https://bit.ly/2sDY4pl', 'https://bit.ly/2sDY4pl', 'https://bit.ly/2sDY4pl', 'https://bit.ly/2sDY4pl', 'https://bit.ly/2sDY4plhttps://bit.ly/2sDY4pl', 'https://bit.ly/2sDY4pl', 'https://bit.ly/2sDY4pl', 'https://bit.ly/2sDY4pl', 'https://bit.ly/2sDY4pl', 'https://bit.ly/2sDY4pl', 'https://bit.ly/2sDY4pl', 'https://bit.ly/2sDY4plhttps://bit.ly/2sDY4pl', 'https://bit.ly/2sDY4pl', 'https://bit.ly/2sDY4pl', 'https://bit.ly/2sDY4pl', 'https://bit.ly/2sDY4pl', 'https://bit.ly/2sDY4pl', 'https://bit.ly/2sDY4pl', 'https://bit.ly/2sDY4plhttps://bit.ly/2sDY4pl', 'https://bit.ly/2sDY4pl', 'https://bit.ly/2sDY4pl', 'https://bit.ly/2sDY4pl', 'https://bit.ly/2sDY4pl', 'https://bit.ly/2sDY4pl', 'https://bit.ly/2sDY4pl', 'https://bit.ly/2sDY4plhttps://bit.ly/2sDY4pl', 'https://bit.ly/2sDY4pl', 'https://bit.ly/2sDY4pl', 'https://bit.ly/2sDY4pl', 'https://bit.ly/2sDY4pl', 'https://bit.ly/2sDY4pl', 'https://bit.ly/2sDY4pl', 'https://bit.ly/2sDY4plhttps://bit.ly/2sDY4pl', 'https://bit.ly/2sDY4pl', 'https://bit.ly/2sDY4pl', 'https://bit.ly/2sDY4pl', 'https://bit.ly/2sDY4pl', 'https://bit.ly/2sDY4pl', 'https://bit.ly/2sDY4pl', 'https://bit.ly/2sDY4plhttps://bit.ly/2sDY4pl', 'https://bit.ly/2sDY4pl', 'https://bit.ly/2sDY4pl', 'https://bit.ly/2sDY4pl', 'https://bit.ly/2sDY4pl', 'https://bit.ly/2sDY4pl', 'https://bit.ly/2sDY4pl', 'https://bit.ly/2sDY4plhttps://bit.ly/2sDY4pl', 'https://bit.ly/2sDY4pl', 'https://bit.ly/2sDY4pl', 'https://bit.ly/2sDY4pl', 'https://bit.ly/2sDY4pl', 'https://bit.ly/2sDY4pl', 'https://bit.ly/2sDY4pl', 'https://bit.ly/2sDY4plhttps://bit.ly/2sDY4pl', 'https://bit.ly/2sDY4pl', 'https://bit.ly/2sDY4pl', 'https://bit.ly/2sDY4pl', 'https://bit.ly/2sDY4pl', 'https://bit.ly/2sDY4pl', 'https://bit.ly/2sDY4pl', 'https://bit.ly/2sDY4plhttps://bit.ly/2sDY4pl', 'https://bit.ly/2sDY4pl', 'https://bit.ly/2sDY4pl', 'https://bit.ly/2sDY4pl', 'https://bit.ly/2sDY4pl', 'https://bit.ly/2sDY4pl', 'https://bit.ly/2sDY4pl', 'https://bit.ly/2sDY4plhttps://bit.ly/2sDY4pl', 'https://bit.ly/2sDY4pl', 'https://bit.ly/2sDY4pl', 'https://bit.ly/2sDY4pl', 'https://bit.ly/2sDY4pl', 'https://bit.ly/2sDY4pl', 'https://bit.ly/2sDY4pl', 'https://bit.ly/2sDY4plhttps://bit.ly/2sDY4pl', 'https://bit.ly/2sDY4pl', 'https://bit.ly/2sDY4pl', 'https://bit.ly/2sDY4pl', 'https://bit.ly/2sDY4pl', 'https://bit.ly/2sDY4pl', 'https://bit.ly/2sDY4pl', 'https://bit.ly/2sDY4plhttps://bit.ly/2sDY4pl', 'https://bit.ly/2sDY4pl', 'https://bit.ly/2sDY4pl', 'https://bit.ly/2sDY4pl', 'https://bit.ly/2sDY4pl', 'https://bit.ly/2sDY4pl', 'https://bit.ly/2sDY4pl', 'https://bit.ly/2sDY4plhttps://bit.ly/2sDY4pl', 'https://bit.ly/2sDY4pl', 'https://bit.ly/2sDY4pl', 'https://bit.ly/2sDY4pl', 'https://bit.ly/2sDY4pl', 'https://bit.ly/2sDY4pl', 'https://bit.ly/2sDY4pl', 'https://bit.ly/2sDY4plhttps://bit.ly/2sDY4pl', 'https://bit.ly/2sDY4pl', 'https://bit.ly/2sDY4pl', 'https://bit.ly/2sDY4pl', 'https://bit.ly/2sDY4pl', 'https://bit.ly/2sDY4pl', 'https://bit.ly/2sDY4pl', 'https://bit.ly/2sDY4plhttps://bit.ly/2sDY4pl', 'https://bit.ly/2sDY4pl', 'https://bit.ly/2sDY4pl', 'https://bit.ly/2sDY4pl', 'https://bit.ly/2sDY4pl', 'https://bit.ly/2sDY4pl', 'https://bit.ly/2sDY4pl', 'https://bit.ly/2sDY4plhttps://bit.ly/2sDY4pl', 'https://bit.ly/2sDY4pl', 'https://bit.ly/2sDY4pl', 'https://bit.ly/2sDY4pl', 'https://bit.ly/2sDY4pl', 'https://bit.ly/2sDY4pl', 'https://bit.ly/2sDY4pl', 'https://bit.ly/2sDY4plhttps://bit.ly/2sDY4pl', 'https://bit.ly/2sDY4pl', 'https://bit.ly/2sDY4pl', 'https://bit.ly/2sDY4pl', 'https://bit.ly/2sDY4pl', 'https://bit.ly/2sDY4pl', 'https://bit.ly/2sDY4pl', 'https://bit.ly/2sDY4plhttps://bit.ly/2sDY4pl', 'https://bit.ly/2sDY4pl', 'https://bit.ly/2sDY4pl', 'https://bit.ly/2sDY4pl', 'https://bit.ly/2sDY4pl', 'https://bit.ly/2sDY4pl', 'https://bit.ly/2sDY4pl', 'https://bit.ly/2sDY4plhttps://bit.ly/2sDY4pl', 'https://bit.ly/2sDY4pl', 'https://bit.ly/2sDY4pl', 'https://bit.ly/2sDY4pl', 'https://bit.ly/2sDY4pl', 'https://bit.ly/2sDY4pl', 'https://bit.ly/2sDY4pl', 'https://bit.ly/2sDY4plhttps://bit.ly/2sDY4pl', 'https://bit.ly/2sDY4pl', 'https://bit.ly/2sDY4pl', 'https://bit.ly/2sDY4pl', 'https://bit.ly/2sDY4pl', 'https://bit.ly/2sDY4pl', 'https://bit.ly/2sDY4pl', 'https://bit.ly/2sDY4plhttps://bit.ly/2sDY4pl', 'https://bit.ly/2sDY4pl', 'https://bit.ly/2sDY4pl', 'https://bit.ly/2sDY4pl', 'https://bit.ly/2sDY4pl', 'https://bit.ly/2sDY4pl', 'https://bit.ly/2sDY4pl', 'https://bit.ly/2sDY4plhttps://bit.ly/2sDY4pl', 'https://bit.ly/2sDY4pl', 'https://bit.ly/2sDY4pl', 'https://bit.ly/2sDY4pl', 'https://bit.ly/2sDY4pl', 'https://bit.ly/2sDY4pl', 'https://bit.ly/2sDY4pl', 'https://bit.ly/2sDY4plhttps://bit.ly/2sDY4pl', 'https://bit.ly/2sDY4pl', 'https://bit.ly/2sDY4pl', 'https://bit.ly/2sDY4pl', 'https://bit.ly/2sDY4pl', 'https://bit.ly/2sDY4pl', 'https://bit.ly/2sDY4pl', 'https://bit.ly/2sDY4plhttps://bit.ly/2sDY4pl', 'https://bit.ly/2sDY4pl', 'https://bit.ly/2sDY4pl', 'https://bit.ly/2sDY4pl', 'https://bit.ly/2sDY4pl', 'https://bit.ly/2sDY4pl', 'https://bit.ly/2sDY4pl', 'https://bit.ly/2sDY4plhttps://bit.ly/2sDY4pl', 'https://bit.ly/2sDY4pl', 'https://bit.ly/2sDY4pl', 'https://bit.ly/2sDY4pl', 'https://bit.ly/2sDY4pl', 'https://bit.ly/2sDY4pl', 'https://bit.ly/2sDY4pl', 'https://bit.ly/2sDY4plhttps://bit.ly/2sDY4pl', 'https://bit.ly/2sDY4pl', 'https://bit.ly/2sDY4pl', 'https://bit.ly/2sDY4pl', 'https://bit.ly/2sDY4pl', 'https://bit.ly/2sDY4pl', 'https://bit.ly/2sDY4pl', 'https://bit.ly/2sDY4plhttps://bit.ly/2sDY4pl', 'https://bit.ly/2sDY4pl', 'https://bit.ly/2sDY4pl', 'https://bit.ly/2sDY4pl', 'https://bit.ly/2sDY4pl', 'https://bit.ly/2sDY4pl', 'https://bit.ly/2sDY4pl', 'https://bit.ly/2sDY4plhttps://bit.ly/2sDY4pl', 'https://bit.ly/2sDY4pl', 'https://bit.ly/2sDY4pl', 'https://bit.ly/2sDY4pl', 'https://bit.ly/2sDY4pl', 'https://bit.ly/2sDY4pl', 'https://bit.ly/2sDY4pl', 'https://bit.ly/2sDY4plhttps://bit.ly/2sDY4pl', 'https://bit.ly/2sDY4pl', 'https://bit.ly/2sDY4pl', 'https://bit.ly/2sDY4pl', 'https://bit.ly/2sDY4pl', 'https://bit.ly/2sDY4pl', 'https://bit.ly/2sDY4pl', 'https://bit.ly/2sDY4plhttps://bit.ly/2sDY4pl', 'https://bit.ly/2sDY4pl', 'https://bit.ly/2sDY4pl', 'https://bit.ly/2sDY4pl', 'https://bit.ly/2sDY4pl', 'https://bit.ly/2sDY4pl', 'https://bit.ly/2sDY4pl', 'https://bit.ly/2sDY4plhttps://bit.ly/2sDY4pl', 'https://bit.ly/2sDY4pl', 'https://bit.ly/2sDY4pl', 'https://bit.ly/2sDY4pl', 'https://bit.ly/2sDY4pl', 'https://bit.ly/2sDY4pl', 'https://bit.ly/2sDY4pl', 'https://bit.ly/2sDY4plhttps://bit.ly/2sDY4pl', 'https://bit.ly/2sDY4pl', 'https://bit.ly/2sDY4pl', 'https://bit.ly/2sDY4pl', 'https://bit.ly/2sDY4pl', 'https://bit.ly/2sDY4pl', 'https://bit.ly/2sDY4pl', 'https://bit.ly/2sDY4plhttps://bit.ly/2sDY4pl', 'https://bit.ly/2sDY4pl', 'https://bit.ly/2sDY4pl', 'https://bit.ly/2sDY4pl', 'https://bit.ly/2sDY4pl', 'https://bit.ly/2sDY4pl', 'https://bit.ly/2sDY4pl', 'https://bit.ly/2sDY4plhttps://bit.ly/2sDY4pl', 'https://bit.ly/2sDY4pl', 'https://bit.ly/2sDY4pl', 'https://bit.ly/2sDY4pl', 'https://bit.ly/2sDY4pl', 'https://bit.ly/2sDY4pl', 'https://bit.ly/2sDY4pl', 'https://bit.ly/2sDY4plhttps://bit.ly/2sDY4pl', 'https://bit.ly/2sDY4pl', 'https://bit.ly/2sDY4pl', 'https://bit.ly/2sDY4pl', 'https://bit.ly/2sDY4pl', 'https://bit.ly/2sDY4pl', 'https://bit.ly/2sDY4pl', 'https://bit.ly/2sDY4plhttps://bit.ly/2sDY4pl', 'https://bit.ly/2sDY4pl', 'https://bit.ly/2sDY4pl', 'https://bit.ly/2sDY4pl', 'https://bit.ly/2sDY4pl', 'https://bit.ly/2sDY4pl', 'https://bit.ly/2sDY4pl', 'https://bit.ly/2sDY4plhttps://bit.ly/2sDY4pl', 'https://bit.ly/2sDY4pl', 'https://bit.ly/2sDY4pl', 'https://bit.ly/2sDY4pl', 'https://bit.ly/2sDY4pl', 'https://bit.ly/2sDY4pl', 'https://bit.ly/2sDY4pl', 'https://bit.ly/2sDY4plhttps://bit.ly/2sDY4pl', 'https://bit.ly/2sDY4pl', 'https://bit.ly/2sDY4pl', 'https://bit.ly/2sDY4pl', 'https://bit.ly/2sDY4pl', 'https://bit.ly/2sDY4pl', 'https://bit.ly/2sDY4pl', 'https://bit.ly/2sDY4plhttps://bit.ly/2sDY4pl', 'https://bit.ly/2sDY4pl', 'https://bit.ly/2sDY4pl', 'https://bit.ly/2sDY4pl', 'https://bit.ly/2sDY4pl', 'https://bit.ly/2sDY4pl', 'https://bit.ly/2sDY4pl', 'https://bit.ly/2sDY4plhttps://bit.ly/2sDY4pl', 'https://bit.ly/2sDY4pl', 'https://bit.ly/2sDY4pl', 'https://bit.ly/2sDY4pl', 'https://bit.ly/2sDY4pl', 'https://bit.ly/2sDY4pl', 'https://bit.ly/2sDY4pl', 'https://bit.ly/2sDY4plhttps://bit.ly/2sDY4pl', 'https://bit.ly/2sDY4pl', 'https://bit.ly/2sDY4pl', 'https://bit.ly/2sDY4pl', 'https://bit.ly/2sDY4pl', 'https://bit.ly/2sDY4pl', 'https://bit.ly/2sDY4pl', 'https://bit.ly/2sDY4plhttps://bit.ly/2sDY4pl', 'https://bit.ly/2sDY4pl', 'https://bit.ly/2sDY4pl', 'https://bit.ly/2sDY4pl', 'https://bit.ly/2sDY4pl', 'https://bit.ly/2sDY4pl', 'https://bit.ly/2sDY4pl', 'https://bit.ly/2sDY4plhttps://bit.ly/2sDY4pl', 'https://bit.ly/2sDY4pl', 'https://bit.ly/2sDY4pl', 'https://bit.ly/2sDY4pl', 'https://bit.ly/2sDY4pl', 'https://bit.ly/2sDY4pl', 'https://bit.ly/2sDY4pl', 'https://bit.ly/2sDY4plhttps://bit.ly/2sDY4pl', 'https://bit.ly/2sDY4pl', 'https://bit.ly/2sDY4pl', 'https://bit.ly/2sDY4pl', 'https://bit.ly/2sDY4pl', 'https://bit.ly/2sDY4pl', 'https://bit.ly/2sDY4pl', 'https://bit.ly/2sDY4plhttps://bit.ly/2sDY4pl', 'https://bit.ly/2sDY4pl', 'https://bit.ly/2sDY4pl', 'https://bit.ly/2sDY4pl', 'https://bit.ly/2sDY4pl', 'https://bit.ly/2sDY4pl', 'https://bit.ly/2sDY4pl', 'https://bit.ly/2sDY4plhttps://bit.ly/2sDY4pl', 'https://bit.ly/2sDY4pl', 'https://bit.ly/2sDY4pl', 'https://bit.ly/2sDY4pl', 'https://bit.ly/2sDY4pl', 'https://bit.ly/2sDY4pl', 'https://bit.ly/2sDY4pl', 'https://bit.ly/2sDY4plhttps://bit.ly/2sDY4pl', 'https://bit.ly/2sDY4pl', 'https://bit.ly/2sDY4pl', 'https://bit.ly/2sDY4pl', 'https://bit.ly/2sDY4pl', 'https://bit.ly/2sDY4pl', 'https://bit.ly/2sDY4pl', 'https://bit.ly/2sDY4plhttps://bit.ly/2sDY4pl', 'https://bit.ly/2sDY4pl', 'https://bit.ly/2sDY4pl', 'https://bit.ly/2sDY4pl', 'https://bit.ly/2sDY4pl', 'https://bit.ly/2sDY4pl', 'https://bit.ly/2sDY4pl', 'https://bit.ly/2sDY4plhttps://bit.ly/2sDY4pl', 'https://bit.ly/2sDY4pl', 'https://bit.ly/2sDY4pl', 'https://bit.ly/2sDY4pl', 'https://bit.ly/2sDY4pl', 'https://bit.ly/2sDY4pl', 'https://bit.ly/2sDY4pl', 'https://bit.ly/2sDY4plhttps://bit.ly/2sDY4pl', 'https://bit.ly/2sDY4pl', 'https://bit.ly/2sDY4pl', 'https://bit.ly/2sDY4pl', 'https://bit.ly/2sDY4pl', 'https://bit.ly/2sDY4pl', 'https://bit.ly/2sDY4pl', 'https://bit.ly/2sDY4plhttps://bit.ly/2sDY4pl', 'https://bit.ly/2sDY4pl', 'https://bit.ly/2sDY4pl', 'https://bit.ly/2sDY4pl', 'https://bit.ly/2sDY4pl', 'https://bit.ly/2sDY4pl', 'https://bit.ly/2sDY4pl', 'https://bit.ly/2sDY4plhttps://bit.ly/2sDY4pl', 'https://bit.ly/2sDY4pl', 'https://bit.ly/2sDY4pl', 'https://bit.ly/2sDY4pl', 'https://bit.ly/2sDY4pl', 'https://bit.ly/2sDY4pl', 'https://bit.ly/2sDY4pl', 'https://bit.ly/2sDY4plhttps://bit.ly/2sDY4pl', 'https://bit.ly/2sDY4pl', 'https://bit.ly/2sDY4pl', 'https://bit.ly/2sDY4pl', 'https://bit.ly/2sDY4pl', 'https://bit.ly/2sDY4pl', 'https://bit.ly/2sDY4pl', 'https://bit.ly/2sDY4plhttps://bit.ly/2sDY4pl', 'https://bit.ly/2sDY4pl', 'https://bit.ly/2sDY4pl', 'https://bit.ly/2sDY4pl', 'https://bit.ly/2sDY4pl', 'https://bit.ly/2sDY4pl', 'https://bit.ly/2sDY4pl', 'https://bit.ly/2sDY4plhttps://bit.ly/2sDY4pl', 'https://bit.ly/2sDY4pl', 'https://bit.ly/2sDY4pl', 'https://bit.ly/2sDY4pl', 'https://bit.ly/2sDY4pl', 'https://bit.ly/2sDY4pl', 'https://bit.ly/2sDY4pl', 'https://bit.ly/2sDY4plhttps://bit.ly/2sDY4pl', 'https://bit.ly/2sDY4pl', 'https://bit.ly/2sDY4pl', 'https://bit.ly/2sDY4pl', 'https://bit.ly/2sDY4pl', 'https://bit.ly/2sDY4pl', 'https://bit.ly/2sDY4pl', 'https://bit.ly/2sDY4plhttps://bit.ly/2sDY4pl', 'https://bit.ly/2sDY4pl', 'https://bit.ly/2sDY4pl', 'https://bit.ly/2sDY4pl', 'https://bit.ly/2sDY4pl', 'https://bit.ly/2sDY4pl', 'https://bit.ly/2sDY4pl', 'https://bit.ly/2sDY4plhttps://bit.ly/2sDY4pl', 'https://bit.ly/2sDY4pl', 'https://bit.ly/2sDY4pl', 'https://bit.ly/2sDY4pl', 'https://bit.ly/2sDY4pl', 'https://bit.ly/2sDY4pl', 'https://bit.ly/2sDY4pl', 'https://bit.ly/2sDY4plhttps://bit.ly/2sDY4pl', 'https://bit.ly/2sDY4pl', 'https://bit.ly/2sDY4pl', 'https://bit.ly/2sDY4pl', 'https://bit.ly/2sDY4pl', 'https://bit.ly/2sDY4pl', 'https://bit.ly/2sDY4pl', 'https://bit.ly/2sDY4plhttps://bit.ly/2sDY4pl', 'https://bit.ly/2sDY4pl', 'https://bit.ly/2sDY4pl', 'https://bit.ly/2sDY4pl', 'https://bit.ly/2sDY4pl', 'https://bit.ly/2sDY4pl', 'https://bit.ly/2sDY4pl', 'https://bit.ly/2sDY4plhttps://bit.ly/2sDY4pl', 'https://bit.ly/2sDY4pl', 'https://bit.ly/2sDY4pl', 'https://bit.ly/2sDY4pl', 'https://bit.ly/2sDY4pl', 'https://bit.ly/2sDY4pl', 'https://bit.ly/2sDY4pl', 'https://bit.ly/2sDY4plhttps://bit.ly/2sDY4pl', 'https://bit.ly/2sDY4pl', 'https://bit.ly/2sDY4pl', 'https://bit.ly/2sDY4pl', 'https://bit.ly/2sDY4pl', 'https://bit.ly/2sDY4pl', 'https://bit.ly/2sDY4pl', 'https://bit.ly/2sDY4plhttps://bit.ly/2sDY4pl', 'https://bit.ly/2sDY4pl', 'https://bit.ly/2sDY4pl', 'https://bit.ly/2sDY4pl', 'https://bit.ly/2sDY4pl', 'https://bit.ly/2sDY4pl', 'https://bit.ly/2sDY4pl', 'https://bit.ly/2sDY4plhttps://bit.ly/2sDY4pl', 'https://bit.ly/2sDY4pl', 'https://bit.ly/2sDY4pl', 'https://bit.ly/2sDY4pl', 'https://bit.ly/2sDY4pl', 'https://bit.ly/2sDY4pl', 'https://bit.ly/2sDY4pl', 'https://bit.ly/2sDY4plhttps://bit.ly/2sDY4pl', 'https://bit.ly/2sDY4pl', 'https://bit.ly/2sDY4pl', 'https://bit.ly/2sDY4pl', 'https://bit.ly/2sDY4pl', 'https://bit.ly/2sDY4pl', 'https://bit.ly/2sDY4pl', 'https://bit.ly/2sDY4plhttps://bit.ly/2sDY4pl', 'https://bit.ly/2sDY4pl', 'https://bit.ly/2sDY4pl', 'https://bit.ly/2sDY4pl', 'https://bit.ly/2sDY4pl', 'https://bit.ly/2sDY4pl', 'https://bit.ly/2sDY4pl', 'https://bit.ly/2sDY4plhttps://bit.ly/2sDY4pl', 'https://bit.ly/2sDY4pl', 'https://bit.ly/2sDY4pl', 'https://bit.ly/2sDY4pl', 'https://bit.ly/2sDY4pl', 'https://bit.ly/2sDY4pl', 'https://bit.ly/2sDY4pl', 'https://bit.ly/2sDY4plhttps://bit.ly/2sDY4pl', 'https://bit.ly/2sDY4pl', 'https://bit.ly/2sDY4pl', 'https://bit.ly/2sDY4pl', 'https://bit.ly/2sDY4pl', 'https://bit.ly/2sDY4pl', 'https://bit.ly/2sDY4pl', 'https://bit.ly/2sDY4plhttps://bit.ly/2sDY4pl', 'https://bit.ly/2sDY4pl', 'https://bit.ly/2sDY4pl', 'https://bit.ly/2sDY4pl', 'https://bit.ly/2sDY4pl', 'https://bit.ly/2sDY4pl', 'https://bit.ly/2sDY4pl', 'https://bit.ly/2sDY4plhttps://bit.ly/2sDY4pl', 'https://bit.ly/2sDY4pl', 'https://bit.ly/2sDY4pl', 'https://bit.ly/2sDY4pl', 'https://bit.ly/2sDY4pl', 'https://bit.ly/2sDY4pl', 'https://bit.ly/2sDY4pl', 'https://bit.ly/2sDY4plhttps://bit.ly/2sDY4pl', 'https://bit.ly/2sDY4pl', 'https://bit.ly/2sDY4pl', 'https://bit.ly/2sDY4pl', 'https://bit.ly/2sDY4pl', 'https://bit.ly/2sDY4pl', 'https://bit.ly/2sDY4pl', 'https://bit.ly/2sDY4plhttps://bit.ly/2sDY4pl', 'https://bit.ly/2sDY4pl', 'https://bit.ly/2sDY4pl', 'https://bit.ly/2sDY4pl', 'https://bit.ly/2sDY4pl', 'https://bit.ly/2sDY4pl', 'https://bit.ly/2sDY4pl', 'https://bit.ly/2sDY4plhttps://bit.ly/2sDY4pl', 'https://bit.ly/2sDY4pl', 'https://bit.ly/2sDY4pl', 'https://bit.ly/2sDY4pl', 'https://bit.ly/2sDY4pl', 'https://bit.ly/2sDY4pl', 'https://bit.ly/2sDY4pl', 'https://bit.ly/2sDY4plhttps://bit.ly/2sDY4pl', 'https://bit.ly/2sDY4pl', 'https://bit.ly/2sDY4pl', 'https://bit.ly/2sDY4pl', 'https://bit.ly/2sDY4pl', 'https://bit.ly/2sDY4pl', 'https://bit.ly/2sDY4pl', 'https://bit.ly/2sDY4plhttps://bit.ly/2sDY4pl', 'https://bit.ly/2sDY4pl', 'https://bit.ly/2sDY4pl', 'https://bit.ly/2sDY4pl', 'https://bit.ly/2sDY4pl', 'https://bit.ly/2sDY4pl', 'https://bit.ly/2sDY4pl', 'https://bit.ly/2sDY4plhttps://bit.ly/2sDY4pl', 'https://bit.ly/2sDY4pl', 'https://bit.ly/2sDY4pl', 'https://bit.ly/2sDY4pl', 'https://bit.ly/2sDY4pl', 'https://bit.ly/2sDY4pl', 'https://bit.ly/2sDY4pl', 'https://bit.ly/2sDY4plhttps://bit.ly/2sDY4pl', 'https://bit.ly/2sDY4pl', 'https://bit.ly/2sDY4pl', 'https://bit.ly/2sDY4pl', 'https://bit.ly/2sDY4pl', 'https://bit.ly/2sDY4pl', 'https://bit.ly/2sDY4pl', 'https://bit.ly/2sDY4plhttps://bit.ly/2sDY4pl', 'https://bit.ly/2sDY4pl', 'https://bit.ly/2sDY4pl', 'https://bit.ly/2sDY4pl', 'https://bit.ly/2sDY4pl', 'https://bit.ly/2sDY4pl', 'https://bit.ly/2sDY4pl', 'https://bit.ly/2sDY4plhttps://bit.ly/2sDY4pl', 'https://bit.ly/2sDY4pl', 'https://bit.ly/2sDY4pl', 'https://bit.ly/2sDY4pl', 'https://bit.ly/2sDY4pl', 'https://bit.ly/2sDY4pl', 'https://bit.ly/2sDY4pl', 'https://bit.ly/2sDY4plhttps://bit.ly/2sDY4pl', 'https://bit.ly/2sDY4pl', 'https://bit.ly/2sDY4pl', 'https://bit.ly/2sDY4pl', 'https://bit.ly/2sDY4pl', 'https://bit.ly/2sDY4pl', 'https://bit.ly/2sDY4pl', 'https://bit.ly/2sDY4plhttps://bit.ly/2sDY4pl', 'https://bit.ly/2sDY4pl', 'https://bit.ly/2sDY4pl', 'https://bit.ly/2sDY4pl', 'https://bit.ly/2sDY4pl', 'https://bit.ly/2sDY4pl', 'https://bit.ly/2sDY4pl', 'https://bit.ly/2sDY4plhttps://bit.ly/2sDY4pl', 'https://bit.ly/2sDY4pl', 'https://bit.ly/2sDY4pl', 'https://bit.ly/2sDY4pl', 'https://bit.ly/2sDY4pl', 'https://bit.ly/2sDY4pl', 'https://bit.ly/2sDY4pl', 'https://bit.ly/2sDY4plhttps://bit.ly/2sDY4pl', 'https://bit.ly/2sDY4pl', 'https://bit.ly/2sDY4pl', 'https://bit.ly/2sDY4pl', 'https://bit.ly/2sDY4pl', 'https://bit.ly/2sDY4pl', 'https://bit.ly/2sDY4pl', 'https://bit.ly/2sDY4plhttps://bit.ly/2sDY4pl', 'https://bit.ly/2sDY4pl', 'https://bit.ly/2sDY4pl', 'https://bit.ly/2sDY4pl', 'https://bit.ly/2sDY4pl', 'https://bit.ly/2sDY4pl', 'https://bit.ly/2sDY4pl', 'https://bit.ly/2sDY4plhttps://bit.ly/2sDY4pl', 'https://bit.ly/2sDY4pl', 'https://bit.ly/2sDY4pl', 'https://bit.ly/2sDY4pl', 'https://bit.ly/2sDY4pl', 'https://bit.ly/2sDY4pl', 'https://bit.ly/2sDY4pl', 'https://bit.ly/2sDY4plhttps://bit.ly/2sDY4pl', 'https://bit.ly/2sDY4pl', 'https://bit.ly/2sDY4pl', 'https://bit.ly/2sDY4pl', 'https://bit.ly/2sDY4pl', 'https://bit.ly/2sDY4pl', 'https://bit.ly/2sDY4pl', 'https://bit.ly/2sDY4plhttps://bit.ly/2sDY4pl', 'https://bit.ly/2sDY4pl', 'https://bit.ly/2sDY4pl', 'https://bit.ly/2sDY4pl', 'https://bit.ly/2sDY4pl', 'https://bit.ly/2sDY4pl', 'https://bit.ly/2sDY4pl', 'https://bit.ly/2sDY4plhttps://bit.ly/2sDY4pl', 'https://bit.ly/2sDY4pl', 'https://bit.ly/2sDY4pl', 'https://bit.ly/2sDY4pl', 'https://bit.ly/2sDY4pl', 'https://bit.ly/2sDY4pl', 'https://bit.ly/2sDY4pl', 'https://bit.ly/2sDY4plhttps://bit.ly/2sDY4pl', 'https://bit.ly/2sDY4pl', 'https://bit.ly/2sDY4pl', 'https://bit.ly/2sDY4pl', 'https://bit.ly/2sDY4pl', 'https://bit.ly/2sDY4pl', 'https://bit.ly/2sDY4pl', 'https://bit.ly/2sDY4plhttps://bit.ly/2sDY4pl', 'https://bit.ly/2sDY4pl', 'https://bit.ly/2sDY4pl', 'https://bit.ly/2sDY4pl', 'https://bit.ly/2sDY4pl', 'https://bit.ly/2sDY4pl', 'https://bit.ly/2sDY4pl', 'https://bit.ly/2sDY4plhttps://bit.ly/2sDY4pl', 'https://bit.ly/2sDY4pl', 'https://bit.ly/2sDY4pl', 'https://bit.ly/2sDY4pl', 'https://bit.ly/2sDY4pl', 'https://bit.ly/2sDY4pl', 'https://bit.ly/2sDY4pl', 'https://bit.ly/2sDY4plhttps://bit.ly/2sDY4pl', 'https://bit.ly/2sDY4pl', 'https://bit.ly/2sDY4pl', 'https://bit.ly/2sDY4pl', 'https://bit.ly/2sDY4pl', 'https://bit.ly/2sDY4pl', 'https://bit.ly/2sDY4pl', 'https://bit.ly/2sDY4plhttps://bit.ly/2sDY4pl', 'https://bit.ly/2sDY4pl', 'https://bit.ly/2sDY4pl', 'https://bit.ly/2sDY4pl', 'https://bit.ly/2sDY4pl', 'https://bit.ly/2sDY4pl', 'https://bit.ly/2sDY4pl', 'https://bit.ly/2sDY4pl', 'https://bit.ly/2sDY4pl', 'https://bit.ly/2sDY4pl', 'https://bit.ly/2sDY4pl', 'https://bit.ly/2sDY4pl', 'https://bit.ly/2sDY4pl', 'https://bit.ly/2sDY4pl', 'https://bit.ly/2sDY4pl', 'https://bit.ly/2sDY4pl', 'https://bit.ly/2sDY4pl', 'https://bit.ly/2sDY4pl', 'https://bit.ly/2sDY4pl', 'https://bit.ly/2sDY4pl', 'https://bit.ly/2sDY4pl', 'https://bit.ly/2sDY4pl', 'https://bit.ly/2sDY4pl', 'https://bit.ly/2sDY4plhttps://bit.ly/2sDY4pl', 'https://bit.ly/2sDY4pl', 'https://bit.ly/2sDY4pl', 'https://bit.ly/2sDY4pl', 'https://bit.ly/2sDY4pl', 'https://bit.ly/2sDY4pl', 'https://bit.ly/2sDY4pl', 'https://bit.ly/2sDY4plhttps://bit.ly/2sDY4pl', 'https://bit.ly/2sDY4pl', 'https://bit.ly/2sDY4pl', 'https://bit.ly/2sDY4pl', 'https://bit.ly/2sDY4pl', 'https://bit.ly/2sDY4pl', 'https://bit.ly/2sDY4pl', 'https://bit.ly/2sDY4plhttps://bit.ly/2sDY4pl', 'https://bit.ly/2sDY4pl', 'https://bit.ly/2sDY4pl', 'https://bit.ly/2sDY4pl', 'https://bit.ly/2sDY4pl', 'https://bit.ly/2sDY4pl', 'https://bit.ly/2sDY4pl', 'https://bit.ly/2sDY4plhttps://bit.ly/2sDY4pl', 'https://bit.ly/2sDY4pl', 'https://bit.ly/2sDY4pl', 'https://bit.ly/2sDY4pl', 'https://bit.ly/2sDY4pl', 'https://bit.ly/2sDY4pl', 'https://bit.ly/2sDY4pl', 'https://bit.ly/2sDY4plhttps://bit.ly/2sDY4pl', 'https://bit.ly/2sDY4pl', 'https://bit.ly/2sDY4pl', 'https://bit.ly/2sDY4pl', 'https://bit.ly/2sDY4pl', 'https://bit.ly/2sDY4pl', 'https://bit.ly/2sDY4pl', 'https://bit.ly/2sDY4plhttps://bit.ly/2sDY4pl', 'https://bit.ly/2sDY4pl', 'https://bit.ly/2sDY4pl', 'https://bit.ly/2sDY4pl', 'https://bit.ly/2sDY4pl', 'https://bit.ly/2sDY4pl', 'https://bit.ly/2sDY4pl', 'https://bit.ly/2sDY4plhttps://bit.ly/2sDY4pl', 'https://bit.ly/2sDY4pl', 'https://bit.ly/2sDY4pl', 'https://bit.ly/2sDY4pl', 'https://bit.ly/2sDY4pl', 'https://bit.ly/2sDY4pl', 'https://bit.ly/2sDY4pl', 'https://bit.ly/2sDY4plhttps://bit.ly/2sDY4pl', 'https://bit.ly/2sDY4pl', 'https://bit.ly/2sDY4pl', 'https://bit.ly/2sDY4pl', 'https://bit.ly/2sDY4pl', 'https://bit.ly/2sDY4pl', 'https://bit.ly/2sDY4pl', 'https://bit.ly/2sDY4plhttps://bit.ly/2sDY4pl', 'https://bit.ly/2sDY4pl', 'https://bit.ly/2sDY4pl', 'https://bit.ly/2sDY4pl', 'https://bit.ly/2sDY4pl', 'https://bit.ly/2sDY4pl', 'https://bit.ly/2sDY4pl', 'https://bit.ly/2sDY4plhttps://bit.ly/2sDY4pl', 'https://bit.ly/2sDY4pl', 'https://bit.ly/2sDY4pl', 'https://bit.ly/2sDY4pl', 'https://bit.ly/2sDY4pl', 'https://bit.ly/2sDY4pl', 'https://bit.ly/2sDY4pl', 'https://bit.ly/2sDY4plhttps://bit.ly/2sDY4pl', 'https://bit.ly/2sDY4pl', 'https://bit.ly/2sDY4pl', 'https://bit.ly/2sDY4pl', 'https://bit.ly/2sDY4pl', 'https://bit.ly/2sDY4pl', 'https://bit.ly/2sDY4pl', 'https://bit.ly/2sDY4plhttps://bit.ly/2sDY4pl', 'https://bit.ly/2sDY4pl', 'https://bit.ly/2sDY4pl', 'https://bit.ly/2sDY4pl', 'https://bit.ly/2sDY4pl', 'https://bit.ly/2sDY4pl', 'https://bit.ly/2sDY4pl', 'https://bit.ly/2sDY4plhttps://bit.ly/2sDY4pl', 'https://bit.ly/2sDY4pl', 'https://bit.ly/2sDY4pl', 'https://bit.ly/2sDY4pl', 'https://bit.ly/2sDY4pl', 'https://bit.ly/2sDY4pl', 'https://bit.ly/2sDY4pl', 'https://bit.ly/2sDY4plhttps://bit.ly/2sDY4pl', 'https://bit.ly/2sDY4pl', 'https://bit.ly/2sDY4pl', 'https://bit.ly/2sDY4pl', 'https://bit.ly/2sDY4pl', 'https://bit.ly/2sDY4pl', 'https://bit.ly/2sDY4pl', 'https://bit.ly/2sDY4plhttps://bit.ly/2sDY4pl', 'https://bit.ly/2sDY4pl', 'https://bit.ly/2sDY4pl', 'https://bit.ly/2sDY4pl', 'https://bit.ly/2sDY4pl', 'https://bit.ly/2sDY4pl', 'https://bit.ly/2sDY4pl', 'https://bit.ly/2sDY4plhttps://bit.ly/2sDY4pl', 'https://bit.ly/2sDY4pl', 'https://bit.ly/2sDY4pl', 'https://bit.ly/2sDY4pl', 'https://bit.ly/2sDY4pl', 'https://bit.ly/2sDY4pl', 'https://bit.ly/2sDY4pl', 'https://bit.ly/2sDY4plhttps://bit.ly/2sDY4pl', 'https://bit.ly/2sDY4pl', 'https://bit.ly/2sDY4pl', 'https://bit.ly/2sDY4pl', 'https://bit.ly/2sDY4pl', 'https://bit.ly/2sDY4pl', 'https://bit.ly/2sDY4pl', 'https://bit.ly/2sDY4plhttps://bit.ly/2sDY4pl', 'https://bit.ly/2sDY4pl', 'https://bit.ly/2sDY4pl', 'https://bit.ly/2sDY4pl', 'https://bit.ly/2sDY4pl', 'https://bit.ly/2sDY4pl', 'https://bit.ly/2sDY4pl', 'https://bit.ly/2sDY4plhttps://bit.ly/2sDY4pl', 'https://bit.ly/2sDY4pl', 'https://bit.ly/2sDY4pl', 'https://bit.ly/2sDY4pl', 'https://bit.ly/2sDY4pl', 'https://bit.ly/2sDY4pl', 'https://bit.ly/2sDY4pl', 'https://bit.ly/2sDY4plhttps://bit.ly/2sDY4pl', 'https://bit.ly/2sDY4pl', 'https://bit.ly/2sDY4pl', 'https://bit.ly/2sDY4pl', 'https://bit.ly/2sDY4pl', 'https://bit.ly/2sDY4pl', 'https://bit.ly/2sDY4pl', 'https://bit.ly/2sDY4plhttps://bit.ly/2sDY4pl', 'https://bit.ly/2sDY4pl', 'https://bit.ly/2sDY4pl', 'https://bit.ly/2sDY4pl', 'https://bit.ly/2sDY4pl', 'https://bit.ly/2sDY4pl', 'https://bit.ly/2sDY4pl', 'https://bit.ly/2sDY4plhttps://bit.ly/2sDY4pl', 'https://bit.ly/2sDY4pl', 'https://bit.ly/2sDY4pl', 'https://bit.ly/2sDY4pl', 'https://bit.ly/2sDY4pl', 'https://bit.ly/2sDY4pl', 'https://bit.ly/2sDY4pl', 'https://bit.ly/2sDY4plhttps://bit.ly/2sDY4pl', 'https://bit.ly/2sDY4pl', 'https://bit.ly/2sDY4pl', 'https://bit.ly/2sDY4pl', 'https://bit.ly/2sDY4pl', 'https://bit.ly/2sDY4pl', 'https://bit.ly/2sDY4pl', 'https://bit.ly/2sDY4plhttps://bit.ly/2sDY4pl', 'https://bit.ly/2sDY4pl', 'https://bit.ly/2sDY4pl', 'https://bit.ly/2sDY4pl', 'https://bit.ly/2sDY4pl', 'https://bit.ly/2sDY4pl', 'https://bit.ly/2sDY4pl', 'https://bit.ly/2sDY4plhttps://bit.ly/2sDY4pl', 'https://bit.ly/2sDY4pl', 'https://bit.ly/2sDY4pl', 'https://bit.ly/2sDY4pl', 'https://bit.ly/2sDY4pl', 'https://bit.ly/2sDY4pl', 'https://bit.ly/2sDY4pl', 'https://bit.ly/2sDY4plhttps://bit.ly/2sDY4pl', 'https://bit.ly/2sDY4pl', 'https://bit.ly/2sDY4pl', 'https://bit.ly/2sDY4pl', 'https://bit.ly/2sDY4pl', 'https://bit.ly/2sDY4pl', 'https://bit.ly/2sDY4pl', 'https://bit.ly/2sDY4plhttps://bit.ly/2sDY4pl', 'https://bit.ly/2sDY4pl', 'https://bit.ly/2sDY4pl', 'https://bit.ly/2sDY4pl', 'https://bit.ly/2sDY4pl', 'https://bit.ly/2sDY4pl', 'https://bit.ly/2sDY4pl', 'https://bit.ly/2sDY4plhttps://bit.ly/2sDY4pl', 'https://bit.ly/2sDY4pl', 'https://bit.ly/2sDY4pl', 'https://bit.ly/2sDY4pl', 'https://bit.ly/2sDY4pl', 'https://bit.ly/2sDY4pl', 'https://bit.ly/2sDY4pl', 'https://bit.ly/2sDY4plhttps://bit.ly/2sDY4pl', 'https://bit.ly/2sDY4pl', 'https://bit.ly/2sDY4pl', 'https://bit.ly/2sDY4pl', 'https://bit.ly/2sDY4pl', 'https://bit.ly/2sDY4pl', 'https://bit.ly/2sDY4pl', 'https://bit.ly/2sDY4plhttps://bit.ly/2sDY4pl', 'https://bit.ly/2sDY4pl', 'https://bit.ly/2sDY4pl', 'https://bit.ly/2sDY4pl', 'https://bit.ly/2sDY4pl', 'https://bit.ly/2sDY4pl', 'https://bit.ly/2sDY4pl', 'https://bit.ly/2sDY4plhttps://bit.ly/2sDY4pl', 'https://bit.ly/2sDY4pl', 'https://bit.ly/2sDY4pl', 'https://bit.ly/2sDY4pl', 'https://bit.ly/2sDY4pl', 'https://bit.ly/2sDY4pl', 'https://bit.ly/2sDY4pl', 'https://bit.ly/2sDY4plhttps://bit.ly/2sDY4pl', 'https://bit.ly/2sDY4pl', 'https://bit.ly/2sDY4pl', 'https://bit.ly/2sDY4pl', 'https://bit.ly/2sDY4pl', 'https://bit.ly/2sDY4pl', 'https://bit.ly/2sDY4pl', 'https://bit.ly/2sDY4plhttps://bit.ly/2sDY4pl', 'https://bit.ly/2sDY4pl', 'https://bit.ly/2sDY4pl', 'https://bit.ly/2sDY4pl', 'https://bit.ly/2sDY4pl', 'https://bit.ly/2sDY4pl', 'https://bit.ly/2sDY4pl', 'https://bit.ly/2sDY4plhttps://bit.ly/2sDY4pl', 'https://bit.ly/2sDY4pl', 'https://bit.ly/2sDY4pl', 'https://bit.ly/2sDY4pl', 'https://bit.ly/2sDY4pl', 'https://bit.ly/2sDY4pl', 'https://bit.ly/2sDY4pl', 'https://bit.ly/2sDY4plhttps://bit.ly/2sDY4pl', 'https://bit.ly/2sDY4pl', 'https://bit.ly/2sDY4pl', 'https://bit.ly/2sDY4pl', 'https://bit.ly/2sDY4pl', 'https://bit.ly/2sDY4pl', 'https://bit.ly/2sDY4pl', 'https://bit.ly/2sDY4plhttps://bit.ly/2sDY4pl', 'https://bit.ly/2sDY4pl', 'https://bit.ly/2sDY4pl', 'https://bit.ly/2sDY4pl', 'https://bit.ly/2sDY4pl', 'https://bit.ly/2sDY4pl', 'https://bit.ly/2sDY4pl', 'https://bit.ly/2sDY4plhttps://bit.ly/2sDY4pl', 'https://bit.ly/2sDY4pl', 'https://bit.ly/2sDY4pl', 'https://bit.ly/2sDY4pl', 'https://bit.ly/2sDY4pl', 'https://bit.ly/2sDY4pl', 'https://bit.ly/2sDY4pl', 'https://bit.ly/2sDY4plhttps://bit.ly/2sDY4pl', 'https://bit.ly/2sDY4pl', 'https://bit.ly/2sDY4pl', 'https://bit.ly/2sDY4pl', 'https://bit.ly/2sDY4pl', 'https://bit.ly/2sDY4pl', 'https://bit.ly/2sDY4pl', 'https://bit.ly/2sDY4plhttps://bit.ly/2sDY4pl', 'https://bit.ly/2sDY4pl', 'https://bit.ly/2sDY4pl', 'https://bit.ly/2sDY4pl', 'https://bit.ly/2sDY4pl', 'https://bit.ly/2sDY4pl', 'https://bit.ly/2sDY4pl', 'https://bit.ly/2sDY4plhttps://bit.ly/2sDY4pl', 'https://bit.ly/2sDY4pl', 'https://bit.ly/2sDY4pl', 'https://bit.ly/2sDY4pl', 'https://bit.ly/2sDY4pl', 'https://bit.ly/2sDY4pl', 'https://bit.ly/2sDY4pl', 'https://bit.ly/2sDY4plhttps://bit.ly/2sDY4pl', 'https://bit.ly/2sDY4pl', 'https://bit.ly/2sDY4pl', 'https://bit.ly/2sDY4pl', 'https://bit.ly/2sDY4pl', 'https://bit.ly/2sDY4pl', 'https://bit.ly/2sDY4pl', 'https://bit.ly/2sDY4plhttps://bit.ly/2sDY4pl', 'https://bit.ly/2sDY4pl', 'https://bit.ly/2sDY4pl', 'https://bit.ly/2sDY4pl', 'https://bit.ly/2sDY4pl', 'https://bit.ly/2sDY4pl', 'https://bit.ly/2sDY4pl', 'https://bit.ly/2sDY4plhttps://bit.ly/2sDY4pl', 'https://bit.ly/2sDY4pl', 'https://bit.ly/2sDY4pl', 'https://bit.ly/2sDY4pl', 'https://bit.ly/2sDY4pl', 'https://bit.ly/2sDY4pl', 'https://bit.ly/2sDY4pl', 'https://bit.ly/2sDY4plhttps://bit.ly/2sDY4pl', 'https://bit.ly/2sDY4pl', 'https://bit.ly/2sDY4pl', 'https://bit.ly/2sDY4pl', 'https://bit.ly/2sDY4pl', 'https://bit.ly/2sDY4pl', 'https://bit.ly/2sDY4pl', 'https://bit.ly/2sDY4plhttps://bit.ly/2sDY4pl', 'https://bit.ly/2sDY4pl', 'https://bit.ly/2sDY4pl', 'https://bit.ly/2sDY4pl', 'https://bit.ly/2sDY4pl', 'https://bit.ly/2sDY4pl', 'https://bit.ly/2sDY4pl', 'https://bit.ly/2sDY4plhttps://bit.ly/2sDY4pl', 'https://bit.ly/2sDY4pl', 'https://bit.ly/2sDY4pl', 'https://bit.ly/2sDY4pl', 'https://bit.ly/2sDY4pl', 'https://bit.ly/2sDY4pl', 'https://bit.ly/2sDY4pl', 'https://bit.ly/2sDY4plhttps://bit.ly/2sDY4pl', 'https://bit.ly/2sDY4pl', 'https://bit.ly/2sDY4pl', 'https://bit.ly/2sDY4pl', 'https://bit.ly/2sDY4pl', 'https://bit.ly/2sDY4pl', 'https://bit.ly/2sDY4pl', 'https://bit.ly/2sDY4plhttps://bit.ly/2sDY4pl', 'https://bit.ly/2sDY4pl', 'https://bit.ly/2sDY4pl', 'https://bit.ly/2sDY4pl', 'https://bit.ly/2sDY4pl', 'https://bit.ly/2sDY4pl', 'https://bit.ly/2sDY4pl', 'https://bit.ly/2sDY4plhttps://bit.ly/2sDY4pl', 'https://bit.ly/2sDY4pl', 'https://bit.ly/2sDY4pl', 'https://bit.ly/2sDY4pl', 'https://bit.ly/2sDY4pl', 'https://bit.ly/2sDY4pl', 'https://bit.ly/2sDY4pl', 'https://bit.ly/2sDY4plhttps://bit.ly/2sDY4pl', 'https://bit.ly/2sDY4pl', 'https://bit.ly/2sDY4pl', 'https://bit.ly/2sDY4pl', 'https://bit.ly/2sDY4pl', 'https://bit.ly/2sDY4pl', 'https://bit.ly/2sDY4pl', 'https://bit.ly/2sDY4plhttps://bit.ly/2sDY4pl', 'https://bit.ly/2sDY4pl', 'https://bit.ly/2sDY4pl', 'https://bit.ly/2sDY4pl', 'https://bit.ly/2sDY4pl', 'https://bit.ly/2sDY4pl', 'https://bit.ly/2sDY4pl', 'https://bit.ly/2sDY4plhttps://bit.ly/2sDY4pl', 'https://bit.ly/2sDY4pl', 'https://bit.ly/2sDY4pl', 'https://bit.ly/2sDY4pl', 'https://bit.ly/2sDY4pl', 'https://bit.ly/2sDY4pl', 'https://bit.ly/2sDY4pl', 'https://bit.ly/2sDY4plhttps://bit.ly/2sDY4pl', 'https://bit.ly/2sDY4pl', 'https://bit.ly/2sDY4pl', 'https://bit.ly/2sDY4pl', 'https://bit.ly/2sDY4pl', 'https://bit.ly/2sDY4pl', 'https://bit.ly/2sDY4pl', 'https://bit.ly/2sDY4plhttps://bit.ly/2sDY4pl', 'https://bit.ly/2sDY4pl', 'https://bit.ly/2sDY4pl', 'https://bit.ly/2sDY4pl', 'https://bit.ly/2sDY4pl', 'https://bit.ly/2sDY4pl', 'https://bit.ly/2sDY4pl', 'https://bit.ly/2sDY4plhttps://bit.ly/2sDY4pl', 'https://bit.ly/2sDY4pl', 'https://bit.ly/2sDY4pl', 'https://bit.ly/2sDY4pl', 'https://bit.ly/2sDY4pl', 'https://bit.ly/2sDY4pl', 'https://bit.ly/2sDY4pl', 'https://bit.ly/2sDY4plhttps://bit.ly/2sDY4pl', 'https://bit.ly/2sDY4pl', 'https://bit.ly/2sDY4pl', 'https://bit.ly/2sDY4pl', 'https://bit.ly/2sDY4pl', 'https://bit.ly/2sDY4pl', 'https://bit.ly/2sDY4pl', 'https://bit.ly/2sDY4plhttps://bit.ly/2sDY4pl', 'https://bit.ly/2sDY4pl', 'https://bit.ly/2sDY4pl', 'https://bit.ly/2sDY4pl', 'https://bit.ly/2sDY4pl', 'https://bit.ly/2sDY4pl', 'https://bit.ly/2sDY4pl', 'https://bit.ly/2sDY4plhttps://bit.ly/2sDY4pl', 'https://bit.ly/2sDY4pl', 'https://bit.ly/2sDY4pl', 'https://bit.ly/2sDY4pl', 'https://bit.ly/2sDY4pl', 'https://bit.ly/2sDY4pl', 'https://bit.ly/2sDY4pl', 'https://bit.ly/2sDY4plhttps://bit.ly/2sDY4pl', 'https://bit.ly/2sDY4pl', 'https://bit.ly/2sDY4pl', 'https://bit.ly/2sDY4pl', 'https://bit.ly/2sDY4pl', 'https://bit.ly/2sDY4pl', 'https://bit.ly/2sDY4pl', 'https://bit.ly/2sDY4plhttps://bit.ly/2sDY4pl', 'https://bit.ly/2sDY4pl', 'https://bit.ly/2sDY4pl', 'https://bit.ly/2sDY4pl', 'https://bit.ly/2sDY4pl', 'https://bit.ly/2sDY4pl', 'https://bit.ly/2sDY4pl', 'https://bit.ly/2sDY4plhttps://bit.ly/2sDY4pl', 'https://bit.ly/2sDY4pl', 'https://bit.ly/2sDY4pl', 'https://bit.ly/2sDY4pl', 'https://bit.ly/2sDY4pl', 'https://bit.ly/2sDY4pl', 'https://bit.ly/2sDY4pl', 'https://bit.ly/2sDY4plhttps://bit.ly/2sDY4pl', 'https://bit.ly/2sDY4pl', 'https://bit.ly/2sDY4pl', 'https://bit.ly/2sDY4pl', 'https://bit.ly/2sDY4pl', 'https://bit.ly/2sDY4pl', 'https://bit.ly/2sDY4pl', 'https://bit.ly/2sDY4plhttps://bit.ly/2sDY4pl', 'https://bit.ly/2sDY4pl', 'https://bit.ly/2sDY4pl', 'https://bit.ly/2sDY4pl', 'https://bit.ly/2sDY4pl', 'https://bit.ly/2sDY4pl', 'https://bit.ly/2sDY4pl', 'https://bit.ly/2sDY4plhttps://bit.ly/2sDY4pl', 'https://bit.ly/2sDY4pl', 'https://bit.ly/2sDY4pl', 'https://bit.ly/2sDY4pl', 'https://bit.ly/2sDY4pl', 'https://bit.ly/2sDY4pl', 'https://bit.ly/2sDY4pl', 'https://bit.ly/2sDY4plhttps://bit.ly/2sDY4pl', 'https://bit.ly/2sDY4pl', 'https://bit.ly/2sDY4pl', 'https://bit.ly/2sDY4pl', 'https://bit.ly/2sDY4pl', 'https://bit.ly/2sDY4pl', 'https://bit.ly/2sDY4pl', 'https://bit.ly/2sDY4plhttps://bit.ly/2sDY4pl', 'https://bit.ly/2sDY4pl', 'https://bit.ly/2sDY4pl', 'https://bit.ly/2sDY4pl', 'https://bit.ly/2sDY4pl', 'https://bit.ly/2sDY4pl', 'https://bit.ly/2sDY4pl', 'https://bit.ly/2sDY4plhttps://bit.ly/2sDY4pl', 'https://bit.ly/2sDY4pl', 'https://bit.ly/2sDY4pl', 'https://bit.ly/2sDY4pl', 'https://bit.ly/2sDY4pl', 'https://bit.ly/2sDY4pl', 'https://bit.ly/2sDY4pl', 'https://bit.ly/2sDY4plhttps://bit.ly/2sDY4pl', 'https://bit.ly/2sDY4pl', 'https://bit.ly/2sDY4pl', 'https://bit.ly/2sDY4pl', 'https://bit.ly/2sDY4pl', 'https://bit.ly/2sDY4pl', 'https://bit.ly/2sDY4pl', 'https://bit.ly/2sDY4plhttps://bit.ly/2sDY4pl', 'https://bit.ly/2sDY4pl', 'https://bit.ly/2sDY4pl', 'https://bit.ly/2sDY4pl', 'https://bit.ly/2sDY4pl', 'https://bit.ly/2sDY4pl', 'https://bit.ly/2sDY4pl', 'https://bit.ly/2sDY4plhttps://bit.ly/2sDY4pl', 'https://bit.ly/2sDY4pl', 'https://bit.ly/2sDY4pl', 'https://bit.ly/2sDY4pl', 'https://bit.ly/2sDY4pl', 'https://bit.ly/2sDY4pl', 'https://bit.ly/2sDY4pl', 'https://bit.ly/2sDY4plhttps://bit.ly/2sDY4pl', 'https://bit.ly/2sDY4pl', 'https://bit.ly/2sDY4pl', 'https://bit.ly/2sDY4pl', 'https://bit.ly/2sDY4pl', 'https://bit.ly/2sDY4pl', 'https://bit.ly/2sDY4pl', 'https://bit.ly/2sDY4plhttps://bit.ly/2sDY4pl', 'https://bit.ly/2sDY4pl', 'https://bit.ly/2sDY4pl', 'https://bit.ly/2sDY4pl', 'https://bit.ly/2sDY4pl', 'https://bit.ly/2sDY4pl', 'https://bit.ly/2sDY4pl', 'https://bit.ly/2sDY4plhttps://bit.ly/2sDY4pl', 'https://bit.ly/2sDY4pl', 'https://bit.ly/2sDY4pl', 'https://bit.ly/2sDY4pl', 'https://bit.ly/2sDY4pl', 'https://bit.ly/2sDY4pl', 'https://bit.ly/2sDY4pl', 'https://bit.ly/2sDY4plhttps://bit.ly/2sDY4pl', 'https://bit.ly/2sDY4pl', 'https://bit.ly/2sDY4pl', 'https://bit.ly/2sDY4pl', 'https://bit.ly/2sDY4pl', 'https://bit.ly/2sDY4pl', 'https://bit.ly/2sDY4pl', 'https://bit.ly/2sDY4plhttps://bit.ly/2sDY4pl', 'https://bit.ly/2sDY4pl', 'https://bit.ly/2sDY4pl', 'https://bit.ly/2sDY4pl', 'https://bit.ly/2sDY4pl', 'https://bit.ly/2sDY4pl', 'https://bit.ly/2sDY4pl', 'https://bit.ly/2sDY4plhttps://bit.ly/2sDY4pl', 'https://bit.ly/2sDY4pl', 'https://bit.ly/2sDY4pl', 'https://bit.ly/2sDY4pl', 'https://bit.ly/2sDY4pl', 'https://bit.ly/2sDY4pl', 'https://bit.ly/2sDY4pl', 'https://bit.ly/2sDY4plhttps://bit.ly/2sDY4pl', 'https://bit.ly/2sDY4pl', 'https://bit.ly/2sDY4pl', 'https://bit.ly/2sDY4pl', 'https://bit.ly/2sDY4pl', 'https://bit.ly/2sDY4pl', 'https://bit.ly/2sDY4pl', 'https://bit.ly/2sDY4plhttps://bit.ly/2sDY4pl', 'https://bit.ly/2sDY4pl', 'https://bit.ly/2sDY4pl', 'https://bit.ly/2sDY4pl', 'https://bit.ly/2sDY4pl', 'https://bit.ly/2sDY4pl', 'https://bit.ly/2sDY4pl', 'https://bit.ly/2sDY4plhttps://bit.ly/2sDY4pl', 'https://bit.ly/2sDY4pl', 'https://bit.ly/2sDY4pl', 'https://bit.ly/2sDY4pl', 'https://bit.ly/2sDY4pl', 'https://bit.ly/2sDY4pl', 'https://bit.ly/2sDY4pl', 'https://bit.ly/2sDY4plhttps://bit.ly/2sDY4pl', 'https://bit.ly/2sDY4pl', 'https://bit.ly/2sDY4pl', 'https://bit.ly/2sDY4pl', 'https://bit.ly/2sDY4pl', 'https://bit.ly/2sDY4pl', 'https://bit.ly/2sDY4pl', 'https://bit.ly/2sDY4plhttps://bit.ly/2sDY4pl', 'https://bit.ly/2sDY4pl', 'https://bit.ly/2sDY4pl', 'https://bit.ly/2sDY4pl', 'https://bit.ly/2sDY4pl', 'https://bit.ly/2sDY4pl', 'https://bit.ly/2sDY4pl', 'https://bit.ly/2sDY4plhttps://bit.ly/2sDY4pl', 'https://bit.ly/2sDY4pl', 'https://bit.ly/2sDY4pl', 'https://bit.ly/2sDY4pl', 'https://bit.ly/2sDY4pl', 'https://bit.ly/2sDY4pl', 'https://bit.ly/2sDY4pl', 'https://bit.ly/2sDY4plhttps://bit.ly/2sDY4pl', 'https://bit.ly/2sDY4pl', 'https://bit.ly/2sDY4pl', 'https://bit.ly/2sDY4pl', 'https://bit.ly/2sDY4pl', 'https://bit.ly/2sDY4pl', 'https://bit.ly/2sDY4pl', 'https://bit.ly/2sDY4plhttps://bit.ly/2sDY4pl', 'https://bit.ly/2sDY4pl', 'https://bit.ly/2sDY4pl', 'https://bit.ly/2sDY4pl', 'https://bit.ly/2sDY4pl', 'https://bit.ly/2sDY4pl', 'https://bit.ly/2sDY4pl', 'https://bit.ly/2sDY4plhttps://bit.ly/2sDY4pl', 'https://bit.ly/2sDY4pl', 'https://bit.ly/2sDY4pl', 'https://bit.ly/2sDY4pl', 'https://bit.ly/2sDY4pl', 'https://bit.ly/2sDY4pl', 'https://bit.ly/2sDY4pl', 'https://bit.ly/2sDY4plhttps://bit.ly/2sDY4pl', 'https://bit.ly/2sDY4pl', 'https://bit.ly/2sDY4pl', 'https://bit.ly/2sDY4pl', 'https://bit.ly/2sDY4pl', 'https://bit.ly/2sDY4pl', 'https://bit.ly/2sDY4pl', 'https://bit.ly/2sDY4plhttps://bit.ly/2sDY4pl', 'https://bit.ly/2sDY4pl', 'https://bit.ly/2sDY4pl', 'https://bit.ly/2sDY4pl', 'https://bit.ly/2sDY4pl', 'https://bit.ly/2sDY4pl', 'https://bit.ly/2sDY4pl', 'https://bit.ly/2sDY4plhttps://bit.ly/2sDY4pl', 'https://bit.ly/2sDY4pl', 'https://bit.ly/2sDY4pl', 'https://bit.ly/2sDY4pl', 'https://bit.ly/2sDY4pl', 'https://bit.ly/2sDY4pl', 'https://bit.ly/2sDY4pl', 'https://bit.ly/2sDY4plhttps://bit.ly/2sDY4pl', 'https://bit.ly/2sDY4pl', 'https://bit.ly/2sDY4pl', 'https://bit.ly/2sDY4pl', 'https://bit.ly/2sDY4pl', 'https://bit.ly/2sDY4pl', 'https://bit.ly/2sDY4pl', 'https://bit.ly/2sDY4plhttps://bit.ly/2sDY4pl', 'https://bit.ly/2sDY4pl', 'https://bit.ly/2sDY4pl', 'https://bit.ly/2sDY4pl', 'https://bit.ly/2sDY4pl', 'https://bit.ly/2sDY4pl', 'https://bit.ly/2sDY4pl', 'https://bit.ly/2sDY4plhttps://bit.ly/2sDY4pl', 'https://bit.ly/2sDY4pl', 'https://bit.ly/2sDY4pl', 'https://bit.ly/2sDY4pl', 'https://bit.ly/2sDY4pl', 'https://bit.ly/2sDY4pl', 'https://bit.ly/2sDY4pl', 'https://bit.ly/2sDY4plhttps://bit.ly/2sDY4pl', 'https://bit.ly/2sDY4pl', 'https://bit.ly/2sDY4pl', 'https://bit.ly/2sDY4pl', 'https://bit.ly/2sDY4pl', 'https://bit.ly/2sDY4pl', 'https://bit.ly/2sDY4pl', 'https://bit.ly/2sDY4plhttps://bit.ly/2sDY4pl', 'https://bit.ly/2sDY4pl', 'https://bit.ly/2sDY4pl', 'https://bit.ly/2sDY4pl', 'https://bit.ly/2sDY4pl', 'https://bit.ly/2sDY4pl', 'https://bit.ly/2sDY4pl', 'https://bit.ly/2sDY4plhttps://bit.ly/2sDY4pl', 'https://bit.ly/2sDY4pl', 'https://bit.ly/2sDY4pl', 'https://bit.ly/2sDY4pl', 'https://bit.ly/2sDY4pl', 'https://bit.ly/2sDY4pl', 'https://bit.ly/2sDY4pl', 'https://bit.ly/2sDY4plhttps://bit.ly/2sDY4pl', 'https://bit.ly/2sDY4pl', 'https://bit.ly/2sDY4pl', 'https://bit.ly/2sDY4pl', 'https://bit.ly/2sDY4pl', 'https://bit.ly/2sDY4pl', 'https://bit.ly/2sDY4pl', 'https://bit.ly/2sDY4plhttps://bit.ly/2sDY4pl', 'https://bit.ly/2sDY4pl', 'https://bit.ly/2sDY4pl', 'https://bit.ly/2sDY4pl', 'https://bit.ly/2sDY4pl', 'https://bit.ly/2sDY4pl', 'https://bit.ly/2sDY4pl', 'https://bit.ly/2sDY4plhttps://bit.ly/2sDY4pl', 'https://bit.ly/2sDY4pl', 'https://bit.ly/2sDY4pl', 'https://bit.ly/2sDY4pl', 'https://bit.ly/2sDY4pl', 'https://bit.ly/2sDY4pl', 'https://bit.ly/2sDY4pl', 'https://bit.ly/2sDY4plhttps://bit.ly/2sDY4pl', 'https://bit.ly/2sDY4pl', 'https://bit.ly/2sDY4pl', 'https://bit.ly/2sDY4pl', 'https://bit.ly/2sDY4pl', 'https://bit.ly/2sDY4pl', 'https://bit.ly/2sDY4pl', 'https://bit.ly/2sDY4plhttps://bit.ly/2sDY4pl', 'https://bit.ly/2sDY4pl', 'https://bit.ly/2sDY4pl', 'https://bit.ly/2sDY4pl', 'https://bit.ly/2sDY4pl', 'https://bit.ly/2sDY4pl', 'https://bit.ly/2sDY4pl', 'https://bit.ly/2sDY4plhttps://bit.ly/2sDY4pl', 'https://bit.ly/2sDY4pl', 'https://bit.ly/2sDY4pl', 'https://bit.ly/2sDY4pl', 'https://bit.ly/2sDY4pl', 'https://bit.ly/2sDY4pl', 'https://bit.ly/2sDY4pl', 'https://bit.ly/2sDY4plhttps://bit.ly/2sDY4pl', 'https://bit.ly/2sDY4pl', 'https://bit.ly/2sDY4pl', 'https://bit.ly/2sDY4pl', 'https://bit.ly/2sDY4pl', 'https://bit.ly/2sDY4pl', 'https://bit.ly/2sDY4pl', 'https://bit.ly/2sDY4plhttps://bit.ly/2sDY4pl', 'https://bit.ly/2sDY4pl', 'https://bit.ly/2sDY4pl', 'https://bit.ly/2sDY4pl', 'https://bit.ly/2sDY4pl', 'https://bit.ly/2sDY4pl', 'https://bit.ly/2sDY4pl', 'https://bit.ly/2sDY4plhttps://bit.ly/2sDY4pl', 'https://bit.ly/2sDY4pl', 'https://bit.ly/2sDY4pl', 'https://bit.ly/2sDY4pl', 'https://bit.ly/2sDY4pl', 'https://bit.ly/2sDY4pl', 'https://bit.ly/2sDY4pl', 'https://bit.ly/2sDY4plhttps://bit.ly/2sDY4pl', 'https://bit.ly/2sDY4pl', 'https://bit.ly/2sDY4pl', 'https://bit.ly/2sDY4pl', 'https://bit.ly/2sDY4pl', 'https://bit.ly/2sDY4pl', 'https://bit.ly/2sDY4pl', 'https://bit.ly/2sDY4plhttps://bit.ly/2sDY4pl', 'https://bit.ly/2sDY4pl', 'https://bit.ly/2sDY4pl', 'https://bit.ly/2sDY4pl', 'https://bit.ly/2sDY4pl', 'https://bit.ly/2sDY4pl', 'https://bit.ly/2sDY4pl', 'https://bit.ly/2sDY4plhttps://bit.ly/2sDY4pl', 'https://bit.ly/2sDY4pl', 'https://bit.ly/2sDY4pl', 'https://bit.ly/2sDY4pl', 'https://bit.ly/2sDY4pl', 'https://bit.ly/2sDY4pl', 'https://bit.ly/2sDY4pl', 'https://bit.ly/2sDY4plhttps://bit.ly/2sDY4pl', 'https://bit.ly/2sDY4pl', 'https://bit.ly/2sDY4pl', 'https://bit.ly/2sDY4pl', 'https://bit.ly/2sDY4pl', 'https://bit.ly/2sDY4pl', 'https://bit.ly/2sDY4pl', 'https://bit.ly/2sDY4pl']</msg>
<status status="PASS" starttime="20200203 20:24:36.126" endtime="20200203 20:24:36.127"></status>
</kw>
<status status="PASS" starttime="20200203 20:24:36.117" endtime="20200203 20:24:36.127"></status>
</kw>
<kw name="Array verified" library="Create_URLs">
<arguments>
<arg>${csv_path}</arg>
</arguments>
<kw name="Verify Array" library="csvLibrary">
<doc>This creates a keyword "verify URL array"</doc>
<arguments>
<arg>${urls}</arg>
<arg>${csv_path}</arg>
</arguments>
<status status="PASS" starttime="20200203 20:24:36.128" endtime="20200203 20:24:36.130"></status>
</kw>
<status status="PASS" starttime="20200203 20:24:36.128" endtime="20200203 20:24:36.130"></status>
</kw>
<status status="PASS" starttime="20200203 20:24:36.116" endtime="20200203 20:24:36.131" critical="yes"></status>
</test>
<test id="s1-s1-t2" name="2. Send the request to the server">
<kw name="Send the request" library="Create_URLs">
<kw name="${url} IN [ @{urls} ]" type="for">
<kw name="${url} = https://bit.ly/2sDY4pl" type="foritem">
<kw name="Create Session" library="RequestsLibrary">
<doc>Create Session: create a HTTP session to a server</doc>
<arguments>
<arg>${my_session}</arg>
<arg>${url}</arg>
</arguments>
<msg timestamp="20200203 20:24:36.134" level="INFO">Creating Session using : alias=, url=https://bit.ly/2sDY4pl, headers={},                     cookies={}, auth=None, timeout=None, proxies=None, verify=False,                     debug=0 </msg>
<status status="PASS" starttime="20200203 20:24:36.134" endtime="20200203 20:24:36.135"></status>
</kw>
<kw name="Log" library="BuiltIn">
<doc>Logs the given message with the given level.</doc>
<arguments>
<arg>${url}</arg>
</arguments>
<msg timestamp="20200203 20:24:36.135" level="INFO">https://bit.ly/2sDY4pl</msg>
<status status="PASS" starttime="20200203 20:24:36.135" endtime="20200203 20:24:36.135"></status>
</kw>
<kw name="Get Request" library="RequestsLibrary">
<doc>Send a GET request on the session object found using the
given `alias`</doc>
<arguments>
<arg>${my_session}</arg>
<arg>${url}</arg>
</arguments>
<assign>
<var>${response}</var>
</assign>
<msg timestamp="20200203 20:24:36.136" level="INFO">GET Request using : uri=https://bit.ly/2sDY4pl, params=None, allow_redirects=True, timeout=None
headers={'User-Agent': 'python-requests/2.22.0', 'Accept-Encoding': 'gzip, deflate', 'Accept': '*/*', 'Connection': 'keep-alive'} 
data=None 
json=None</msg>
<msg timestamp="20200203 20:24:38.221" level="INFO">C:\Users\shivam.raghuwanshi\PycharmProjects\API_POC\venv\Lib\site-packages\site-packages\urllib3\connectionpool.py:851: InsecureRequestWarning: Unverified HTTPS request is being made. Adding certificate verification is strongly advised. See: https://urllib3.readthedocs.io/en/latest/advanced-usage.html#ssl-warnings
  InsecureRequestWarning)
C:\Users\shivam.raghuwanshi\PycharmProjects\API_POC\venv\Lib\site-packages\site-packages\urllib3\connectionpool.py:851: InsecureRequestWarning: Unverified HTTPS request is being made. Adding certificate verification is strongly advised. See: https://urllib3.readthedocs.io/en/latest/advanced-usage.html#ssl-warnings
  InsecureRequestWarning)</msg>
<msg timestamp="20200203 20:24:38.222" level="INFO">${response} = &lt;Response [404]&gt;</msg>
<status status="PASS" starttime="20200203 20:24:36.136" endtime="20200203 20:24:38.222"></status>
</kw>
<kw name="Log" library="BuiltIn">
<doc>Logs the given message with the given level.</doc>
<arguments>
<arg>${response}</arg>
</arguments>
<msg timestamp="20200203 20:24:38.222" level="INFO">&lt;Response [404]&gt;</msg>
<status status="PASS" starttime="20200203 20:24:38.222" endtime="20200203 20:24:38.222"></status>
</kw>
<kw name="Append To List" library="Collections">
<doc>Adds ``values`` to the end of ``list``.</doc>
<arguments>
<arg>${responses}</arg>
<arg>${response}</arg>
</arguments>
<msg timestamp="20200203 20:24:38.223" level="FAIL">TypeError: Expected argument 1 to be a list or list-like, got string instead.</msg>
<status status="FAIL" starttime="20200203 20:24:38.223" endtime="20200203 20:24:38.223"></status>
</kw>
<status status="FAIL" starttime="20200203 20:24:36.134" endtime="20200203 20:24:38.223"></status>
</kw>
<status status="FAIL" starttime="20200203 20:24:36.133" endtime="20200203 20:24:38.223"></status>
</kw>
<status status="FAIL" starttime="20200203 20:24:36.133" endtime="20200203 20:24:38.224"></status>
</kw>
<status status="FAIL" starttime="20200203 20:24:36.132" endtime="20200203 20:24:38.224" critical="yes">TypeError: Expected argument 1 to be a list or list-like, got string instead.</status>
</test>
<doc>This file will cover the user story</doc>
<status status="FAIL" starttime="20200203 20:24:35.718" endtime="20200203 20:24:38.226"></status>
</suite>
<status status="FAIL" starttime="20200203 20:24:35.674" endtime="20200203 20:24:38.229"></status>
</suite>
<statistics>
<total>
<stat pass="1" fail="1">Critical Tests</stat>
<stat pass="1" fail="1">All Tests</stat>
</total>
<tag>
</tag>
<suite>
<stat pass="1" fail="1" id="s1" name="TestCases">TestCases</stat>
<stat pass="1" fail="1" id="s1-s1" name="testCase1">TestCases.testCase1</stat>
</suite>
</statistics>
<errors>
</errors>
</robot>
