<?xml version="1.0" encoding="UTF-8"?>
<robot generator="Robot 3.1.2 (Python 3.7.4 on win32)" generated="20200204 00:35:20.661" rpa="false">
<suite id="s1" name="TestCases" source="C:\Users\shivam.raghuwanshi\PycharmProjects\API_POC\TestCases">
<suite id="s1-s1" name="testCase1" source="C:\Users\shivam.raghuwanshi\PycharmProjects\API_POC\TestCases\testCase1.robot">
<test id="s1-s1-t1" name="1. Array of all the URLs given in csv should get created and verifed">
<kw name="Initialize Array from CSV" library="Create_URLs">
<arguments>
<arg>${csv_path}</arg>
</arguments>
<kw name="Read Csv File" library="csvLibrary">
<doc>This creates a keyword named "Read CSV File"</doc>
<arguments>
<arg>${csv_path}</arg>
</arguments>
<assign>
<var>${urls}</var>
</assign>
<msg timestamp="20200204 00:35:21.200" level="INFO">${urls} = [['https://bit.ly/2MMhOhs', 'https://bit.ly/2MMhOhs', 'https://bit.ly/2MMhOhs', 'https://bit.ly/2MMhOhs', 'https://bit.ly/2MMhOhs']]</msg>
<status status="PASS" starttime="20200204 00:35:21.197" endtime="20200204 00:35:21.200"></status>
</kw>
<kw name="Set Global Variable" library="BuiltIn">
<doc>Makes a variable available globally in all tests and suites.</doc>
<arguments>
<arg>${urls}</arg>
</arguments>
<msg timestamp="20200204 00:35:21.200" level="INFO">${urls} = [['https://bit.ly/2MMhOhs', 'https://bit.ly/2MMhOhs', 'https://bit.ly/2MMhOhs', 'https://bit.ly/2MMhOhs', 'https://bit.ly/2MMhOhs']]</msg>
<status status="PASS" starttime="20200204 00:35:21.200" endtime="20200204 00:35:21.200"></status>
</kw>
<kw name="Process Array" library="ArrayProcessor">
<doc>This creates a keyword named "process array"</doc>
<arguments>
<arg>${urls}</arg>
</arguments>
<assign>
<var>${urls}</var>
</assign>
<msg timestamp="20200204 00:35:21.200" level="INFO">${urls} = ['https://bit.ly/2MMhOhs', 'https://bit.ly/2MMhOhs', 'https://bit.ly/2MMhOhs', 'https://bit.ly/2MMhOhs', 'https://bit.ly/2MMhOhs']</msg>
<status status="PASS" starttime="20200204 00:35:21.200" endtime="20200204 00:35:21.200"></status>
</kw>
<kw name="Set Global Variable" library="BuiltIn">
<doc>Makes a variable available globally in all tests and suites.</doc>
<arguments>
<arg>${urls}</arg>
</arguments>
<msg timestamp="20200204 00:35:21.200" level="INFO">${urls} = ['https://bit.ly/2MMhOhs', 'https://bit.ly/2MMhOhs', 'https://bit.ly/2MMhOhs', 'https://bit.ly/2MMhOhs', 'https://bit.ly/2MMhOhs']</msg>
<status status="PASS" starttime="20200204 00:35:21.200" endtime="20200204 00:35:21.200"></status>
</kw>
<kw name="Log" library="BuiltIn">
<doc>Logs the given message with the given level.</doc>
<arguments>
<arg>${urls}</arg>
</arguments>
<msg timestamp="20200204 00:35:21.200" level="INFO">['https://bit.ly/2MMhOhs', 'https://bit.ly/2MMhOhs', 'https://bit.ly/2MMhOhs', 'https://bit.ly/2MMhOhs', 'https://bit.ly/2MMhOhs']</msg>
<status status="PASS" starttime="20200204 00:35:21.200" endtime="20200204 00:35:21.200"></status>
</kw>
<status status="PASS" starttime="20200204 00:35:21.197" endtime="20200204 00:35:21.204"></status>
</kw>
<kw name="Array verified" library="Create_URLs">
<arguments>
<arg>${csv_path}</arg>
</arguments>
<kw name="Verify Array" library="csvLibrary">
<doc>This creates a keyword "verify URL array"</doc>
<arguments>
<arg>${urls}</arg>
<arg>${csv_path}</arg>
</arguments>
<status status="PASS" starttime="20200204 00:35:21.204" endtime="20200204 00:35:21.204"></status>
</kw>
<status status="PASS" starttime="20200204 00:35:21.204" endtime="20200204 00:35:21.208"></status>
</kw>
<status status="PASS" starttime="20200204 00:35:21.197" endtime="20200204 00:35:21.216" critical="yes"></status>
</test>
<test id="s1-s1-t2" name="2. Send the request to the server">
<kw name="Send the request" library="Create_URLs">
<kw name="Request Hit" library="RequestManager">
<assign>
<var>${data}</var>
</assign>
<msg timestamp="20200204 00:35:22.810" level="INFO">&lt;Response [200]&gt;</msg>
<msg timestamp="20200204 00:35:22.874" level="INFO">${data} = [{'web_pages': ['https://www.cstj.qc.ca', 'https://ccmt.cstj.qc.ca', 'https://ccml.cstj.qc.ca'], 'name': 'Cégep de Saint-Jérôme', 'alpha_two_code': 'CA', 'state-province': None, 'domains': ['cstj.qc.c...</msg>
<status status="PASS" starttime="20200204 00:35:21.216" endtime="20200204 00:35:22.874"></status>
</kw>
<kw name="Log To Console" library="BuiltIn">
<doc>Logs the given message to the console.</doc>
<arguments>
<arg>${data}</arg>
</arguments>
<status status="PASS" starttime="20200204 00:35:22.874" endtime="20200204 00:35:23.445"></status>
</kw>
<status status="PASS" starttime="20200204 00:35:21.216" endtime="20200204 00:35:23.445"></status>
</kw>
<status status="PASS" starttime="20200204 00:35:21.216" endtime="20200204 00:35:23.445" critical="yes"></status>
</test>
<doc>This file will cover the user story</doc>
<status status="PASS" starttime="20200204 00:35:20.725" endtime="20200204 00:35:23.449"></status>
</suite>
<status status="PASS" starttime="20200204 00:35:20.677" endtime="20200204 00:35:23.481"></status>
</suite>
<statistics>
<total>
<stat pass="2" fail="0">Critical Tests</stat>
<stat pass="2" fail="0">All Tests</stat>
</total>
<tag>
</tag>
<suite>
<stat pass="2" fail="0" id="s1" name="TestCases">TestCases</stat>
<stat pass="2" fail="0" id="s1-s1" name="testCase1">TestCases.testCase1</stat>
</suite>
</statistics>
<errors>
</errors>
</robot>
