<?xml version="1.0" encoding="UTF-8"?>
<robot generator="Robot 3.1.2 (Python 3.7.4 on win32)" generated="20200203 16:00:45.964" rpa="false">
<suite id="s1" name="TestCases" source="C:\Users\shivam.raghuwanshi\PycharmProjects\API_POC\TestCases">
<suite id="s1-s1" name="testCase1" source="C:\Users\shivam.raghuwanshi\PycharmProjects\API_POC\TestCases\testCase1.robot">
<test id="s1-s1-t1" name="1. Array of all the URLs given in csv should get created and verifed">
<kw name="Initialize Array from CSV" library="Create_URLs">
<arguments>
<arg>${csv_path}</arg>
</arguments>
<kw name="Read Csv File" library="csvLibrary">
<doc>This creates a keyword named "Read CSV File"</doc>
<arguments>
<arg>${csv_path}</arg>
</arguments>
<assign>
<var>${urls}</var>
</assign>
<msg timestamp="20200203 16:00:46.051" level="INFO">${urls} = [['https://bit.ly/2sDY4pl', 'https://bit.ly/2sDY4pl', 'https://bit.ly/2sDY4pl', 'https://bit.ly/2sDY4pl', 'https://bit.ly/2sDY4pl', 'https://bit.ly/2sDY4pl', 'https://bit.ly/2sDY4pl', 'https://bit.ly/...</msg>
<status status="PASS" starttime="20200203 16:00:46.047" endtime="20200203 16:00:46.051"></status>
</kw>
<kw name="Log" library="BuiltIn">
<doc>Logs the given message with the given level.</doc>
<arguments>
<arg>${urls}</arg>
</arguments>
<msg timestamp="20200203 16:00:46.055" level="INFO">[['https://bit.ly/2sDY4pl', 'https://bit.ly/2sDY4pl', 'https://bit.ly/2sDY4pl', 'https://bit.ly/2sDY4pl', 'https://bit.ly/2sDY4pl', 'https://bit.ly/2sDY4pl', 'https://bit.ly/2sDY4pl', 'https://bit.ly/2sDY4pl', 'https://bit.ly/2sDY4pl', 'https://bit.ly/2sDY4pl', 'https://bit.ly/2sDY4pl', 'https://bit.ly/2sDY4pl', 'https://bit.ly/2sDY4pl', 'https://bit.ly/2sDY4pl', 'https://bit.ly/2sDY4pl', 'https://bit.ly/2sDY4plhttps://bit.ly/2sDY4pl', 'https://bit.ly/2sDY4pl', 'https://bit.ly/2sDY4pl', 'https://bit.ly/2sDY4pl', 'https://bit.ly/2sDY4pl', 'https://bit.ly/2sDY4pl', 'https://bit.ly/2sDY4pl', 'https://bit.ly/2sDY4plhttps://bit.ly/2sDY4pl', 'https://bit.ly/2sDY4pl', 'https://bit.ly/2sDY4pl', 'https://bit.ly/2sDY4pl', 'https://bit.ly/2sDY4pl', 'https://bit.ly/2sDY4pl', 'https://bit.ly/2sDY4pl', 'https://bit.ly/2sDY4plhttps://bit.ly/2sDY4pl', 'https://bit.ly/2sDY4pl', 'https://bit.ly/2sDY4pl', 'https://bit.ly/2sDY4pl', 'https://bit.ly/2sDY4pl', 'https://bit.ly/2sDY4pl', 'https://bit.ly/2sDY4pl', 'https://bit.ly/2sDY4plhttps://bit.ly/2sDY4pl', 'https://bit.ly/2sDY4pl', 'https://bit.ly/2sDY4pl', 'https://bit.ly/2sDY4pl', 'https://bit.ly/2sDY4pl', 'https://bit.ly/2sDY4pl', 'https://bit.ly/2sDY4pl', 'https://bit.ly/2sDY4plhttps://bit.ly/2sDY4pl', 'https://bit.ly/2sDY4pl', 'https://bit.ly/2sDY4pl', 'https://bit.ly/2sDY4pl', 'https://bit.ly/2sDY4pl', 'https://bit.ly/2sDY4pl', 'https://bit.ly/2sDY4pl', 'https://bit.ly/2sDY4plhttps://bit.ly/2sDY4pl', 'https://bit.ly/2sDY4pl', 'https://bit.ly/2sDY4pl', 'https://bit.ly/2sDY4pl', 'https://bit.ly/2sDY4pl', 'https://bit.ly/2sDY4pl', 'https://bit.ly/2sDY4pl', 'https://bit.ly/2sDY4plhttps://bit.ly/2sDY4pl', 'https://bit.ly/2sDY4pl', 'https://bit.ly/2sDY4pl', 'https://bit.ly/2sDY4pl', 'https://bit.ly/2sDY4pl', 'https://bit.ly/2sDY4pl', 'https://bit.ly/2sDY4pl', 'https://bit.ly/2sDY4plhttps://bit.ly/2sDY4pl', 'https://bit.ly/2sDY4pl', 'https://bit.ly/2sDY4pl', 'https://bit.ly/2sDY4pl', 'https://bit.ly/2sDY4pl', 'https://bit.ly/2sDY4pl', 'https://bit.ly/2sDY4pl', 'https://bit.ly/2sDY4plhttps://bit.ly/2sDY4pl', 'https://bit.ly/2sDY4pl', 'https://bit.ly/2sDY4pl', 'https://bit.ly/2sDY4pl', 'https://bit.ly/2sDY4pl', 'https://bit.ly/2sDY4pl', 'https://bit.ly/2sDY4pl', 'https://bit.ly/2sDY4plhttps://bit.ly/2sDY4pl', 'https://bit.ly/2sDY4pl', 'https://bit.ly/2sDY4pl', 'https://bit.ly/2sDY4pl', 'https://bit.ly/2sDY4pl', 'https://bit.ly/2sDY4pl', 'https://bit.ly/2sDY4pl', 'https://bit.ly/2sDY4plhttps://bit.ly/2sDY4pl', 'https://bit.ly/2sDY4pl', 'https://bit.ly/2sDY4pl', 'https://bit.ly/2sDY4pl', 'https://bit.ly/2sDY4pl', 'https://bit.ly/2sDY4pl', 'https://bit.ly/2sDY4pl', 'https://bit.ly/2sDY4plhttps://bit.ly/2sDY4pl', 'https://bit.ly/2sDY4pl', 'https://bit.ly/2sDY4pl', 'https://bit.ly/2sDY4pl', 'https://bit.ly/2sDY4pl', 'https://bit.ly/2sDY4pl', 'https://bit.ly/2sDY4pl', 'https://bit.ly/2sDY4plhttps://bit.ly/2sDY4pl', 'https://bit.ly/2sDY4pl', 'https://bit.ly/2sDY4pl', 'https://bit.ly/2sDY4pl', 'https://bit.ly/2sDY4pl', 'https://bit.ly/2sDY4pl', 'https://bit.ly/2sDY4pl', 'https://bit.ly/2sDY4plhttps://bit.ly/2sDY4pl', 'https://bit.ly/2sDY4pl', 'https://bit.ly/2sDY4pl', 'https://bit.ly/2sDY4pl', 'https://bit.ly/2sDY4pl', 'https://bit.ly/2sDY4pl', 'https://bit.ly/2sDY4pl', 'https://bit.ly/2sDY4plhttps://bit.ly/2sDY4pl', 'https://bit.ly/2sDY4pl', 'https://bit.ly/2sDY4pl', 'https://bit.ly/2sDY4pl', 'https://bit.ly/2sDY4pl', 'https://bit.ly/2sDY4pl', 'https://bit.ly/2sDY4pl', 'https://bit.ly/2sDY4plhttps://bit.ly/2sDY4pl', 'https://bit.ly/2sDY4pl', 'https://bit.ly/2sDY4pl', 'https://bit.ly/2sDY4pl', 'https://bit.ly/2sDY4pl', 'https://bit.ly/2sDY4pl', 'https://bit.ly/2sDY4pl', 'https://bit.ly/2sDY4plhttps://bit.ly/2sDY4pl', 'https://bit.ly/2sDY4pl', 'https://bit.ly/2sDY4pl', 'https://bit.ly/2sDY4pl', 'https://bit.ly/2sDY4pl', 'https://bit.ly/2sDY4pl', 'https://bit.ly/2sDY4pl', 'https://bit.ly/2sDY4plhttps://bit.ly/2sDY4pl', 'https://bit.ly/2sDY4pl', 'https://bit.ly/2sDY4pl', 'https://bit.ly/2sDY4pl', 'https://bit.ly/2sDY4pl', 'https://bit.ly/2sDY4pl', 'https://bit.ly/2sDY4pl', 'https://bit.ly/2sDY4plhttps://bit.ly/2sDY4pl', 'https://bit.ly/2sDY4pl', 'https://bit.ly/2sDY4pl', 'https://bit.ly/2sDY4pl', 'https://bit.ly/2sDY4pl', 'https://bit.ly/2sDY4pl', 'https://bit.ly/2sDY4pl', 'https://bit.ly/2sDY4plhttps://bit.ly/2sDY4pl', 'https://bit.ly/2sDY4pl', 'https://bit.ly/2sDY4pl', 'https://bit.ly/2sDY4pl', 'https://bit.ly/2sDY4pl', 'https://bit.ly/2sDY4pl', 'https://bit.ly/2sDY4pl', 'https://bit.ly/2sDY4plhttps://bit.ly/2sDY4pl', 'https://bit.ly/2sDY4pl', 'https://bit.ly/2sDY4pl', 'https://bit.ly/2sDY4pl', 'https://bit.ly/2sDY4pl', 'https://bit.ly/2sDY4pl', 'https://bit.ly/2sDY4pl', 'https://bit.ly/2sDY4plhttps://bit.ly/2sDY4pl', 'https://bit.ly/2sDY4pl', 'https://bit.ly/2sDY4pl', 'https://bit.ly/2sDY4pl', 'https://bit.ly/2sDY4pl', 'https://bit.ly/2sDY4pl', 'https://bit.ly/2sDY4pl', 'https://bit.ly/2sDY4plhttps://bit.ly/2sDY4pl', 'https://bit.ly/2sDY4pl', 'https://bit.ly/2sDY4pl', 'https://bit.ly/2sDY4pl', 'https://bit.ly/2sDY4pl', 'https://bit.ly/2sDY4pl', 'https://bit.ly/2sDY4pl', 'https://bit.ly/2sDY4plhttps://bit.ly/2sDY4pl', 'https://bit.ly/2sDY4pl', 'https://bit.ly/2sDY4pl', 'https://bit.ly/2sDY4pl', 'https://bit.ly/2sDY4pl', 'https://bit.ly/2sDY4pl', 'https://bit.ly/2sDY4pl', 'https://bit.ly/2sDY4plhttps://bit.ly/2sDY4pl', 'https://bit.ly/2sDY4pl', 'https://bit.ly/2sDY4pl', 'https://bit.ly/2sDY4pl', 'https://bit.ly/2sDY4pl', 'https://bit.ly/2sDY4pl', 'https://bit.ly/2sDY4pl', 'https://bit.ly/2sDY4plhttps://bit.ly/2sDY4pl', 'https://bit.ly/2sDY4pl', 'https://bit.ly/2sDY4pl', 'https://bit.ly/2sDY4pl', 'https://bit.ly/2sDY4pl', 'https://bit.ly/2sDY4pl', 'https://bit.ly/2sDY4pl', 'https://bit.ly/2sDY4plhttps://bit.ly/2sDY4pl', 'https://bit.ly/2sDY4pl', 'https://bit.ly/2sDY4pl', 'https://bit.ly/2sDY4pl', 'https://bit.ly/2sDY4pl', 'https://bit.ly/2sDY4pl', 'https://bit.ly/2sDY4pl', 'https://bit.ly/2sDY4plhttps://bit.ly/2sDY4pl', 'https://bit.ly/2sDY4pl', 'https://bit.ly/2sDY4pl', 'https://bit.ly/2sDY4pl', 'https://bit.ly/2sDY4pl', 'https://bit.ly/2sDY4pl', 'https://bit.ly/2sDY4pl', 'https://bit.ly/2sDY4plhttps://bit.ly/2sDY4pl', 'https://bit.ly/2sDY4pl', 'https://bit.ly/2sDY4pl', 'https://bit.ly/2sDY4pl', 'https://bit.ly/2sDY4pl', 'https://bit.ly/2sDY4pl', 'https://bit.ly/2sDY4pl', 'https://bit.ly/2sDY4plhttps://bit.ly/2sDY4pl', 'https://bit.ly/2sDY4pl', 'https://bit.ly/2sDY4pl', 'https://bit.ly/2sDY4pl', 'https://bit.ly/2sDY4pl', 'https://bit.ly/2sDY4pl', 'https://bit.ly/2sDY4pl', 'https://bit.ly/2sDY4plhttps://bit.ly/2sDY4pl', 'https://bit.ly/2sDY4pl', 'https://bit.ly/2sDY4pl', 'https://bit.ly/2sDY4pl', 'https://bit.ly/2sDY4pl', 'https://bit.ly/2sDY4pl', 'https://bit.ly/2sDY4pl', 'https://bit.ly/2sDY4plhttps://bit.ly/2sDY4pl', 'https://bit.ly/2sDY4pl', 'https://bit.ly/2sDY4pl', 'https://bit.ly/2sDY4pl', 'https://bit.ly/2sDY4pl', 'https://bit.ly/2sDY4pl', 'https://bit.ly/2sDY4pl', 'https://bit.ly/2sDY4plhttps://bit.ly/2sDY4pl', 'https://bit.ly/2sDY4pl', 'https://bit.ly/2sDY4pl', 'https://bit.ly/2sDY4pl', 'https://bit.ly/2sDY4pl', 'https://bit.ly/2sDY4pl', 'https://bit.ly/2sDY4pl', 'https://bit.ly/2sDY4plhttps://bit.ly/2sDY4pl', 'https://bit.ly/2sDY4pl', 'https://bit.ly/2sDY4pl', 'https://bit.ly/2sDY4pl', 'https://bit.ly/2sDY4pl', 'https://bit.ly/2sDY4pl', 'https://bit.ly/2sDY4pl', 'https://bit.ly/2sDY4plhttps://bit.ly/2sDY4pl', 'https://bit.ly/2sDY4pl', 'https://bit.ly/2sDY4pl', 'https://bit.ly/2sDY4pl', 'https://bit.ly/2sDY4pl', 'https://bit.ly/2sDY4pl', 'https://bit.ly/2sDY4pl', 'https://bit.ly/2sDY4plhttps://bit.ly/2sDY4pl', 'https://bit.ly/2sDY4pl', 'https://bit.ly/2sDY4pl', 'https://bit.ly/2sDY4pl', 'https://bit.ly/2sDY4pl', 'https://bit.ly/2sDY4pl', 'https://bit.ly/2sDY4pl', 'https://bit.ly/2sDY4plhttps://bit.ly/2sDY4pl', 'https://bit.ly/2sDY4pl', 'https://bit.ly/2sDY4pl', 'https://bit.ly/2sDY4pl', 'https://bit.ly/2sDY4pl', 'https://bit.ly/2sDY4pl', 'https://bit.ly/2sDY4pl', 'https://bit.ly/2sDY4plhttps://bit.ly/2sDY4pl', 'https://bit.ly/2sDY4pl', 'https://bit.ly/2sDY4pl', 'https://bit.ly/2sDY4pl', 'https://bit.ly/2sDY4pl', 'https://bit.ly/2sDY4pl', 'https://bit.ly/2sDY4pl', 'https://bit.ly/2sDY4plhttps://bit.ly/2sDY4pl', 'https://bit.ly/2sDY4pl', 'https://bit.ly/2sDY4pl', 'https://bit.ly/2sDY4pl', 'https://bit.ly/2sDY4pl', 'https://bit.ly/2sDY4pl', 'https://bit.ly/2sDY4pl', 'https://bit.ly/2sDY4plhttps://bit.ly/2sDY4pl', 'https://bit.ly/2sDY4pl', 'https://bit.ly/2sDY4pl', 'https://bit.ly/2sDY4pl', 'https://bit.ly/2sDY4pl', 'https://bit.ly/2sDY4pl', 'https://bit.ly/2sDY4pl', 'https://bit.ly/2sDY4plhttps://bit.ly/2sDY4pl', 'https://bit.ly/2sDY4pl', 'https://bit.ly/2sDY4pl', 'https://bit.ly/2sDY4pl', 'https://bit.ly/2sDY4pl', 'https://bit.ly/2sDY4pl', 'https://bit.ly/2sDY4pl', 'https://bit.ly/2sDY4plhttps://bit.ly/2sDY4pl', 'https://bit.ly/2sDY4pl', 'https://bit.ly/2sDY4pl', 'https://bit.ly/2sDY4pl', 'https://bit.ly/2sDY4pl', 'https://bit.ly/2sDY4pl', 'https://bit.ly/2sDY4pl', 'https://bit.ly/2sDY4plhttps://bit.ly/2sDY4pl', 'https://bit.ly/2sDY4pl', 'https://bit.ly/2sDY4pl', 'https://bit.ly/2sDY4pl', 'https://bit.ly/2sDY4pl', 'https://bit.ly/2sDY4pl', 'https://bit.ly/2sDY4pl', 'https://bit.ly/2sDY4plhttps://bit.ly/2sDY4pl', 'https://bit.ly/2sDY4pl', 'https://bit.ly/2sDY4pl', 'https://bit.ly/2sDY4pl', 'https://bit.ly/2sDY4pl', 'https://bit.ly/2sDY4pl', 'https://bit.ly/2sDY4pl', 'https://bit.ly/2sDY4plhttps://bit.ly/2sDY4pl', 'https://bit.ly/2sDY4pl', 'https://bit.ly/2sDY4pl', 'https://bit.ly/2sDY4pl', 'https://bit.ly/2sDY4pl', 'https://bit.ly/2sDY4pl', 'https://bit.ly/2sDY4pl', 'https://bit.ly/2sDY4plhttps://bit.ly/2sDY4pl', 'https://bit.ly/2sDY4pl', 'https://bit.ly/2sDY4pl', 'https://bit.ly/2sDY4pl', 'https://bit.ly/2sDY4pl', 'https://bit.ly/2sDY4pl', 'https://bit.ly/2sDY4pl', 'https://bit.ly/2sDY4plhttps://bit.ly/2sDY4pl', 'https://bit.ly/2sDY4pl', 'https://bit.ly/2sDY4pl', 'https://bit.ly/2sDY4pl', 'https://bit.ly/2sDY4pl', 'https://bit.ly/2sDY4pl', 'https://bit.ly/2sDY4pl', 'https://bit.ly/2sDY4plhttps://bit.ly/2sDY4pl', 'https://bit.ly/2sDY4pl', 'https://bit.ly/2sDY4pl', 'https://bit.ly/2sDY4pl', 'https://bit.ly/2sDY4pl', 'https://bit.ly/2sDY4pl', 'https://bit.ly/2sDY4pl', 'https://bit.ly/2sDY4plhttps://bit.ly/2sDY4pl', 'https://bit.ly/2sDY4pl', 'https://bit.ly/2sDY4pl', 'https://bit.ly/2sDY4pl', 'https://bit.ly/2sDY4pl', 'https://bit.ly/2sDY4pl', 'https://bit.ly/2sDY4pl', 'https://bit.ly/2sDY4plhttps://bit.ly/2sDY4pl', 'https://bit.ly/2sDY4pl', 'https://bit.ly/2sDY4pl', 'https://bit.ly/2sDY4pl', 'https://bit.ly/2sDY4pl', 'https://bit.ly/2sDY4pl', 'https://bit.ly/2sDY4pl', 'https://bit.ly/2sDY4plhttps://bit.ly/2sDY4pl', 'https://bit.ly/2sDY4pl', 'https://bit.ly/2sDY4pl', 'https://bit.ly/2sDY4pl', 'https://bit.ly/2sDY4pl', 'https://bit.ly/2sDY4pl', 'https://bit.ly/2sDY4pl', 'https://bit.ly/2sDY4plhttps://bit.ly/2sDY4pl', 'https://bit.ly/2sDY4pl', 'https://bit.ly/2sDY4pl', 'https://bit.ly/2sDY4pl', 'https://bit.ly/2sDY4pl', 'https://bit.ly/2sDY4pl', 'https://bit.ly/2sDY4pl', 'https://bit.ly/2sDY4plhttps://bit.ly/2sDY4pl', 'https://bit.ly/2sDY4pl', 'https://bit.ly/2sDY4pl', 'https://bit.ly/2sDY4pl', 'https://bit.ly/2sDY4pl', 'https://bit.ly/2sDY4pl', 'https://bit.ly/2sDY4pl', 'https://bit.ly/2sDY4plhttps://bit.ly/2sDY4pl', 'https://bit.ly/2sDY4pl', 'https://bit.ly/2sDY4pl', 'https://bit.ly/2sDY4pl', 'https://bit.ly/2sDY4pl', 'https://bit.ly/2sDY4pl', 'https://bit.ly/2sDY4pl', 'https://bit.ly/2sDY4plhttps://bit.ly/2sDY4pl', 'https://bit.ly/2sDY4pl', 'https://bit.ly/2sDY4pl', 'https://bit.ly/2sDY4pl', 'https://bit.ly/2sDY4pl', 'https://bit.ly/2sDY4pl', 'https://bit.ly/2sDY4pl', 'https://bit.ly/2sDY4plhttps://bit.ly/2sDY4pl', 'https://bit.ly/2sDY4pl', 'https://bit.ly/2sDY4pl', 'https://bit.ly/2sDY4pl', 'https://bit.ly/2sDY4pl', 'https://bit.ly/2sDY4pl', 'https://bit.ly/2sDY4pl', 'https://bit.ly/2sDY4plhttps://bit.ly/2sDY4pl', 'https://bit.ly/2sDY4pl', 'https://bit.ly/2sDY4pl', 'https://bit.ly/2sDY4pl', 'https://bit.ly/2sDY4pl', 'https://bit.ly/2sDY4pl', 'https://bit.ly/2sDY4pl', 'https://bit.ly/2sDY4plhttps://bit.ly/2sDY4pl', 'https://bit.ly/2sDY4pl', 'https://bit.ly/2sDY4pl', 'https://bit.ly/2sDY4pl', 'https://bit.ly/2sDY4pl', 'https://bit.ly/2sDY4pl', 'https://bit.ly/2sDY4pl', 'https://bit.ly/2sDY4plhttps://bit.ly/2sDY4pl', 'https://bit.ly/2sDY4pl', 'https://bit.ly/2sDY4pl', 'https://bit.ly/2sDY4pl', 'https://bit.ly/2sDY4pl', 'https://bit.ly/2sDY4pl', 'https://bit.ly/2sDY4pl', 'https://bit.ly/2sDY4plhttps://bit.ly/2sDY4pl', 'https://bit.ly/2sDY4pl', 'https://bit.ly/2sDY4pl', 'https://bit.ly/2sDY4pl', 'https://bit.ly/2sDY4pl', 'https://bit.ly/2sDY4pl', 'https://bit.ly/2sDY4pl', 'https://bit.ly/2sDY4plhttps://bit.ly/2sDY4pl', 'https://bit.ly/2sDY4pl', 'https://bit.ly/2sDY4pl', 'https://bit.ly/2sDY4pl', 'https://bit.ly/2sDY4pl', 'https://bit.ly/2sDY4pl', 'https://bit.ly/2sDY4pl', 'https://bit.ly/2sDY4plhttps://bit.ly/2sDY4pl', 'https://bit.ly/2sDY4pl', 'https://bit.ly/2sDY4pl', 'https://bit.ly/2sDY4pl', 'https://bit.ly/2sDY4pl', 'https://bit.ly/2sDY4pl', 'https://bit.ly/2sDY4pl', 'https://bit.ly/2sDY4plhttps://bit.ly/2sDY4pl', 'https://bit.ly/2sDY4pl', 'https://bit.ly/2sDY4pl', 'https://bit.ly/2sDY4pl', 'https://bit.ly/2sDY4pl', 'https://bit.ly/2sDY4pl', 'https://bit.ly/2sDY4pl', 'https://bit.ly/2sDY4plhttps://bit.ly/2sDY4pl', 'https://bit.ly/2sDY4pl', 'https://bit.ly/2sDY4pl', 'https://bit.ly/2sDY4pl', 'https://bit.ly/2sDY4pl', 'https://bit.ly/2sDY4pl', 'https://bit.ly/2sDY4pl', 'https://bit.ly/2sDY4plhttps://bit.ly/2sDY4pl', 'https://bit.ly/2sDY4pl', 'https://bit.ly/2sDY4pl', 'https://bit.ly/2sDY4pl', 'https://bit.ly/2sDY4pl', 'https://bit.ly/2sDY4pl', 'https://bit.ly/2sDY4pl', 'https://bit.ly/2sDY4plhttps://bit.ly/2sDY4pl', 'https://bit.ly/2sDY4pl', 'https://bit.ly/2sDY4pl', 'https://bit.ly/2sDY4pl', 'https://bit.ly/2sDY4pl', 'https://bit.ly/2sDY4pl', 'https://bit.ly/2sDY4pl', 'https://bit.ly/2sDY4plhttps://bit.ly/2sDY4pl', 'https://bit.ly/2sDY4pl', 'https://bit.ly/2sDY4pl', 'https://bit.ly/2sDY4pl', 'https://bit.ly/2sDY4pl', 'https://bit.ly/2sDY4pl', 'https://bit.ly/2sDY4pl', 'https://bit.ly/2sDY4plhttps://bit.ly/2sDY4pl', 'https://bit.ly/2sDY4pl', 'https://bit.ly/2sDY4pl', 'https://bit.ly/2sDY4pl', 'https://bit.ly/2sDY4pl', 'https://bit.ly/2sDY4pl', 'https://bit.ly/2sDY4pl', 'https://bit.ly/2sDY4plhttps://bit.ly/2sDY4pl', 'https://bit.ly/2sDY4pl', 'https://bit.ly/2sDY4pl', 'https://bit.ly/2sDY4pl', 'https://bit.ly/2sDY4pl', 'https://bit.ly/2sDY4pl', 'https://bit.ly/2sDY4pl', 'https://bit.ly/2sDY4plhttps://bit.ly/2sDY4pl', 'https://bit.ly/2sDY4pl', 'https://bit.ly/2sDY4pl', 'https://bit.ly/2sDY4pl', 'https://bit.ly/2sDY4pl', 'https://bit.ly/2sDY4pl', 'https://bit.ly/2sDY4pl', 'https://bit.ly/2sDY4plhttps://bit.ly/2sDY4pl', 'https://bit.ly/2sDY4pl', 'https://bit.ly/2sDY4pl', 'https://bit.ly/2sDY4pl', 'https://bit.ly/2sDY4pl', 'https://bit.ly/2sDY4pl', 'https://bit.ly/2sDY4pl', 'https://bit.ly/2sDY4plhttps://bit.ly/2sDY4pl', 'https://bit.ly/2sDY4pl', 'https://bit.ly/2sDY4pl', 'https://bit.ly/2sDY4pl', 'https://bit.ly/2sDY4pl', 'https://bit.ly/2sDY4pl', 'https://bit.ly/2sDY4pl', 'https://bit.ly/2sDY4plhttps://bit.ly/2sDY4pl', 'https://bit.ly/2sDY4pl', 'https://bit.ly/2sDY4pl', 'https://bit.ly/2sDY4pl', 'https://bit.ly/2sDY4pl', 'https://bit.ly/2sDY4pl', 'https://bit.ly/2sDY4pl', 'https://bit.ly/2sDY4plhttps://bit.ly/2sDY4pl', 'https://bit.ly/2sDY4pl', 'https://bit.ly/2sDY4pl', 'https://bit.ly/2sDY4pl', 'https://bit.ly/2sDY4pl', 'https://bit.ly/2sDY4pl', 'https://bit.ly/2sDY4pl', 'https://bit.ly/2sDY4plhttps://bit.ly/2sDY4pl', 'https://bit.ly/2sDY4pl', 'https://bit.ly/2sDY4pl', 'https://bit.ly/2sDY4pl', 'https://bit.ly/2sDY4pl', 'https://bit.ly/2sDY4pl', 'https://bit.ly/2sDY4pl', 'https://bit.ly/2sDY4plhttps://bit.ly/2sDY4pl', 'https://bit.ly/2sDY4pl', 'https://bit.ly/2sDY4pl', 'https://bit.ly/2sDY4pl', 'https://bit.ly/2sDY4pl', 'https://bit.ly/2sDY4pl', 'https://bit.ly/2sDY4pl', 'https://bit.ly/2sDY4plhttps://bit.ly/2sDY4pl', 'https://bit.ly/2sDY4pl', 'https://bit.ly/2sDY4pl', 'https://bit.ly/2sDY4pl', 'https://bit.ly/2sDY4pl', 'https://bit.ly/2sDY4pl', 'https://bit.ly/2sDY4pl', 'https://bit.ly/2sDY4plhttps://bit.ly/2sDY4pl', 'https://bit.ly/2sDY4pl', 'https://bit.ly/2sDY4pl', 'https://bit.ly/2sDY4pl', 'https://bit.ly/2sDY4pl', 'https://bit.ly/2sDY4pl', 'https://bit.ly/2sDY4pl', 'https://bit.ly/2sDY4plhttps://bit.ly/2sDY4pl', 'https://bit.ly/2sDY4pl', 'https://bit.ly/2sDY4pl', 'https://bit.ly/2sDY4pl', 'https://bit.ly/2sDY4pl', 'https://bit.ly/2sDY4pl', 'https://bit.ly/2sDY4pl', 'https://bit.ly/2sDY4plhttps://bit.ly/2sDY4pl', 'https://bit.ly/2sDY4pl', 'https://bit.ly/2sDY4pl', 'https://bit.ly/2sDY4pl', 'https://bit.ly/2sDY4pl', 'https://bit.ly/2sDY4pl', 'https://bit.ly/2sDY4pl', 'https://bit.ly/2sDY4plhttps://bit.ly/2sDY4pl', 'https://bit.ly/2sDY4pl', 'https://bit.ly/2sDY4pl', 'https://bit.ly/2sDY4pl', 'https://bit.ly/2sDY4pl', 'https://bit.ly/2sDY4pl', 'https://bit.ly/2sDY4pl', 'https://bit.ly/2sDY4plhttps://bit.ly/2sDY4pl', 'https://bit.ly/2sDY4pl', 'https://bit.ly/2sDY4pl', 'https://bit.ly/2sDY4pl', 'https://bit.ly/2sDY4pl', 'https://bit.ly/2sDY4pl', 'https://bit.ly/2sDY4pl', 'https://bit.ly/2sDY4plhttps://bit.ly/2sDY4pl', 'https://bit.ly/2sDY4pl', 'https://bit.ly/2sDY4pl', 'https://bit.ly/2sDY4pl', 'https://bit.ly/2sDY4pl', 'https://bit.ly/2sDY4pl', 'https://bit.ly/2sDY4pl', 'https://bit.ly/2sDY4plhttps://bit.ly/2sDY4pl', 'https://bit.ly/2sDY4pl', 'https://bit.ly/2sDY4pl', 'https://bit.ly/2sDY4pl', 'https://bit.ly/2sDY4pl', 'https://bit.ly/2sDY4pl', 'https://bit.ly/2sDY4pl', 'https://bit.ly/2sDY4plhttps://bit.ly/2sDY4pl', 'https://bit.ly/2sDY4pl', 'https://bit.ly/2sDY4pl', 'https://bit.ly/2sDY4pl', 'https://bit.ly/2sDY4pl', 'https://bit.ly/2sDY4pl', 'https://bit.ly/2sDY4pl', 'https://bit.ly/2sDY4plhttps://bit.ly/2sDY4pl', 'https://bit.ly/2sDY4pl', 'https://bit.ly/2sDY4pl', 'https://bit.ly/2sDY4pl', 'https://bit.ly/2sDY4pl', 'https://bit.ly/2sDY4pl', 'https://bit.ly/2sDY4pl', 'https://bit.ly/2sDY4plhttps://bit.ly/2sDY4pl', 'https://bit.ly/2sDY4pl', 'https://bit.ly/2sDY4pl', 'https://bit.ly/2sDY4pl', 'https://bit.ly/2sDY4pl', 'https://bit.ly/2sDY4pl', 'https://bit.ly/2sDY4pl', 'https://bit.ly/2sDY4plhttps://bit.ly/2sDY4pl', 'https://bit.ly/2sDY4pl', 'https://bit.ly/2sDY4pl', 'https://bit.ly/2sDY4pl', 'https://bit.ly/2sDY4pl', 'https://bit.ly/2sDY4pl', 'https://bit.ly/2sDY4pl', 'https://bit.ly/2sDY4plhttps://bit.ly/2sDY4pl', 'https://bit.ly/2sDY4pl', 'https://bit.ly/2sDY4pl', 'https://bit.ly/2sDY4pl', 'https://bit.ly/2sDY4pl', 'https://bit.ly/2sDY4pl', 'https://bit.ly/2sDY4pl', 'https://bit.ly/2sDY4plhttps://bit.ly/2sDY4pl', 'https://bit.ly/2sDY4pl', 'https://bit.ly/2sDY4pl', 'https://bit.ly/2sDY4pl', 'https://bit.ly/2sDY4pl', 'https://bit.ly/2sDY4pl', 'https://bit.ly/2sDY4pl', 'https://bit.ly/2sDY4plhttps://bit.ly/2sDY4pl', 'https://bit.ly/2sDY4pl', 'https://bit.ly/2sDY4pl', 'https://bit.ly/2sDY4pl', 'https://bit.ly/2sDY4pl', 'https://bit.ly/2sDY4pl', 'https://bit.ly/2sDY4pl', 'https://bit.ly/2sDY4plhttps://bit.ly/2sDY4pl', 'https://bit.ly/2sDY4pl', 'https://bit.ly/2sDY4pl', 'https://bit.ly/2sDY4pl', 'https://bit.ly/2sDY4pl', 'https://bit.ly/2sDY4pl', 'https://bit.ly/2sDY4pl', 'https://bit.ly/2sDY4plhttps://bit.ly/2sDY4pl', 'https://bit.ly/2sDY4pl', 'https://bit.ly/2sDY4pl', 'https://bit.ly/2sDY4pl', 'https://bit.ly/2sDY4pl', 'https://bit.ly/2sDY4pl', 'https://bit.ly/2sDY4pl', 'https://bit.ly/2sDY4plhttps://bit.ly/2sDY4pl', 'https://bit.ly/2sDY4pl', 'https://bit.ly/2sDY4pl', 'https://bit.ly/2sDY4pl', 'https://bit.ly/2sDY4pl', 'https://bit.ly/2sDY4pl', 'https://bit.ly/2sDY4pl', 'https://bit.ly/2sDY4plhttps://bit.ly/2sDY4pl', 'https://bit.ly/2sDY4pl', 'https://bit.ly/2sDY4pl', 'https://bit.ly/2sDY4pl', 'https://bit.ly/2sDY4pl', 'https://bit.ly/2sDY4pl', 'https://bit.ly/2sDY4pl', 'https://bit.ly/2sDY4plhttps://bit.ly/2sDY4pl', 'https://bit.ly/2sDY4pl', 'https://bit.ly/2sDY4pl', 'https://bit.ly/2sDY4pl', 'https://bit.ly/2sDY4pl', 'https://bit.ly/2sDY4pl', 'https://bit.ly/2sDY4pl', 'https://bit.ly/2sDY4plhttps://bit.ly/2sDY4pl', 'https://bit.ly/2sDY4pl', 'https://bit.ly/2sDY4pl', 'https://bit.ly/2sDY4pl', 'https://bit.ly/2sDY4pl', 'https://bit.ly/2sDY4pl', 'https://bit.ly/2sDY4pl', 'https://bit.ly/2sDY4plhttps://bit.ly/2sDY4pl', 'https://bit.ly/2sDY4pl', 'https://bit.ly/2sDY4pl', 'https://bit.ly/2sDY4pl', 'https://bit.ly/2sDY4pl', 'https://bit.ly/2sDY4pl', 'https://bit.ly/2sDY4pl', 'https://bit.ly/2sDY4plhttps://bit.ly/2sDY4pl', 'https://bit.ly/2sDY4pl', 'https://bit.ly/2sDY4pl', 'https://bit.ly/2sDY4pl', 'https://bit.ly/2sDY4pl', 'https://bit.ly/2sDY4pl', 'https://bit.ly/2sDY4pl', 'https://bit.ly/2sDY4plhttps://bit.ly/2sDY4pl', 'https://bit.ly/2sDY4pl', 'https://bit.ly/2sDY4pl', 'https://bit.ly/2sDY4pl', 'https://bit.ly/2sDY4pl', 'https://bit.ly/2sDY4pl', 'https://bit.ly/2sDY4pl', 'https://bit.ly/2sDY4plhttps://bit.ly/2sDY4pl', 'https://bit.ly/2sDY4pl', 'https://bit.ly/2sDY4pl', 'https://bit.ly/2sDY4pl', 'https://bit.ly/2sDY4pl', 'https://bit.ly/2sDY4pl', 'https://bit.ly/2sDY4pl', 'https://bit.ly/2sDY4plhttps://bit.ly/2sDY4pl', 'https://bit.ly/2sDY4pl', 'https://bit.ly/2sDY4pl', 'https://bit.ly/2sDY4pl', 'https://bit.ly/2sDY4pl', 'https://bit.ly/2sDY4pl', 'https://bit.ly/2sDY4pl', 'https://bit.ly/2sDY4plhttps://bit.ly/2sDY4pl', 'https://bit.ly/2sDY4pl', 'https://bit.ly/2sDY4pl', 'https://bit.ly/2sDY4pl', 'https://bit.ly/2sDY4pl', 'https://bit.ly/2sDY4pl', 'https://bit.ly/2sDY4pl', 'https://bit.ly/2sDY4plhttps://bit.ly/2sDY4pl', 'https://bit.ly/2sDY4pl', 'https://bit.ly/2sDY4pl', 'https://bit.ly/2sDY4pl', 'https://bit.ly/2sDY4pl', 'https://bit.ly/2sDY4pl', 'https://bit.ly/2sDY4pl', 'https://bit.ly/2sDY4plhttps://bit.ly/2sDY4pl', 'https://bit.ly/2sDY4pl', 'https://bit.ly/2sDY4pl', 'https://bit.ly/2sDY4pl', 'https://bit.ly/2sDY4pl', 'https://bit.ly/2sDY4pl', 'https://bit.ly/2sDY4pl', 'https://bit.ly/2sDY4plhttps://bit.ly/2sDY4pl', 'https://bit.ly/2sDY4pl', 'https://bit.ly/2sDY4pl', 'https://bit.ly/2sDY4pl', 'https://bit.ly/2sDY4pl', 'https://bit.ly/2sDY4pl', 'https://bit.ly/2sDY4pl', 'https://bit.ly/2sDY4plhttps://bit.ly/2sDY4pl', 'https://bit.ly/2sDY4pl', 'https://bit.ly/2sDY4pl', 'https://bit.ly/2sDY4pl', 'https://bit.ly/2sDY4pl', 'https://bit.ly/2sDY4pl', 'https://bit.ly/2sDY4pl', 'https://bit.ly/2sDY4pl', 'https://bit.ly/2sDY4pl', 'https://bit.ly/2sDY4pl', 'https://bit.ly/2sDY4pl', 'https://bit.ly/2sDY4pl', 'https://bit.ly/2sDY4pl', 'https://bit.ly/2sDY4pl', 'https://bit.ly/2sDY4pl', 'https://bit.ly/2sDY4pl', 'https://bit.ly/2sDY4pl', 'https://bit.ly/2sDY4pl', 'https://bit.ly/2sDY4pl', 'https://bit.ly/2sDY4pl', 'https://bit.ly/2sDY4pl', 'https://bit.ly/2sDY4pl', 'https://bit.ly/2sDY4pl', 'https://bit.ly/2sDY4plhttps://bit.ly/2sDY4pl', 'https://bit.ly/2sDY4pl', 'https://bit.ly/2sDY4pl', 'https://bit.ly/2sDY4pl', 'https://bit.ly/2sDY4pl', 'https://bit.ly/2sDY4pl', 'https://bit.ly/2sDY4pl', 'https://bit.ly/2sDY4plhttps://bit.ly/2sDY4pl', 'https://bit.ly/2sDY4pl', 'https://bit.ly/2sDY4pl', 'https://bit.ly/2sDY4pl', 'https://bit.ly/2sDY4pl', 'https://bit.ly/2sDY4pl', 'https://bit.ly/2sDY4pl', 'https://bit.ly/2sDY4plhttps://bit.ly/2sDY4pl', 'https://bit.ly/2sDY4pl', 'https://bit.ly/2sDY4pl', 'https://bit.ly/2sDY4pl', 'https://bit.ly/2sDY4pl', 'https://bit.ly/2sDY4pl', 'https://bit.ly/2sDY4pl', 'https://bit.ly/2sDY4plhttps://bit.ly/2sDY4pl', 'https://bit.ly/2sDY4pl', 'https://bit.ly/2sDY4pl', 'https://bit.ly/2sDY4pl', 'https://bit.ly/2sDY4pl', 'https://bit.ly/2sDY4pl', 'https://bit.ly/2sDY4pl', 'https://bit.ly/2sDY4plhttps://bit.ly/2sDY4pl', 'https://bit.ly/2sDY4pl', 'https://bit.ly/2sDY4pl', 'https://bit.ly/2sDY4pl', 'https://bit.ly/2sDY4pl', 'https://bit.ly/2sDY4pl', 'https://bit.ly/2sDY4pl', 'https://bit.ly/2sDY4plhttps://bit.ly/2sDY4pl', 'https://bit.ly/2sDY4pl', 'https://bit.ly/2sDY4pl', 'https://bit.ly/2sDY4pl', 'https://bit.ly/2sDY4pl', 'https://bit.ly/2sDY4pl', 'https://bit.ly/2sDY4pl', 'https://bit.ly/2sDY4plhttps://bit.ly/2sDY4pl', 'https://bit.ly/2sDY4pl', 'https://bit.ly/2sDY4pl', 'https://bit.ly/2sDY4pl', 'https://bit.ly/2sDY4pl', 'https://bit.ly/2sDY4pl', 'https://bit.ly/2sDY4pl', 'https://bit.ly/2sDY4plhttps://bit.ly/2sDY4pl', 'https://bit.ly/2sDY4pl', 'https://bit.ly/2sDY4pl', 'https://bit.ly/2sDY4pl', 'https://bit.ly/2sDY4pl', 'https://bit.ly/2sDY4pl', 'https://bit.ly/2sDY4pl', 'https://bit.ly/2sDY4plhttps://bit.ly/2sDY4pl', 'https://bit.ly/2sDY4pl', 'https://bit.ly/2sDY4pl', 'https://bit.ly/2sDY4pl', 'https://bit.ly/2sDY4pl', 'https://bit.ly/2sDY4pl', 'https://bit.ly/2sDY4pl', 'https://bit.ly/2sDY4plhttps://bit.ly/2sDY4pl', 'https://bit.ly/2sDY4pl', 'https://bit.ly/2sDY4pl', 'https://bit.ly/2sDY4pl', 'https://bit.ly/2sDY4pl', 'https://bit.ly/2sDY4pl', 'https://bit.ly/2sDY4pl', 'https://bit.ly/2sDY4plhttps://bit.ly/2sDY4pl', 'https://bit.ly/2sDY4pl', 'https://bit.ly/2sDY4pl', 'https://bit.ly/2sDY4pl', 'https://bit.ly/2sDY4pl', 'https://bit.ly/2sDY4pl', 'https://bit.ly/2sDY4pl', 'https://bit.ly/2sDY4plhttps://bit.ly/2sDY4pl', 'https://bit.ly/2sDY4pl', 'https://bit.ly/2sDY4pl', 'https://bit.ly/2sDY4pl', 'https://bit.ly/2sDY4pl', 'https://bit.ly/2sDY4pl', 'https://bit.ly/2sDY4pl', 'https://bit.ly/2sDY4plhttps://bit.ly/2sDY4pl', 'https://bit.ly/2sDY4pl', 'https://bit.ly/2sDY4pl', 'https://bit.ly/2sDY4pl', 'https://bit.ly/2sDY4pl', 'https://bit.ly/2sDY4pl', 'https://bit.ly/2sDY4pl', 'https://bit.ly/2sDY4plhttps://bit.ly/2sDY4pl', 'https://bit.ly/2sDY4pl', 'https://bit.ly/2sDY4pl', 'https://bit.ly/2sDY4pl', 'https://bit.ly/2sDY4pl', 'https://bit.ly/2sDY4pl', 'https://bit.ly/2sDY4pl', 'https://bit.ly/2sDY4plhttps://bit.ly/2sDY4pl', 'https://bit.ly/2sDY4pl', 'https://bit.ly/2sDY4pl', 'https://bit.ly/2sDY4pl', 'https://bit.ly/2sDY4pl', 'https://bit.ly/2sDY4pl', 'https://bit.ly/2sDY4pl', 'https://bit.ly/2sDY4plhttps://bit.ly/2sDY4pl', 'https://bit.ly/2sDY4pl', 'https://bit.ly/2sDY4pl', 'https://bit.ly/2sDY4pl', 'https://bit.ly/2sDY4pl', 'https://bit.ly/2sDY4pl', 'https://bit.ly/2sDY4pl', 'https://bit.ly/2sDY4plhttps://bit.ly/2sDY4pl', 'https://bit.ly/2sDY4pl', 'https://bit.ly/2sDY4pl', 'https://bit.ly/2sDY4pl', 'https://bit.ly/2sDY4pl', 'https://bit.ly/2sDY4pl', 'https://bit.ly/2sDY4pl', 'https://bit.ly/2sDY4plhttps://bit.ly/2sDY4pl', 'https://bit.ly/2sDY4pl', 'https://bit.ly/2sDY4pl', 'https://bit.ly/2sDY4pl', 'https://bit.ly/2sDY4pl', 'https://bit.ly/2sDY4pl', 'https://bit.ly/2sDY4pl', 'https://bit.ly/2sDY4plhttps://bit.ly/2sDY4pl', 'https://bit.ly/2sDY4pl', 'https://bit.ly/2sDY4pl', 'https://bit.ly/2sDY4pl', 'https://bit.ly/2sDY4pl', 'https://bit.ly/2sDY4pl', 'https://bit.ly/2sDY4pl', 'https://bit.ly/2sDY4plhttps://bit.ly/2sDY4pl', 'https://bit.ly/2sDY4pl', 'https://bit.ly/2sDY4pl', 'https://bit.ly/2sDY4pl', 'https://bit.ly/2sDY4pl', 'https://bit.ly/2sDY4pl', 'https://bit.ly/2sDY4pl', 'https://bit.ly/2sDY4plhttps://bit.ly/2sDY4pl', 'https://bit.ly/2sDY4pl', 'https://bit.ly/2sDY4pl', 'https://bit.ly/2sDY4pl', 'https://bit.ly/2sDY4pl', 'https://bit.ly/2sDY4pl', 'https://bit.ly/2sDY4pl', 'https://bit.ly/2sDY4plhttps://bit.ly/2sDY4pl', 'https://bit.ly/2sDY4pl', 'https://bit.ly/2sDY4pl', 'https://bit.ly/2sDY4pl', 'https://bit.ly/2sDY4pl', 'https://bit.ly/2sDY4pl', 'https://bit.ly/2sDY4pl', 'https://bit.ly/2sDY4plhttps://bit.ly/2sDY4pl', 'https://bit.ly/2sDY4pl', 'https://bit.ly/2sDY4pl', 'https://bit.ly/2sDY4pl', 'https://bit.ly/2sDY4pl', 'https://bit.ly/2sDY4pl', 'https://bit.ly/2sDY4pl', 'https://bit.ly/2sDY4plhttps://bit.ly/2sDY4pl', 'https://bit.ly/2sDY4pl', 'https://bit.ly/2sDY4pl', 'https://bit.ly/2sDY4pl', 'https://bit.ly/2sDY4pl', 'https://bit.ly/2sDY4pl', 'https://bit.ly/2sDY4pl', 'https://bit.ly/2sDY4plhttps://bit.ly/2sDY4pl', 'https://bit.ly/2sDY4pl', 'https://bit.ly/2sDY4pl', 'https://bit.ly/2sDY4pl', 'https://bit.ly/2sDY4pl', 'https://bit.ly/2sDY4pl', 'https://bit.ly/2sDY4pl', 'https://bit.ly/2sDY4plhttps://bit.ly/2sDY4pl', 'https://bit.ly/2sDY4pl', 'https://bit.ly/2sDY4pl', 'https://bit.ly/2sDY4pl', 'https://bit.ly/2sDY4pl', 'https://bit.ly/2sDY4pl', 'https://bit.ly/2sDY4pl', 'https://bit.ly/2sDY4plhttps://bit.ly/2sDY4pl', 'https://bit.ly/2sDY4pl', 'https://bit.ly/2sDY4pl', 'https://bit.ly/2sDY4pl', 'https://bit.ly/2sDY4pl', 'https://bit.ly/2sDY4pl', 'https://bit.ly/2sDY4pl', 'https://bit.ly/2sDY4plhttps://bit.ly/2sDY4pl', 'https://bit.ly/2sDY4pl', 'https://bit.ly/2sDY4pl', 'https://bit.ly/2sDY4pl', 'https://bit.ly/2sDY4pl', 'https://bit.ly/2sDY4pl', 'https://bit.ly/2sDY4pl', 'https://bit.ly/2sDY4plhttps://bit.ly/2sDY4pl', 'https://bit.ly/2sDY4pl', 'https://bit.ly/2sDY4pl', 'https://bit.ly/2sDY4pl', 'https://bit.ly/2sDY4pl', 'https://bit.ly/2sDY4pl', 'https://bit.ly/2sDY4pl', 'https://bit.ly/2sDY4plhttps://bit.ly/2sDY4pl', 'https://bit.ly/2sDY4pl', 'https://bit.ly/2sDY4pl', 'https://bit.ly/2sDY4pl', 'https://bit.ly/2sDY4pl', 'https://bit.ly/2sDY4pl', 'https://bit.ly/2sDY4pl', 'https://bit.ly/2sDY4plhttps://bit.ly/2sDY4pl', 'https://bit.ly/2sDY4pl', 'https://bit.ly/2sDY4pl', 'https://bit.ly/2sDY4pl', 'https://bit.ly/2sDY4pl', 'https://bit.ly/2sDY4pl', 'https://bit.ly/2sDY4pl', 'https://bit.ly/2sDY4plhttps://bit.ly/2sDY4pl', 'https://bit.ly/2sDY4pl', 'https://bit.ly/2sDY4pl', 'https://bit.ly/2sDY4pl', 'https://bit.ly/2sDY4pl', 'https://bit.ly/2sDY4pl', 'https://bit.ly/2sDY4pl', 'https://bit.ly/2sDY4plhttps://bit.ly/2sDY4pl', 'https://bit.ly/2sDY4pl', 'https://bit.ly/2sDY4pl', 'https://bit.ly/2sDY4pl', 'https://bit.ly/2sDY4pl', 'https://bit.ly/2sDY4pl', 'https://bit.ly/2sDY4pl', 'https://bit.ly/2sDY4plhttps://bit.ly/2sDY4pl', 'https://bit.ly/2sDY4pl', 'https://bit.ly/2sDY4pl', 'https://bit.ly/2sDY4pl', 'https://bit.ly/2sDY4pl', 'https://bit.ly/2sDY4pl', 'https://bit.ly/2sDY4pl', 'https://bit.ly/2sDY4plhttps://bit.ly/2sDY4pl', 'https://bit.ly/2sDY4pl', 'https://bit.ly/2sDY4pl', 'https://bit.ly/2sDY4pl', 'https://bit.ly/2sDY4pl', 'https://bit.ly/2sDY4pl', 'https://bit.ly/2sDY4pl', 'https://bit.ly/2sDY4plhttps://bit.ly/2sDY4pl', 'https://bit.ly/2sDY4pl', 'https://bit.ly/2sDY4pl', 'https://bit.ly/2sDY4pl', 'https://bit.ly/2sDY4pl', 'https://bit.ly/2sDY4pl', 'https://bit.ly/2sDY4pl', 'https://bit.ly/2sDY4plhttps://bit.ly/2sDY4pl', 'https://bit.ly/2sDY4pl', 'https://bit.ly/2sDY4pl', 'https://bit.ly/2sDY4pl', 'https://bit.ly/2sDY4pl', 'https://bit.ly/2sDY4pl', 'https://bit.ly/2sDY4pl', 'https://bit.ly/2sDY4plhttps://bit.ly/2sDY4pl', 'https://bit.ly/2sDY4pl', 'https://bit.ly/2sDY4pl', 'https://bit.ly/2sDY4pl', 'https://bit.ly/2sDY4pl', 'https://bit.ly/2sDY4pl', 'https://bit.ly/2sDY4pl', 'https://bit.ly/2sDY4plhttps://bit.ly/2sDY4pl', 'https://bit.ly/2sDY4pl', 'https://bit.ly/2sDY4pl', 'https://bit.ly/2sDY4pl', 'https://bit.ly/2sDY4pl', 'https://bit.ly/2sDY4pl', 'https://bit.ly/2sDY4pl', 'https://bit.ly/2sDY4plhttps://bit.ly/2sDY4pl', 'https://bit.ly/2sDY4pl', 'https://bit.ly/2sDY4pl', 'https://bit.ly/2sDY4pl', 'https://bit.ly/2sDY4pl', 'https://bit.ly/2sDY4pl', 'https://bit.ly/2sDY4pl', 'https://bit.ly/2sDY4plhttps://bit.ly/2sDY4pl', 'https://bit.ly/2sDY4pl', 'https://bit.ly/2sDY4pl', 'https://bit.ly/2sDY4pl', 'https://bit.ly/2sDY4pl', 'https://bit.ly/2sDY4pl', 'https://bit.ly/2sDY4pl', 'https://bit.ly/2sDY4plhttps://bit.ly/2sDY4pl', 'https://bit.ly/2sDY4pl', 'https://bit.ly/2sDY4pl', 'https://bit.ly/2sDY4pl', 'https://bit.ly/2sDY4pl', 'https://bit.ly/2sDY4pl', 'https://bit.ly/2sDY4pl', 'https://bit.ly/2sDY4plhttps://bit.ly/2sDY4pl', 'https://bit.ly/2sDY4pl', 'https://bit.ly/2sDY4pl', 'https://bit.ly/2sDY4pl', 'https://bit.ly/2sDY4pl', 'https://bit.ly/2sDY4pl', 'https://bit.ly/2sDY4pl', 'https://bit.ly/2sDY4plhttps://bit.ly/2sDY4pl', 'https://bit.ly/2sDY4pl', 'https://bit.ly/2sDY4pl', 'https://bit.ly/2sDY4pl', 'https://bit.ly/2sDY4pl', 'https://bit.ly/2sDY4pl', 'https://bit.ly/2sDY4pl', 'https://bit.ly/2sDY4plhttps://bit.ly/2sDY4pl', 'https://bit.ly/2sDY4pl', 'https://bit.ly/2sDY4pl', 'https://bit.ly/2sDY4pl', 'https://bit.ly/2sDY4pl', 'https://bit.ly/2sDY4pl', 'https://bit.ly/2sDY4pl', 'https://bit.ly/2sDY4plhttps://bit.ly/2sDY4pl', 'https://bit.ly/2sDY4pl', 'https://bit.ly/2sDY4pl', 'https://bit.ly/2sDY4pl', 'https://bit.ly/2sDY4pl', 'https://bit.ly/2sDY4pl', 'https://bit.ly/2sDY4pl', 'https://bit.ly/2sDY4plhttps://bit.ly/2sDY4pl', 'https://bit.ly/2sDY4pl', 'https://bit.ly/2sDY4pl', 'https://bit.ly/2sDY4pl', 'https://bit.ly/2sDY4pl', 'https://bit.ly/2sDY4pl', 'https://bit.ly/2sDY4pl', 'https://bit.ly/2sDY4plhttps://bit.ly/2sDY4pl', 'https://bit.ly/2sDY4pl', 'https://bit.ly/2sDY4pl', 'https://bit.ly/2sDY4pl', 'https://bit.ly/2sDY4pl', 'https://bit.ly/2sDY4pl', 'https://bit.ly/2sDY4pl', 'https://bit.ly/2sDY4plhttps://bit.ly/2sDY4pl', 'https://bit.ly/2sDY4pl', 'https://bit.ly/2sDY4pl', 'https://bit.ly/2sDY4pl', 'https://bit.ly/2sDY4pl', 'https://bit.ly/2sDY4pl', 'https://bit.ly/2sDY4pl', 'https://bit.ly/2sDY4plhttps://bit.ly/2sDY4pl', 'https://bit.ly/2sDY4pl', 'https://bit.ly/2sDY4pl', 'https://bit.ly/2sDY4pl', 'https://bit.ly/2sDY4pl', 'https://bit.ly/2sDY4pl', 'https://bit.ly/2sDY4pl', 'https://bit.ly/2sDY4plhttps://bit.ly/2sDY4pl', 'https://bit.ly/2sDY4pl', 'https://bit.ly/2sDY4pl', 'https://bit.ly/2sDY4pl', 'https://bit.ly/2sDY4pl', 'https://bit.ly/2sDY4pl', 'https://bit.ly/2sDY4pl', 'https://bit.ly/2sDY4plhttps://bit.ly/2sDY4pl', 'https://bit.ly/2sDY4pl', 'https://bit.ly/2sDY4pl', 'https://bit.ly/2sDY4pl', 'https://bit.ly/2sDY4pl', 'https://bit.ly/2sDY4pl', 'https://bit.ly/2sDY4pl', 'https://bit.ly/2sDY4plhttps://bit.ly/2sDY4pl', 'https://bit.ly/2sDY4pl', 'https://bit.ly/2sDY4pl', 'https://bit.ly/2sDY4pl', 'https://bit.ly/2sDY4pl', 'https://bit.ly/2sDY4pl', 'https://bit.ly/2sDY4pl', 'https://bit.ly/2sDY4plhttps://bit.ly/2sDY4pl', 'https://bit.ly/2sDY4pl', 'https://bit.ly/2sDY4pl', 'https://bit.ly/2sDY4pl', 'https://bit.ly/2sDY4pl', 'https://bit.ly/2sDY4pl', 'https://bit.ly/2sDY4pl', 'https://bit.ly/2sDY4plhttps://bit.ly/2sDY4pl', 'https://bit.ly/2sDY4pl', 'https://bit.ly/2sDY4pl', 'https://bit.ly/2sDY4pl', 'https://bit.ly/2sDY4pl', 'https://bit.ly/2sDY4pl', 'https://bit.ly/2sDY4pl', 'https://bit.ly/2sDY4plhttps://bit.ly/2sDY4pl', 'https://bit.ly/2sDY4pl', 'https://bit.ly/2sDY4pl', 'https://bit.ly/2sDY4pl', 'https://bit.ly/2sDY4pl', 'https://bit.ly/2sDY4pl', 'https://bit.ly/2sDY4pl', 'https://bit.ly/2sDY4plhttps://bit.ly/2sDY4pl', 'https://bit.ly/2sDY4pl', 'https://bit.ly/2sDY4pl', 'https://bit.ly/2sDY4pl', 'https://bit.ly/2sDY4pl', 'https://bit.ly/2sDY4pl', 'https://bit.ly/2sDY4pl', 'https://bit.ly/2sDY4plhttps://bit.ly/2sDY4pl', 'https://bit.ly/2sDY4pl', 'https://bit.ly/2sDY4pl', 'https://bit.ly/2sDY4pl', 'https://bit.ly/2sDY4pl', 'https://bit.ly/2sDY4pl', 'https://bit.ly/2sDY4pl', 'https://bit.ly/2sDY4plhttps://bit.ly/2sDY4pl', 'https://bit.ly/2sDY4pl', 'https://bit.ly/2sDY4pl', 'https://bit.ly/2sDY4pl', 'https://bit.ly/2sDY4pl', 'https://bit.ly/2sDY4pl', 'https://bit.ly/2sDY4pl', 'https://bit.ly/2sDY4plhttps://bit.ly/2sDY4pl', 'https://bit.ly/2sDY4pl', 'https://bit.ly/2sDY4pl', 'https://bit.ly/2sDY4pl', 'https://bit.ly/2sDY4pl', 'https://bit.ly/2sDY4pl', 'https://bit.ly/2sDY4pl', 'https://bit.ly/2sDY4plhttps://bit.ly/2sDY4pl', 'https://bit.ly/2sDY4pl', 'https://bit.ly/2sDY4pl', 'https://bit.ly/2sDY4pl', 'https://bit.ly/2sDY4pl', 'https://bit.ly/2sDY4pl', 'https://bit.ly/2sDY4pl', 'https://bit.ly/2sDY4plhttps://bit.ly/2sDY4pl', 'https://bit.ly/2sDY4pl', 'https://bit.ly/2sDY4pl', 'https://bit.ly/2sDY4pl', 'https://bit.ly/2sDY4pl', 'https://bit.ly/2sDY4pl', 'https://bit.ly/2sDY4pl', 'https://bit.ly/2sDY4plhttps://bit.ly/2sDY4pl', 'https://bit.ly/2sDY4pl', 'https://bit.ly/2sDY4pl', 'https://bit.ly/2sDY4pl', 'https://bit.ly/2sDY4pl', 'https://bit.ly/2sDY4pl', 'https://bit.ly/2sDY4pl', 'https://bit.ly/2sDY4plhttps://bit.ly/2sDY4pl', 'https://bit.ly/2sDY4pl', 'https://bit.ly/2sDY4pl', 'https://bit.ly/2sDY4pl', 'https://bit.ly/2sDY4pl', 'https://bit.ly/2sDY4pl', 'https://bit.ly/2sDY4pl', 'https://bit.ly/2sDY4plhttps://bit.ly/2sDY4pl', 'https://bit.ly/2sDY4pl', 'https://bit.ly/2sDY4pl', 'https://bit.ly/2sDY4pl', 'https://bit.ly/2sDY4pl', 'https://bit.ly/2sDY4pl', 'https://bit.ly/2sDY4pl', 'https://bit.ly/2sDY4plhttps://bit.ly/2sDY4pl', 'https://bit.ly/2sDY4pl', 'https://bit.ly/2sDY4pl', 'https://bit.ly/2sDY4pl', 'https://bit.ly/2sDY4pl', 'https://bit.ly/2sDY4pl', 'https://bit.ly/2sDY4pl', 'https://bit.ly/2sDY4plhttps://bit.ly/2sDY4pl', 'https://bit.ly/2sDY4pl', 'https://bit.ly/2sDY4pl', 'https://bit.ly/2sDY4pl', 'https://bit.ly/2sDY4pl', 'https://bit.ly/2sDY4pl', 'https://bit.ly/2sDY4pl', 'https://bit.ly/2sDY4plhttps://bit.ly/2sDY4pl', 'https://bit.ly/2sDY4pl', 'https://bit.ly/2sDY4pl', 'https://bit.ly/2sDY4pl', 'https://bit.ly/2sDY4pl', 'https://bit.ly/2sDY4pl', 'https://bit.ly/2sDY4pl', 'https://bit.ly/2sDY4plhttps://bit.ly/2sDY4pl', 'https://bit.ly/2sDY4pl', 'https://bit.ly/2sDY4pl', 'https://bit.ly/2sDY4pl', 'https://bit.ly/2sDY4pl', 'https://bit.ly/2sDY4pl', 'https://bit.ly/2sDY4pl', 'https://bit.ly/2sDY4plhttps://bit.ly/2sDY4pl', 'https://bit.ly/2sDY4pl', 'https://bit.ly/2sDY4pl', 'https://bit.ly/2sDY4pl', 'https://bit.ly/2sDY4pl', 'https://bit.ly/2sDY4pl', 'https://bit.ly/2sDY4pl', 'https://bit.ly/2sDY4plhttps://bit.ly/2sDY4pl', 'https://bit.ly/2sDY4pl', 'https://bit.ly/2sDY4pl', 'https://bit.ly/2sDY4pl', 'https://bit.ly/2sDY4pl', 'https://bit.ly/2sDY4pl', 'https://bit.ly/2sDY4pl', 'https://bit.ly/2sDY4plhttps://bit.ly/2sDY4pl', 'https://bit.ly/2sDY4pl', 'https://bit.ly/2sDY4pl', 'https://bit.ly/2sDY4pl', 'https://bit.ly/2sDY4pl', 'https://bit.ly/2sDY4pl', 'https://bit.ly/2sDY4pl', 'https://bit.ly/2sDY4plhttps://bit.ly/2sDY4pl', 'https://bit.ly/2sDY4pl', 'https://bit.ly/2sDY4pl', 'https://bit.ly/2sDY4pl', 'https://bit.ly/2sDY4pl', 'https://bit.ly/2sDY4pl', 'https://bit.ly/2sDY4pl', 'https://bit.ly/2sDY4plhttps://bit.ly/2sDY4pl', 'https://bit.ly/2sDY4pl', 'https://bit.ly/2sDY4pl', 'https://bit.ly/2sDY4pl', 'https://bit.ly/2sDY4pl', 'https://bit.ly/2sDY4pl', 'https://bit.ly/2sDY4pl', 'https://bit.ly/2sDY4plhttps://bit.ly/2sDY4pl', 'https://bit.ly/2sDY4pl', 'https://bit.ly/2sDY4pl', 'https://bit.ly/2sDY4pl', 'https://bit.ly/2sDY4pl', 'https://bit.ly/2sDY4pl', 'https://bit.ly/2sDY4pl', 'https://bit.ly/2sDY4plhttps://bit.ly/2sDY4pl', 'https://bit.ly/2sDY4pl', 'https://bit.ly/2sDY4pl', 'https://bit.ly/2sDY4pl', 'https://bit.ly/2sDY4pl', 'https://bit.ly/2sDY4pl', 'https://bit.ly/2sDY4pl', 'https://bit.ly/2sDY4plhttps://bit.ly/2sDY4pl', 'https://bit.ly/2sDY4pl', 'https://bit.ly/2sDY4pl', 'https://bit.ly/2sDY4pl', 'https://bit.ly/2sDY4pl', 'https://bit.ly/2sDY4pl', 'https://bit.ly/2sDY4pl', 'https://bit.ly/2sDY4plhttps://bit.ly/2sDY4pl', 'https://bit.ly/2sDY4pl', 'https://bit.ly/2sDY4pl', 'https://bit.ly/2sDY4pl', 'https://bit.ly/2sDY4pl', 'https://bit.ly/2sDY4pl', 'https://bit.ly/2sDY4pl', 'https://bit.ly/2sDY4plhttps://bit.ly/2sDY4pl', 'https://bit.ly/2sDY4pl', 'https://bit.ly/2sDY4pl', 'https://bit.ly/2sDY4pl', 'https://bit.ly/2sDY4pl', 'https://bit.ly/2sDY4pl', 'https://bit.ly/2sDY4pl', 'https://bit.ly/2sDY4plhttps://bit.ly/2sDY4pl', 'https://bit.ly/2sDY4pl', 'https://bit.ly/2sDY4pl', 'https://bit.ly/2sDY4pl', 'https://bit.ly/2sDY4pl', 'https://bit.ly/2sDY4pl', 'https://bit.ly/2sDY4pl', 'https://bit.ly/2sDY4plhttps://bit.ly/2sDY4pl', 'https://bit.ly/2sDY4pl', 'https://bit.ly/2sDY4pl', 'https://bit.ly/2sDY4pl', 'https://bit.ly/2sDY4pl', 'https://bit.ly/2sDY4pl', 'https://bit.ly/2sDY4pl', 'https://bit.ly/2sDY4plhttps://bit.ly/2sDY4pl', 'https://bit.ly/2sDY4pl', 'https://bit.ly/2sDY4pl', 'https://bit.ly/2sDY4pl', 'https://bit.ly/2sDY4pl', 'https://bit.ly/2sDY4pl', 'https://bit.ly/2sDY4pl', 'https://bit.ly/2sDY4plhttps://bit.ly/2sDY4pl', 'https://bit.ly/2sDY4pl', 'https://bit.ly/2sDY4pl', 'https://bit.ly/2sDY4pl', 'https://bit.ly/2sDY4pl', 'https://bit.ly/2sDY4pl', 'https://bit.ly/2sDY4pl', 'https://bit.ly/2sDY4plhttps://bit.ly/2sDY4pl', 'https://bit.ly/2sDY4pl', 'https://bit.ly/2sDY4pl', 'https://bit.ly/2sDY4pl', 'https://bit.ly/2sDY4pl', 'https://bit.ly/2sDY4pl', 'https://bit.ly/2sDY4pl', 'https://bit.ly/2sDY4plhttps://bit.ly/2sDY4pl', 'https://bit.ly/2sDY4pl', 'https://bit.ly/2sDY4pl', 'https://bit.ly/2sDY4pl', 'https://bit.ly/2sDY4pl', 'https://bit.ly/2sDY4pl', 'https://bit.ly/2sDY4pl', 'https://bit.ly/2sDY4plhttps://bit.ly/2sDY4pl', 'https://bit.ly/2sDY4pl', 'https://bit.ly/2sDY4pl', 'https://bit.ly/2sDY4pl', 'https://bit.ly/2sDY4pl', 'https://bit.ly/2sDY4pl', 'https://bit.ly/2sDY4pl', 'https://bit.ly/2sDY4plhttps://bit.ly/2sDY4pl', 'https://bit.ly/2sDY4pl', 'https://bit.ly/2sDY4pl', 'https://bit.ly/2sDY4pl', 'https://bit.ly/2sDY4pl', 'https://bit.ly/2sDY4pl', 'https://bit.ly/2sDY4pl', 'https://bit.ly/2sDY4plhttps://bit.ly/2sDY4pl', 'https://bit.ly/2sDY4pl', 'https://bit.ly/2sDY4pl', 'https://bit.ly/2sDY4pl', 'https://bit.ly/2sDY4pl', 'https://bit.ly/2sDY4pl', 'https://bit.ly/2sDY4pl', 'https://bit.ly/2sDY4plhttps://bit.ly/2sDY4pl', 'https://bit.ly/2sDY4pl', 'https://bit.ly/2sDY4pl', 'https://bit.ly/2sDY4pl', 'https://bit.ly/2sDY4pl', 'https://bit.ly/2sDY4pl', 'https://bit.ly/2sDY4pl', 'https://bit.ly/2sDY4plhttps://bit.ly/2sDY4pl', 'https://bit.ly/2sDY4pl', 'https://bit.ly/2sDY4pl', 'https://bit.ly/2sDY4pl', 'https://bit.ly/2sDY4pl', 'https://bit.ly/2sDY4pl', 'https://bit.ly/2sDY4pl', 'https://bit.ly/2sDY4plhttps://bit.ly/2sDY4pl', 'https://bit.ly/2sDY4pl', 'https://bit.ly/2sDY4pl', 'https://bit.ly/2sDY4pl', 'https://bit.ly/2sDY4pl', 'https://bit.ly/2sDY4pl', 'https://bit.ly/2sDY4pl', 'https://bit.ly/2sDY4plhttps://bit.ly/2sDY4pl', 'https://bit.ly/2sDY4pl', 'https://bit.ly/2sDY4pl', 'https://bit.ly/2sDY4pl', 'https://bit.ly/2sDY4pl', 'https://bit.ly/2sDY4pl', 'https://bit.ly/2sDY4pl', 'https://bit.ly/2sDY4plhttps://bit.ly/2sDY4pl', 'https://bit.ly/2sDY4pl', 'https://bit.ly/2sDY4pl', 'https://bit.ly/2sDY4pl', 'https://bit.ly/2sDY4pl', 'https://bit.ly/2sDY4pl', 'https://bit.ly/2sDY4pl', 'https://bit.ly/2sDY4plhttps://bit.ly/2sDY4pl', 'https://bit.ly/2sDY4pl', 'https://bit.ly/2sDY4pl', 'https://bit.ly/2sDY4pl', 'https://bit.ly/2sDY4pl', 'https://bit.ly/2sDY4pl', 'https://bit.ly/2sDY4pl', 'https://bit.ly/2sDY4plhttps://bit.ly/2sDY4pl', 'https://bit.ly/2sDY4pl', 'https://bit.ly/2sDY4pl', 'https://bit.ly/2sDY4pl', 'https://bit.ly/2sDY4pl', 'https://bit.ly/2sDY4pl', 'https://bit.ly/2sDY4pl', 'https://bit.ly/2sDY4plhttps://bit.ly/2sDY4pl', 'https://bit.ly/2sDY4pl', 'https://bit.ly/2sDY4pl', 'https://bit.ly/2sDY4pl', 'https://bit.ly/2sDY4pl', 'https://bit.ly/2sDY4pl', 'https://bit.ly/2sDY4pl', 'https://bit.ly/2sDY4plhttps://bit.ly/2sDY4pl', 'https://bit.ly/2sDY4pl', 'https://bit.ly/2sDY4pl', 'https://bit.ly/2sDY4pl', 'https://bit.ly/2sDY4pl', 'https://bit.ly/2sDY4pl', 'https://bit.ly/2sDY4pl', 'https://bit.ly/2sDY4plhttps://bit.ly/2sDY4pl', 'https://bit.ly/2sDY4pl', 'https://bit.ly/2sDY4pl', 'https://bit.ly/2sDY4pl', 'https://bit.ly/2sDY4pl', 'https://bit.ly/2sDY4pl', 'https://bit.ly/2sDY4pl', 'https://bit.ly/2sDY4plhttps://bit.ly/2sDY4pl', 'https://bit.ly/2sDY4pl', 'https://bit.ly/2sDY4pl', 'https://bit.ly/2sDY4pl', 'https://bit.ly/2sDY4pl', 'https://bit.ly/2sDY4pl', 'https://bit.ly/2sDY4pl', 'https://bit.ly/2sDY4plhttps://bit.ly/2sDY4pl', 'https://bit.ly/2sDY4pl', 'https://bit.ly/2sDY4pl', 'https://bit.ly/2sDY4pl', 'https://bit.ly/2sDY4pl', 'https://bit.ly/2sDY4pl', 'https://bit.ly/2sDY4pl', 'https://bit.ly/2sDY4plhttps://bit.ly/2sDY4pl', 'https://bit.ly/2sDY4pl', 'https://bit.ly/2sDY4pl', 'https://bit.ly/2sDY4pl', 'https://bit.ly/2sDY4pl', 'https://bit.ly/2sDY4pl', 'https://bit.ly/2sDY4pl', 'https://bit.ly/2sDY4plhttps://bit.ly/2sDY4pl', 'https://bit.ly/2sDY4pl', 'https://bit.ly/2sDY4pl', 'https://bit.ly/2sDY4pl', 'https://bit.ly/2sDY4pl', 'https://bit.ly/2sDY4pl', 'https://bit.ly/2sDY4pl', 'https://bit.ly/2sDY4plhttps://bit.ly/2sDY4pl', 'https://bit.ly/2sDY4pl', 'https://bit.ly/2sDY4pl', 'https://bit.ly/2sDY4pl', 'https://bit.ly/2sDY4pl', 'https://bit.ly/2sDY4pl', 'https://bit.ly/2sDY4pl', 'https://bit.ly/2sDY4plhttps://bit.ly/2sDY4pl', 'https://bit.ly/2sDY4pl', 'https://bit.ly/2sDY4pl', 'https://bit.ly/2sDY4pl', 'https://bit.ly/2sDY4pl', 'https://bit.ly/2sDY4pl', 'https://bit.ly/2sDY4pl', 'https://bit.ly/2sDY4plhttps://bit.ly/2sDY4pl', 'https://bit.ly/2sDY4pl', 'https://bit.ly/2sDY4pl', 'https://bit.ly/2sDY4pl', 'https://bit.ly/2sDY4pl', 'https://bit.ly/2sDY4pl', 'https://bit.ly/2sDY4pl', 'https://bit.ly/2sDY4plhttps://bit.ly/2sDY4pl', 'https://bit.ly/2sDY4pl', 'https://bit.ly/2sDY4pl', 'https://bit.ly/2sDY4pl', 'https://bit.ly/2sDY4pl', 'https://bit.ly/2sDY4pl', 'https://bit.ly/2sDY4pl', 'https://bit.ly/2sDY4plhttps://bit.ly/2sDY4pl', 'https://bit.ly/2sDY4pl', 'https://bit.ly/2sDY4pl', 'https://bit.ly/2sDY4pl', 'https://bit.ly/2sDY4pl', 'https://bit.ly/2sDY4pl', 'https://bit.ly/2sDY4pl', 'https://bit.ly/2sDY4pl']]</msg>
<status status="PASS" starttime="20200203 16:00:46.055" endtime="20200203 16:00:46.055"></status>
</kw>
<status status="PASS" starttime="20200203 16:00:46.047" endtime="20200203 16:00:46.055"></status>
</kw>
<kw name="Array verified" library="Create_URLs">
<arguments>
<arg>${csv_path}</arg>
</arguments>
<kw name="Verify Array" library="csvLibrary">
<doc>This creates a keyword "verify URL array"</doc>
<arguments>
<arg>${urls}</arg>
<arg>${csv_path}</arg>
</arguments>
<status status="PASS" starttime="20200203 16:00:46.055" endtime="20200203 16:00:46.059"></status>
</kw>
<status status="PASS" starttime="20200203 16:00:46.055" endtime="20200203 16:00:46.059"></status>
</kw>
<status status="PASS" starttime="20200203 16:00:46.047" endtime="20200203 16:00:46.059" critical="yes"></status>
</test>
<doc>This file will cover the user story</doc>
<status status="PASS" starttime="20200203 16:00:46.027" endtime="20200203 16:00:46.059"></status>
</suite>
<status status="PASS" starttime="20200203 16:00:45.980" endtime="20200203 16:00:46.063"></status>
</suite>
<statistics>
<total>
<stat pass="1" fail="0">Critical Tests</stat>
<stat pass="1" fail="0">All Tests</stat>
</total>
<tag>
</tag>
<suite>
<stat pass="1" fail="0" id="s1" name="TestCases">TestCases</stat>
<stat pass="1" fail="0" id="s1-s1" name="testCase1">TestCases.testCase1</stat>
</suite>
</statistics>
<errors>
</errors>
</robot>
