<?xml version="1.0" encoding="UTF-8"?>
<robot generator="Robot 3.1.2 (Python 3.7.4 on win32)" generated="20200205 20:43:21.048" rpa="false">
<suite id="s1" name="testCase1" source="C:\Users\shivam.raghuwanshi\PycharmProjects\API_POC\TestCases\testCase1.robot">
<test id="s1-t1" name="1. Array of all the URLs given in csv should get created and verifed">
<kw name="Initialize URL Array from CSV" library="generate_URLs">
<arguments>
<arg>${csv_path}</arg>
</arguments>
<kw name="Read Csv File" library="csvLibrary">
<doc>This creates a keyword named "Read CSV File"</doc>
<arguments>
<arg>${csv_path}</arg>
</arguments>
<assign>
<var>${urls}</var>
</assign>
<msg timestamp="20200205 20:43:22.079" level="INFO">${urls} = [['https://bit.ly/2MMhOhs', 'https://bit.ly/2MMhOhs', 'https://bit.ly/2MMhOhs', 'https://bit.ly/2MMhOhs', 'https://bit.ly/2MMhOhs', 'https://bit.ly/2MMhOhs', 'https://bit.ly/2MMhOhs', 'https://bit.ly/...</msg>
<status status="PASS" starttime="20200205 20:43:22.075" endtime="20200205 20:43:22.079"></status>
</kw>
<kw name="Set Global Variable" library="BuiltIn">
<doc>Makes a variable available globally in all tests and suites.</doc>
<arguments>
<arg>${urls}</arg>
</arguments>
<msg timestamp="20200205 20:43:22.080" level="INFO">${urls} = [['https://bit.ly/2MMhOhs', 'https://bit.ly/2MMhOhs', 'https://bit.ly/2MMhOhs', 'https://bit.ly/2MMhOhs', 'https://bit.ly/2MMhOhs', 'https://bit.ly/2MMhOhs', 'https://bit.ly/2MMhOhs', 'https://bit.ly/...</msg>
<status status="PASS" starttime="20200205 20:43:22.079" endtime="20200205 20:43:22.080"></status>
</kw>
<kw name="Flat Array" library="arrayProcessor">
<doc>This creates a keyword named "flat array"</doc>
<arguments>
<arg>${urls}</arg>
</arguments>
<assign>
<var>${urls}</var>
</assign>
<msg timestamp="20200205 20:43:22.081" level="INFO">${urls} = ['https://bit.ly/2MMhOhs', 'https://bit.ly/2MMhOhs', 'https://bit.ly/2MMhOhs', 'https://bit.ly/2MMhOhs', 'https://bit.ly/2MMhOhs', 'https://bit.ly/2MMhOhs', 'https://bit.ly/2MMhOhs', 'https://bit.ly/2...</msg>
<status status="PASS" starttime="20200205 20:43:22.080" endtime="20200205 20:43:22.081"></status>
</kw>
<kw name="Set Global Variable" library="BuiltIn">
<doc>Makes a variable available globally in all tests and suites.</doc>
<arguments>
<arg>${urls}</arg>
</arguments>
<msg timestamp="20200205 20:43:22.081" level="INFO">${urls} = ['https://bit.ly/2MMhOhs', 'https://bit.ly/2MMhOhs', 'https://bit.ly/2MMhOhs', 'https://bit.ly/2MMhOhs', 'https://bit.ly/2MMhOhs', 'https://bit.ly/2MMhOhs', 'https://bit.ly/2MMhOhs', 'https://bit.ly/2...</msg>
<status status="PASS" starttime="20200205 20:43:22.081" endtime="20200205 20:43:22.082"></status>
</kw>
<status status="PASS" starttime="20200205 20:43:22.074" endtime="20200205 20:43:22.082"></status>
</kw>
<status status="PASS" starttime="20200205 20:43:22.073" endtime="20200205 20:43:22.082" critical="yes"></status>
</test>
<test id="s1-t2" name="2. Array URL distribution and corresponding Request-hit should get completed successfully">
<kw name="Create Multiple URL Arrays Instance" library="generate_URLs">
<arguments>
<arg>${batch_size}</arg>
</arguments>
<kw name="Reshape Array" library="arrayProcessor">
<doc>This creates a keyword named "url array list"</doc>
<arguments>
<arg>${urls}</arg>
<arg>${batch_size}</arg>
</arguments>
<assign>
<var>${reshape_urls}</var>
<var>${total_urls}</var>
<var>${number_arrays}</var>
</assign>
<msg timestamp="20200205 20:43:22.084" level="INFO">27</msg>
<msg timestamp="20200205 20:43:22.084" level="INFO">${reshape_urls} = [['https://bit.ly/2MMhOhs' 'https://bit.ly/2MMhOhs'
  'https://bit.ly/2MMhOhs' 'https://bit.ly/2MMhOhs'
  'https://bit.ly/2MMhOhs' 'https://bit.ly/2MMhOhs'
  'https://bit.ly/2MMhOhs' 'https://bit.ly/2...</msg>
<msg timestamp="20200205 20:43:22.084" level="INFO">${total_urls} = 27</msg>
<msg timestamp="20200205 20:43:22.084" level="INFO">${number_arrays} = 2</msg>
<status status="PASS" starttime="20200205 20:43:22.084" endtime="20200205 20:43:22.084"></status>
</kw>
<kw name="Set Global Variable" library="BuiltIn">
<doc>Makes a variable available globally in all tests and suites.</doc>
<arguments>
<arg>${reshape_urls}</arg>
</arguments>
<msg timestamp="20200205 20:43:22.085" level="INFO">${reshape_urls} = [['https://bit.ly/2MMhOhs' 'https://bit.ly/2MMhOhs'
  'https://bit.ly/2MMhOhs' 'https://bit.ly/2MMhOhs'
  'https://bit.ly/2MMhOhs' 'https://bit.ly/2MMhOhs'
  'https://bit.ly/2MMhOhs' 'https://bit.ly/2...</msg>
<status status="PASS" starttime="20200205 20:43:22.084" endtime="20200205 20:43:22.085"></status>
</kw>
<kw name="Set Global Variable" library="BuiltIn">
<doc>Makes a variable available globally in all tests and suites.</doc>
<arguments>
<arg>${total_urls}</arg>
</arguments>
<msg timestamp="20200205 20:43:22.086" level="INFO">${total_urls} = 27</msg>
<status status="PASS" starttime="20200205 20:43:22.086" endtime="20200205 20:43:22.086"></status>
</kw>
<kw name="Set Global Variable" library="BuiltIn">
<doc>Makes a variable available globally in all tests and suites.</doc>
<arguments>
<arg>${number_arrays}</arg>
</arguments>
<msg timestamp="20200205 20:43:22.087" level="INFO">${number_arrays} = 2</msg>
<status status="PASS" starttime="20200205 20:43:22.087" endtime="20200205 20:43:22.087"></status>
</kw>
<status status="PASS" starttime="20200205 20:43:22.083" endtime="20200205 20:43:22.087"></status>
</kw>
<kw name="Sending Requests to the server" library="request_manager">
<kw name="Request Pre Processing" library="multiprocess_requestManager">
<doc>:param url_arrays:
:return:</doc>
<arguments>
<arg>${reshape_urls}</arg>
</arguments>
<assign>
<var>${request_segment}</var>
</assign>
<msg timestamp="20200205 20:43:23.539" level="INFO">Exception in thread Thread-2:
Traceback (most recent call last):
  File "C:\Users\shivam.raghuwanshi\AppData\Local\Programs\Python\Python37-32\lib\threading.py", line 926, in _bootstrap_inner
    self.run()
  File "C:\Users\shivam.raghuwanshi\AppData\Local\Programs\Python\Python37-32\lib\threading.py", line 870, in run
    self._target(*self._args, **self._kwargs)
  File "C:\Users\shivam.raghuwanshi\PycharmProjects\API_POC\PythonScripts\multiprocess_requestManager.py", line 47, in call_request_processors
    request_process(url_seg_number)
  File "C:\Users\shivam.raghuwanshi\PycharmProjects\API_POC\PythonScripts\multiprocess_requestManager.py", line 87, in request_process
    total_null_count = total_null_count +null_counter1+null_counter2
TypeError: unsupported operand type(s) for +: 'int' and 'list'

Exception in thread Thread-1:
Traceback (most recent call last):
  File "C:\Users\shivam.raghuwanshi\AppData\Local\Programs\Python\Python37-32\lib\threading.py", line 926, in _bootstrap_inner
    self.run()
  File "C:\Users\shivam.raghuwanshi\AppData\Local\Programs\Python\Python37-32\lib\threading.py", line 870, in run
    self._target(*self._args, **self._kwargs)
  File "C:\Users\shivam.raghuwanshi\PycharmProjects\API_POC\PythonScripts\multiprocess_requestManager.py", line 47, in call_request_processors
    request_process(url_seg_number)
  File "C:\Users\shivam.raghuwanshi\PycharmProjects\API_POC\PythonScripts\multiprocess_requestManager.py", line 87, in request_process
    total_null_count = total_null_count +null_counter1+null_counter2
TypeError: unsupported operand type(s) for +: 'int' and 'list'</msg>
<msg timestamp="20200205 20:43:23.540" level="INFO">${request_segment} = (19328, 0)</msg>
<status status="PASS" starttime="20200205 20:43:22.088" endtime="20200205 20:43:23.540"></status>
</kw>
<kw name="Log To Console" library="BuiltIn">
<doc>Logs the given message to the console.</doc>
<arguments>
<arg>${request_segment}</arg>
</arguments>
<status status="PASS" starttime="20200205 20:43:23.540" endtime="20200205 20:43:23.541"></status>
</kw>
<kw name="Log" library="BuiltIn">
<doc>Logs the given message with the given level.</doc>
<arguments>
<arg>${request_segment}</arg>
</arguments>
<msg timestamp="20200205 20:43:23.541" level="INFO">(19328, 0)</msg>
<status status="PASS" starttime="20200205 20:43:23.541" endtime="20200205 20:43:23.541"></status>
</kw>
<status status="PASS" starttime="20200205 20:43:22.087" endtime="20200205 20:43:23.542"></status>
</kw>
<status status="PASS" starttime="20200205 20:43:22.082" endtime="20200205 20:43:23.542" critical="yes"></status>
</test>
<doc>This file will cover the user story</doc>
<status status="PASS" starttime="20200205 20:43:21.062" endtime="20200205 20:43:23.543"></status>
</suite>
<statistics>
<total>
<stat pass="2" fail="0">Critical Tests</stat>
<stat pass="2" fail="0">All Tests</stat>
</total>
<tag>
</tag>
<suite>
<stat pass="2" fail="0" id="s1" name="testCase1">testCase1</stat>
</suite>
</statistics>
<errors>
</errors>
</robot>
