<?xml version="1.0" encoding="UTF-8"?>
<robot generator="Robot 3.1.2 (Python 3.7.4 on win32)" generated="20200206 13:25:30.289" rpa="false">
<suite id="s1" name="testCase1" source="C:\Users\shivam.raghuwanshi\PycharmProjects\API_POC\TestCases\testCase1.robot">
<test id="s1-t1" name="1. Array of all the URLs given in csv should get created and verifed">
<kw name="Initialize URL Array from CSV" library="generate_URLs">
<arguments>
<arg>${csv_path}</arg>
</arguments>
<kw name="Read Csv File" library="csvLibrary">
<doc>This creates a keyword named "Read CSV File"</doc>
<arguments>
<arg>${csv_path}</arg>
</arguments>
<assign>
<var>${urls}</var>
</assign>
<msg timestamp="20200206 13:25:31.201" level="INFO">${urls} = [['https://bit.ly/2MMhOhs', 'https://bit.ly/2MMhOhs', 'https://bit.ly/2MMhOhs', 'https://bit.ly/2MMhOhs', 'https://bit.ly/2MMhOhs', 'https://bit.ly/2MMhOhs', 'https://bit.ly/2MMhOhs', 'https://bit.ly/...</msg>
<status status="PASS" starttime="20200206 13:25:31.201" endtime="20200206 13:25:31.201"></status>
</kw>
<kw name="Set Global Variable" library="BuiltIn">
<doc>Makes a variable available globally in all tests and suites.</doc>
<arguments>
<arg>${urls}</arg>
</arguments>
<msg timestamp="20200206 13:25:31.205" level="INFO">${urls} = [['https://bit.ly/2MMhOhs', 'https://bit.ly/2MMhOhs', 'https://bit.ly/2MMhOhs', 'https://bit.ly/2MMhOhs', 'https://bit.ly/2MMhOhs', 'https://bit.ly/2MMhOhs', 'https://bit.ly/2MMhOhs', 'https://bit.ly/...</msg>
<status status="PASS" starttime="20200206 13:25:31.201" endtime="20200206 13:25:31.205"></status>
</kw>
<kw name="Flat Array" library="arrayProcessor">
<doc>This creates a keyword named "flat array"</doc>
<arguments>
<arg>${urls}</arg>
</arguments>
<assign>
<var>${urls}</var>
</assign>
<msg timestamp="20200206 13:25:31.205" level="INFO">${urls} = ['https://bit.ly/2MMhOhs', 'https://bit.ly/2MMhOhs', 'https://bit.ly/2MMhOhs', 'https://bit.ly/2MMhOhs', 'https://bit.ly/2MMhOhs', 'https://bit.ly/2MMhOhs', 'https://bit.ly/2MMhOhs', 'https://bit.ly/2...</msg>
<status status="PASS" starttime="20200206 13:25:31.205" endtime="20200206 13:25:31.205"></status>
</kw>
<kw name="Set Global Variable" library="BuiltIn">
<doc>Makes a variable available globally in all tests and suites.</doc>
<arguments>
<arg>${urls}</arg>
</arguments>
<msg timestamp="20200206 13:25:31.205" level="INFO">${urls} = ['https://bit.ly/2MMhOhs', 'https://bit.ly/2MMhOhs', 'https://bit.ly/2MMhOhs', 'https://bit.ly/2MMhOhs', 'https://bit.ly/2MMhOhs', 'https://bit.ly/2MMhOhs', 'https://bit.ly/2MMhOhs', 'https://bit.ly/2...</msg>
<status status="PASS" starttime="20200206 13:25:31.205" endtime="20200206 13:25:31.205"></status>
</kw>
<status status="PASS" starttime="20200206 13:25:31.197" endtime="20200206 13:25:31.205"></status>
</kw>
<kw name="URL Array verified" library="generate_URLs">
<arguments>
<arg>${csv_path}</arg>
</arguments>
<kw name="Verify Array" library="csvLibrary">
<doc>This creates a keyword "verify URL array"</doc>
<arguments>
<arg>${urls}</arg>
<arg>${csv_path}</arg>
</arguments>
<status status="PASS" starttime="20200206 13:25:31.205" endtime="20200206 13:25:31.205"></status>
</kw>
<status status="PASS" starttime="20200206 13:25:31.205" endtime="20200206 13:25:31.209"></status>
</kw>
<status status="PASS" starttime="20200206 13:25:31.197" endtime="20200206 13:25:31.209" critical="yes"></status>
</test>
<test id="s1-t2" name="2. Array URL distribution and corresponding Request-hit should get completed successfully">
<kw name="Create Multiple URL Arrays Instance" library="generate_URLs">
<arguments>
<arg>${batch_size}</arg>
</arguments>
<kw name="Reshape Array" library="arrayProcessor">
<doc>This creates a keyword named "url array list"</doc>
<arguments>
<arg>${urls}</arg>
<arg>${batch_size}</arg>
</arguments>
<assign>
<var>${reshape_urls}</var>
<var>${total_urls}</var>
<var>${number_arrays}</var>
</assign>
<msg timestamp="20200206 13:25:31.213" level="INFO">${reshape_urls} = [['https://bit.ly/2MMhOhs' 'https://bit.ly/2MMhOhs'
  'https://bit.ly/2MMhOhs' 'https://bit.ly/2MMhOhs'
  'https://bit.ly/2MMhOhs']
 ['https://bit.ly/2MMhOhs' 'https://bit.ly/2MMhOhs'
  'https://bit.l...</msg>
<msg timestamp="20200206 13:25:31.213" level="INFO">${total_urls} = 30</msg>
<msg timestamp="20200206 13:25:31.213" level="INFO">${number_arrays} = 6</msg>
<status status="PASS" starttime="20200206 13:25:31.209" endtime="20200206 13:25:31.213"></status>
</kw>
<kw name="Set Global Variable" library="BuiltIn">
<doc>Makes a variable available globally in all tests and suites.</doc>
<arguments>
<arg>${reshape_urls}</arg>
</arguments>
<msg timestamp="20200206 13:25:31.213" level="INFO">${reshape_urls} = [['https://bit.ly/2MMhOhs' 'https://bit.ly/2MMhOhs'
  'https://bit.ly/2MMhOhs' 'https://bit.ly/2MMhOhs'
  'https://bit.ly/2MMhOhs']
 ['https://bit.ly/2MMhOhs' 'https://bit.ly/2MMhOhs'
  'https://bit.l...</msg>
<status status="PASS" starttime="20200206 13:25:31.213" endtime="20200206 13:25:31.213"></status>
</kw>
<kw name="Set Global Variable" library="BuiltIn">
<doc>Makes a variable available globally in all tests and suites.</doc>
<arguments>
<arg>${total_urls}</arg>
</arguments>
<msg timestamp="20200206 13:25:31.213" level="INFO">${total_urls} = 30</msg>
<status status="PASS" starttime="20200206 13:25:31.213" endtime="20200206 13:25:31.213"></status>
</kw>
<kw name="Set Global Variable" library="BuiltIn">
<doc>Makes a variable available globally in all tests and suites.</doc>
<arguments>
<arg>${number_arrays}</arg>
</arguments>
<msg timestamp="20200206 13:25:31.213" level="INFO">${number_arrays} = 6</msg>
<status status="PASS" starttime="20200206 13:25:31.213" endtime="20200206 13:25:31.213"></status>
</kw>
<status status="PASS" starttime="20200206 13:25:31.209" endtime="20200206 13:25:31.213"></status>
</kw>
<kw name="Verify the Numbser of URL Arrays created" library="generate_URLs">
<kw name="Log To Console" library="BuiltIn">
<doc>Logs the given message to the console.</doc>
<arguments>
<arg>${total_urls}</arg>
</arguments>
<status status="PASS" starttime="20200206 13:25:31.217" endtime="20200206 13:25:31.217"></status>
</kw>
<kw name="Log To Console" library="BuiltIn">
<doc>Logs the given message to the console.</doc>
<arguments>
<arg>${number_arrays}</arg>
</arguments>
<status status="PASS" starttime="20200206 13:25:31.217" endtime="20200206 13:25:31.217"></status>
</kw>
<status status="PASS" starttime="20200206 13:25:31.213" endtime="20200206 13:25:31.217"></status>
</kw>
<kw name="Sending Requests to the server" library="request_manager">
<kw name="Request Pre Processing" library="multiprocess_requestManager">
<doc>:param url_arrays:
:return:</doc>
<arguments>
<arg>${reshape_urls}</arg>
</arguments>
<assign>
<var>${request_segment}</var>
</assign>
<msg timestamp="20200206 13:25:59.090" level="INFO">${request_segment} = (289920, 6480)</msg>
<status status="PASS" starttime="20200206 13:25:31.217" endtime="20200206 13:25:59.094"></status>
</kw>
<kw name="Log To Console" library="BuiltIn">
<doc>Logs the given message to the console.</doc>
<arguments>
<arg>${request_segment}</arg>
</arguments>
<status status="PASS" starttime="20200206 13:25:59.094" endtime="20200206 13:25:59.094"></status>
</kw>
<kw name="Log" library="BuiltIn">
<doc>Logs the given message with the given level.</doc>
<arguments>
<arg>${request_segment}</arg>
</arguments>
<msg timestamp="20200206 13:25:59.094" level="INFO">(289920, 6480)</msg>
<status status="PASS" starttime="20200206 13:25:59.094" endtime="20200206 13:25:59.094"></status>
</kw>
<status status="PASS" starttime="20200206 13:25:31.217" endtime="20200206 13:25:59.094"></status>
</kw>
<status status="PASS" starttime="20200206 13:25:31.209" endtime="20200206 13:25:59.094" critical="yes"></status>
</test>
<doc>This file will cover the user story</doc>
<status status="PASS" starttime="20200206 13:25:30.301" endtime="20200206 13:25:59.098"></status>
</suite>
<statistics>
<total>
<stat pass="2" fail="0">Critical Tests</stat>
<stat pass="2" fail="0">All Tests</stat>
</total>
<tag>
</tag>
<suite>
<stat pass="2" fail="0" id="s1" name="testCase1">testCase1</stat>
</suite>
</statistics>
<errors>
</errors>
</robot>
